10:59:51.103 INFO  manager.ApplicationManager - All tests start in ChromeDriver
10:59:52.506 INFO  tests.MainTests - Start test --->public void tests.Login.loginSuccessNew1()
10:59:52.510 INFO  manager.MyListener - 'Start find' element--->By.xpath: //a[text()=' Logout ']
10:59:57.530 INFO  manager.MyListener - The element with locator --->By.xpath: //a[text()=' Logout ']<----was found
10:59:57.533 INFO  manager.MyListener - 'Start find' element--->By.xpath: //a[text()=' Log in ']
10:59:57.558 INFO  manager.MyListener - The element with locator --->By.xpath: //a[text()=' Log in ']<----was found
10:59:57.647 INFO  manager.MyListener - 'Start find' element--->By.xpath: //input[@id='email']
10:59:57.662 INFO  manager.MyListener - The element with locator --->By.xpath: //input[@id='email']<----was found
10:59:57.780 INFO  manager.MyListener - 'Start find' element--->By.xpath: //input[@id='password']
10:59:57.793 INFO  manager.MyListener - The element with locator --->By.xpath: //input[@id='password']<----was found
10:59:57.898 INFO  manager.MyListener - 'Start find' element--->By.cssSelector: [type='submit']
10:59:57.910 INFO  manager.MyListener - The element with locator --->By.cssSelector: [type='submit']<----was found
10:59:58.017 INFO  manager.MyListener - 'Start find' element--->By.cssSelector: [type='submit']
10:59:58.025 INFO  manager.MyListener - The element with locator --->By.cssSelector: [type='submit']<----was found
10:59:59.070 INFO  manager.MyListener - 'Start find' element--->By.cssSelector: .dialog-container
10:59:59.094 INFO  manager.MyListener - The element with locator --->By.cssSelector: .dialog-container<----was found
10:59:59.129 INFO  manager.MyListener - 'Start find' element--->By.cssSelector: .dialog-container h2
10:59:59.148 INFO  manager.MyListener - The element with locator --->By.cssSelector: .dialog-container h2<----was found
10:59:59.173 INFO  tests.MainTests - Test 'loginSuccessNew1' passed successfully
10:59:59.176 INFO  manager.MyListener - 'Start find' element--->By.xpath: //button[text()='Ok']
10:59:59.195 INFO  manager.MyListener - The element with locator --->By.xpath: //button[text()='Ok']<----was found
10:59:59.196 INFO  manager.MyListener - 'Start find' element--->By.xpath: //button[text()='Ok']
10:59:59.216 INFO  manager.MyListener - The element with locator --->By.xpath: //button[text()='Ok']<----was found
10:59:59.267 INFO  tests.MainTests - End of testloginSuccessNew1
