19:53:31.794 INFO  manager.ApplicationManager - All tests start in FirefoxDriver
19:53:33.798 INFO  tests.MainTests - Start test --->addNewCarSuccess
19:53:33.802 INFO  manager.MyListener - 'Start find' element--->By.xpath: //a[text()=' Logout ']
19:53:38.848 INFO  manager.MyListener - The element with locator --->By.xpath: //a[text()=' Logout ']<----was found
19:53:38.849 INFO  manager.MyListener - 'Start find' element--->By.xpath: //a[text()=' Log in ']
19:53:38.865 INFO  manager.MyListener - The element with locator --->By.xpath: //a[text()=' Log in ']<----was found
19:53:39.161 INFO  manager.MyListener - 'Start find' element--->By.id: email
19:53:39.171 INFO  manager.MyListener - The element with locator --->By.id: email<----was found
19:53:39.476 INFO  manager.MyListener - 'Start find' element--->By.id: password
19:53:39.482 INFO  manager.MyListener - The element with locator --->By.id: password<----was found
19:53:39.745 INFO  manager.MyListener - 'Start find' element--->By.cssSelector: [type='submit']
19:53:39.755 INFO  manager.MyListener - The element with locator --->By.cssSelector: [type='submit']<----was found
19:53:39.819 INFO  manager.MyListener - 'Start find' element--->By.cssSelector: [type='submit']
19:53:39.824 INFO  manager.MyListener - The element with locator --->By.cssSelector: [type='submit']<----was found
19:53:40.068 INFO  manager.MyListener - 'Start find' element--->By.xpath: //button[text()='Ok']
19:53:40.449 INFO  manager.MyListener - The element with locator --->By.xpath: //button[text()='Ok']<----was found
19:53:40.450 INFO  manager.MyListener - 'Start find' element--->By.xpath: //button[text()='Ok']
19:53:40.457 INFO  manager.MyListener - The element with locator --->By.xpath: //button[text()='Ok']<----was found
19:53:40.711 INFO  tests.MainTests - Test start with user -->  User{email='missira85@gmail.com', password='Irinka777$', name='null', lastNAme='null', phone='null'}
19:53:40.719 INFO  tests.MainTests -  'Car Reg number' 100-223220
19:53:41.722 INFO  manager.MyListener - 'Start find' element--->By.id: 1
19:53:41.733 INFO  manager.MyListener - The element with locator --->By.id: 1<----was found
19:53:42.062 INFO  manager.MyListener - 'Start find' element--->By.id: pickUpPlace
19:53:42.073 INFO  manager.MyListener - The element with locator --->By.id: pickUpPlace<----was found
19:53:42.402 INFO  manager.MyListener - 'Start find' element--->By.cssSelector: .pac-item
19:53:42.798 INFO  manager.MyListener - The element with locator --->By.cssSelector: .pac-item<----was found
19:53:44.015 INFO  manager.MyListener - 'Start find' element--->By.id: make
19:53:44.026 INFO  manager.MyListener - The element with locator --->By.id: make<----was found
19:53:44.282 INFO  manager.MyListener - 'Start find' element--->By.id: model
19:53:44.292 INFO  manager.MyListener - The element with locator --->By.id: model<----was found
19:53:44.547 INFO  manager.MyListener - 'Start find' element--->By.id: year
19:53:44.557 INFO  manager.MyListener - The element with locator --->By.id: year<----was found
19:53:44.833 INFO  manager.MyListener - 'Start find' element--->By.id: engine
19:53:44.853 INFO  manager.MyListener - The element with locator --->By.id: engine<----was found
19:53:45.114 INFO  manager.MyListener - 'Start find' element--->By.id: fuel
19:53:45.120 INFO  manager.MyListener - The element with locator --->By.id: fuel<----was found
19:53:45.132 INFO  manager.MyListener - 'Start find' element--->By.xpath: .//option[@value = "Petrol"]
19:53:45.138 INFO  manager.MyListener - The element with locator --->By.xpath: .//option[@value = "Petrol"]<----was found
19:53:45.364 INFO  manager.MyListener - 'Start find' element--->By.id: gear
19:53:45.369 INFO  manager.MyListener - The element with locator --->By.id: gear<----was found
19:53:45.380 INFO  manager.MyListener - 'Start find' element--->By.xpath: .//option[@value = "MT"]
19:53:45.387 INFO  manager.MyListener - The element with locator --->By.xpath: .//option[@value = "MT"]<----was found
19:53:45.616 INFO  manager.MyListener - 'Start find' element--->By.id: wheelsDrive
19:53:45.627 INFO  manager.MyListener - The element with locator --->By.id: wheelsDrive<----was found
19:53:45.649 INFO  manager.MyListener - 'Start find' element--->By.xpath: .//option[@value = "AWD"]
19:53:45.658 INFO  manager.MyListener - The element with locator --->By.xpath: .//option[@value = "AWD"]<----was found
19:53:45.896 INFO  manager.MyListener - 'Start find' element--->By.id: doors
19:53:45.905 INFO  manager.MyListener - The element with locator --->By.id: doors<----was found
19:53:46.158 INFO  manager.MyListener - 'Start find' element--->By.id: seats
19:53:46.167 INFO  manager.MyListener - The element with locator --->By.id: seats<----was found
19:53:46.421 INFO  manager.MyListener - 'Start find' element--->By.id: class
19:53:46.429 INFO  manager.MyListener - The element with locator --->By.id: class<----was found
19:53:46.681 INFO  manager.MyListener - 'Start find' element--->By.id: fuelConsumption
19:53:46.691 INFO  manager.MyListener - The element with locator --->By.id: fuelConsumption<----was found
19:53:46.950 INFO  manager.MyListener - 'Start find' element--->By.id: serialNumber
19:53:46.959 INFO  manager.MyListener - The element with locator --->By.id: serialNumber<----was found
19:53:47.238 INFO  manager.MyListener - 'Start find' element--->By.id: price
19:53:47.245 INFO  manager.MyListener - The element with locator --->By.id: price<----was found
19:53:47.506 INFO  manager.MyListener - 'Start find' element--->By.id: distance
19:53:47.514 INFO  manager.MyListener - The element with locator --->By.id: distance<----was found
19:53:47.767 INFO  manager.MyListener - 'Start find' element--->By.cssSelector: .feature-input
19:53:47.775 INFO  manager.MyListener - The element with locator --->By.cssSelector: .feature-input<----was found
19:53:48.031 INFO  manager.MyListener - 'Start find' element--->By.id: about
19:53:48.039 INFO  manager.MyListener - The element with locator --->By.id: about<----was found
19:53:48.318 INFO  manager.MyListener - 'Start find' element--->By.id: photos
19:53:48.326 INFO  manager.MyListener - The element with locator --->By.id: photos<----was found
19:53:48.382 INFO  tests.MainTests - Attach photo --> /home/i-istomin/TelRan/SYSTEMS/Ilcarro_Test/orange-car.png
19:53:48.383 INFO  manager.MyListener - 'Start find' element--->By.cssSelector: [type='submit']
19:53:48.389 INFO  manager.MyListener - The element with locator --->By.cssSelector: [type='submit']<----was found
19:53:50.096 INFO  manager.MyListener - 'Start find' element--->By.cssSelector: [type='submit']
19:53:50.104 INFO  manager.MyListener - The element with locator --->By.cssSelector: [type='submit']<----was found
19:53:50.341 INFO  manager.MyListener - 'Start find' element--->By.cssSelector: div.dialog-container
19:53:51.287 INFO  manager.MyListener - The element with locator --->By.cssSelector: div.dialog-container<----was found
19:53:51.317 INFO  manager.MyListener - 'Start find' element--->By.cssSelector: div.dialog-container h1
19:53:51.326 INFO  manager.MyListener - The element with locator --->By.cssSelector: div.dialog-container h1<----was found
19:53:51.350 INFO  manager.MyListener - 'Start find' element--->By.xpath: //button[text()='Search cars']
19:53:51.358 INFO  manager.MyListener - The element with locator --->By.xpath: //button[text()='Search cars']<----was found
19:53:51.611 INFO  manager.MyListener - 'Start find' element--->By.xpath: //a[text()=' Logout ']
19:53:51.620 INFO  manager.MyListener - The element with locator --->By.xpath: //a[text()=' Logout ']<----was found
19:53:51.621 INFO  manager.MyListener - 'Start find' element--->By.xpath: //*[text()=' Logout ']
19:53:51.628 INFO  manager.MyListener - The element with locator --->By.xpath: //*[text()=' Logout ']<----was found
19:53:51.884 INFO  tests.MainTests - Test needs logout
19:53:51.885 INFO  tests.MainTests - Start testloginModelCSVDataProvider
19:53:51.887 INFO  tests.MainTests - start testloginModelCSVDataProvider
19:53:51.888 INFO  manager.MyListener - 'Start find' element--->By.xpath: //a[text()=' Log in ']
19:53:51.896 INFO  manager.MyListener - The element with locator --->By.xpath: //a[text()=' Log in ']<----was found
19:53:52.159 INFO  manager.MyListener - 'Start find' element--->By.id: email
19:53:52.168 INFO  manager.MyListener - The element with locator --->By.id: email<----was found
19:53:52.448 INFO  manager.MyListener - 'Start find' element--->By.id: password
19:53:52.453 INFO  manager.MyListener - The element with locator --->By.id: password<----was found
19:53:52.697 INFO  manager.MyListener - 'Start find' element--->By.cssSelector: [type='submit']
19:53:52.702 INFO  manager.MyListener - The element with locator --->By.cssSelector: [type='submit']<----was found
19:53:52.724 INFO  manager.MyListener - 'Start find' element--->By.cssSelector: [type='submit']
19:53:52.729 INFO  manager.MyListener - The element with locator --->By.cssSelector: [type='submit']<----was found
19:53:53.946 INFO  manager.MyListener - 'Start find' element--->By.cssSelector: .dialog-container
19:53:53.955 INFO  manager.MyListener - The element with locator --->By.cssSelector: .dialog-container<----was found
19:53:53.991 INFO  manager.MyListener - 'Start find' element--->By.cssSelector: .dialog-container h2
19:53:53.999 INFO  manager.MyListener - The element with locator --->By.cssSelector: .dialog-container h2<----was found
19:53:54.013 INFO  manager.MyListener - 'Start find' element--->By.xpath: //button[text()='Ok']
19:53:54.021 INFO  manager.MyListener - The element with locator --->By.xpath: //button[text()='Ok']<----was found
19:53:54.021 INFO  manager.MyListener - 'Start find' element--->By.xpath: //button[text()='Ok']
19:53:54.029 INFO  manager.MyListener - The element with locator --->By.xpath: //button[text()='Ok']<----was found
19:53:54.255 INFO  tests.MainTests - End of testloginModelCSVDataProvider
19:53:54.257 INFO  manager.MyListener - 'Start find' element--->By.xpath: //a[text()=' Logout ']
19:53:54.266 INFO  manager.MyListener - The element with locator --->By.xpath: //a[text()=' Logout ']<----was found
19:53:54.267 INFO  manager.MyListener - 'Start find' element--->By.xpath: //*[text()=' Logout ']
19:53:54.275 INFO  manager.MyListener - The element with locator --->By.xpath: //*[text()=' Logout ']<----was found
19:53:54.549 INFO  tests.MainTests - Test needs logout
19:53:54.550 INFO  tests.MainTests - Start testloginModelCSVDataProvider
19:53:54.551 INFO  tests.MainTests - start testloginModelCSVDataProvider
19:53:54.552 INFO  manager.MyListener - 'Start find' element--->By.xpath: //a[text()=' Log in ']
19:53:54.561 INFO  manager.MyListener - The element with locator --->By.xpath: //a[text()=' Log in ']<----was found
19:53:54.824 INFO  manager.MyListener - 'Start find' element--->By.id: email
19:53:54.833 INFO  manager.MyListener - The element with locator --->By.id: email<----was found
19:53:55.124 INFO  manager.MyListener - 'Start find' element--->By.id: password
19:53:55.129 INFO  manager.MyListener - The element with locator --->By.id: password<----was found
19:53:55.391 INFO  manager.MyListener - 'Start find' element--->By.cssSelector: [type='submit']
19:53:55.399 INFO  manager.MyListener - The element with locator --->By.cssSelector: [type='submit']<----was found
19:53:55.440 INFO  manager.MyListener - 'Start find' element--->By.cssSelector: [type='submit']
19:53:55.447 INFO  manager.MyListener - The element with locator --->By.cssSelector: [type='submit']<----was found
19:53:56.678 INFO  manager.MyListener - 'Start find' element--->By.cssSelector: .dialog-container
19:53:56.686 INFO  manager.MyListener - The element with locator --->By.cssSelector: .dialog-container<----was found
19:53:56.717 INFO  manager.MyListener - 'Start find' element--->By.cssSelector: .dialog-container h2
19:53:56.725 INFO  manager.MyListener - The element with locator --->By.cssSelector: .dialog-container h2<----was found
19:53:56.736 INFO  manager.MyListener - 'Start find' element--->By.xpath: //button[text()='Ok']
19:53:56.744 INFO  manager.MyListener - The element with locator --->By.xpath: //button[text()='Ok']<----was found
19:53:56.745 INFO  manager.MyListener - 'Start find' element--->By.xpath: //button[text()='Ok']
19:53:56.752 INFO  manager.MyListener - The element with locator --->By.xpath: //button[text()='Ok']<----was found
19:53:56.976 INFO  tests.MainTests - End of testloginModelCSVDataProvider
19:53:56.978 INFO  manager.MyListener - 'Start find' element--->By.xpath: //a[text()=' Logout ']
19:53:56.987 INFO  manager.MyListener - The element with locator --->By.xpath: //a[text()=' Logout ']<----was found
19:53:56.988 INFO  manager.MyListener - 'Start find' element--->By.xpath: //*[text()=' Logout ']
19:53:56.996 INFO  manager.MyListener - The element with locator --->By.xpath: //*[text()=' Logout ']<----was found
19:53:57.259 INFO  tests.MainTests - Test needs logout
19:53:57.259 INFO  tests.MainTests - Start testloginModelCSVDataProvider
19:53:57.260 INFO  tests.MainTests - start testloginModelCSVDataProvider
19:53:57.261 INFO  manager.MyListener - 'Start find' element--->By.xpath: //a[text()=' Log in ']
19:53:57.269 INFO  manager.MyListener - The element with locator --->By.xpath: //a[text()=' Log in ']<----was found
19:53:57.545 INFO  manager.MyListener - 'Start find' element--->By.id: email
19:53:57.553 INFO  manager.MyListener - The element with locator --->By.id: email<----was found
19:53:57.857 INFO  manager.MyListener - 'Start find' element--->By.id: password
19:53:57.861 INFO  manager.MyListener - The element with locator --->By.id: password<----was found
19:53:58.122 INFO  manager.MyListener - 'Start find' element--->By.cssSelector: [type='submit']
19:53:58.130 INFO  manager.MyListener - The element with locator --->By.cssSelector: [type='submit']<----was found
19:53:58.170 INFO  manager.MyListener - 'Start find' element--->By.cssSelector: [type='submit']
19:53:58.176 INFO  manager.MyListener - The element with locator --->By.cssSelector: [type='submit']<----was found
19:53:59.400 INFO  manager.MyListener - 'Start find' element--->By.cssSelector: .dialog-container
19:53:59.408 INFO  manager.MyListener - The element with locator --->By.cssSelector: .dialog-container<----was found
19:53:59.440 INFO  manager.MyListener - 'Start find' element--->By.cssSelector: .dialog-container h2
19:53:59.448 INFO  manager.MyListener - The element with locator --->By.cssSelector: .dialog-container h2<----was found
19:53:59.460 INFO  manager.MyListener - 'Start find' element--->By.xpath: //button[text()='Ok']
19:53:59.470 INFO  manager.MyListener - The element with locator --->By.xpath: //button[text()='Ok']<----was found
19:53:59.470 INFO  manager.MyListener - 'Start find' element--->By.xpath: //button[text()='Ok']
19:53:59.478 INFO  manager.MyListener - The element with locator --->By.xpath: //button[text()='Ok']<----was found
19:53:59.700 INFO  tests.MainTests - End of testloginModelCSVDataProvider
19:53:59.703 INFO  manager.MyListener - 'Start find' element--->By.xpath: //a[text()=' Logout ']
19:53:59.711 INFO  manager.MyListener - The element with locator --->By.xpath: //a[text()=' Logout ']<----was found
19:53:59.711 INFO  manager.MyListener - 'Start find' element--->By.xpath: //*[text()=' Logout ']
19:53:59.720 INFO  manager.MyListener - The element with locator --->By.xpath: //*[text()=' Logout ']<----was found
19:53:59.992 INFO  tests.MainTests - Test needs logout
19:53:59.992 INFO  tests.MainTests - Start testloginModelDataProvider
19:53:59.993 INFO  tests.MainTests - start testloginModelDataProvider
19:53:59.994 INFO  manager.MyListener - 'Start find' element--->By.xpath: //a[text()=' Log in ']
19:54:00.002 INFO  manager.MyListener - The element with locator --->By.xpath: //a[text()=' Log in ']<----was found
19:54:00.261 INFO  manager.MyListener - 'Start find' element--->By.id: email
19:54:00.269 INFO  manager.MyListener - The element with locator --->By.id: email<----was found
19:54:00.542 INFO  manager.MyListener - 'Start find' element--->By.id: password
19:54:00.547 INFO  manager.MyListener - The element with locator --->By.id: password<----was found
19:54:00.804 INFO  manager.MyListener - 'Start find' element--->By.cssSelector: [type='submit']
19:54:00.812 INFO  manager.MyListener - The element with locator --->By.cssSelector: [type='submit']<----was found
19:54:00.894 INFO  manager.MyListener - 'Start find' element--->By.cssSelector: [type='submit']
19:54:00.901 INFO  manager.MyListener - The element with locator --->By.cssSelector: [type='submit']<----was found
19:54:02.134 INFO  manager.MyListener - 'Start find' element--->By.cssSelector: .dialog-container
19:54:02.143 INFO  manager.MyListener - The element with locator --->By.cssSelector: .dialog-container<----was found
19:54:02.178 INFO  manager.MyListener - 'Start find' element--->By.cssSelector: .dialog-container h2
19:54:02.186 INFO  manager.MyListener - The element with locator --->By.cssSelector: .dialog-container h2<----was found
19:54:02.199 INFO  manager.MyListener - 'Start find' element--->By.xpath: //button[text()='Ok']
19:54:02.207 INFO  manager.MyListener - The element with locator --->By.xpath: //button[text()='Ok']<----was found
19:54:02.208 INFO  manager.MyListener - 'Start find' element--->By.xpath: //button[text()='Ok']
19:54:02.215 INFO  manager.MyListener - The element with locator --->By.xpath: //button[text()='Ok']<----was found
19:54:02.440 INFO  tests.MainTests - End of testloginModelDataProvider
19:54:02.442 INFO  manager.MyListener - 'Start find' element--->By.xpath: //a[text()=' Logout ']
19:54:02.451 INFO  manager.MyListener - The element with locator --->By.xpath: //a[text()=' Logout ']<----was found
19:54:02.451 INFO  manager.MyListener - 'Start find' element--->By.xpath: //*[text()=' Logout ']
19:54:02.459 INFO  manager.MyListener - The element with locator --->By.xpath: //*[text()=' Logout ']<----was found
19:54:02.728 INFO  tests.MainTests - Test needs logout
19:54:02.728 INFO  tests.MainTests - Start testloginModelDataProvider
19:54:02.730 INFO  tests.MainTests - start testloginModelDataProvider
19:54:02.731 INFO  manager.MyListener - 'Start find' element--->By.xpath: //a[text()=' Log in ']
19:54:02.739 INFO  manager.MyListener - The element with locator --->By.xpath: //a[text()=' Log in ']<----was found
19:54:02.997 INFO  manager.MyListener - 'Start find' element--->By.id: email
19:54:03.005 INFO  manager.MyListener - The element with locator --->By.id: email<----was found
19:54:03.280 INFO  manager.MyListener - 'Start find' element--->By.id: password
19:54:03.286 INFO  manager.MyListener - The element with locator --->By.id: password<----was found
19:54:03.543 INFO  manager.MyListener - 'Start find' element--->By.cssSelector: [type='submit']
19:54:03.554 INFO  manager.MyListener - The element with locator --->By.cssSelector: [type='submit']<----was found
19:54:03.597 INFO  manager.MyListener - 'Start find' element--->By.cssSelector: [type='submit']
19:54:03.603 INFO  manager.MyListener - The element with locator --->By.cssSelector: [type='submit']<----was found
19:54:04.832 INFO  manager.MyListener - 'Start find' element--->By.cssSelector: .dialog-container
19:54:04.843 INFO  manager.MyListener - The element with locator --->By.cssSelector: .dialog-container<----was found
19:54:04.875 INFO  manager.MyListener - 'Start find' element--->By.cssSelector: .dialog-container h2
19:54:04.882 INFO  manager.MyListener - The element with locator --->By.cssSelector: .dialog-container h2<----was found
19:54:04.893 INFO  manager.MyListener - 'Start find' element--->By.xpath: //button[text()='Ok']
19:54:04.901 INFO  manager.MyListener - The element with locator --->By.xpath: //button[text()='Ok']<----was found
19:54:04.901 INFO  manager.MyListener - 'Start find' element--->By.xpath: //button[text()='Ok']
19:54:04.908 INFO  manager.MyListener - The element with locator --->By.xpath: //button[text()='Ok']<----was found
19:54:05.130 INFO  tests.MainTests - End of testloginModelDataProvider
19:54:05.132 INFO  manager.MyListener - 'Start find' element--->By.xpath: //a[text()=' Logout ']
19:54:05.144 INFO  manager.MyListener - The element with locator --->By.xpath: //a[text()=' Logout ']<----was found
19:54:05.144 INFO  manager.MyListener - 'Start find' element--->By.xpath: //*[text()=' Logout ']
19:54:05.151 INFO  manager.MyListener - The element with locator --->By.xpath: //*[text()=' Logout ']<----was found
19:54:05.411 INFO  tests.MainTests - Test needs logout
19:54:05.411 INFO  tests.MainTests - Start testloginModelDataProvider
19:54:05.412 INFO  tests.MainTests - start testloginModelDataProvider
19:54:05.413 INFO  manager.MyListener - 'Start find' element--->By.xpath: //a[text()=' Log in ']
19:54:05.421 INFO  manager.MyListener - The element with locator --->By.xpath: //a[text()=' Log in ']<----was found
19:54:05.675 INFO  manager.MyListener - 'Start find' element--->By.id: email
19:54:05.683 INFO  manager.MyListener - The element with locator --->By.id: email<----was found
19:54:05.956 INFO  manager.MyListener - 'Start find' element--->By.id: password
19:54:05.963 INFO  manager.MyListener - The element with locator --->By.id: password<----was found
19:54:06.247 INFO  manager.MyListener - 'Start find' element--->By.cssSelector: [type='submit']
19:54:06.253 INFO  manager.MyListener - The element with locator --->By.cssSelector: [type='submit']<----was found
19:54:06.288 INFO  manager.MyListener - 'Start find' element--->By.cssSelector: [type='submit']
19:54:06.295 INFO  manager.MyListener - The element with locator --->By.cssSelector: [type='submit']<----was found
19:54:07.532 INFO  manager.MyListener - 'Start find' element--->By.cssSelector: .dialog-container
19:54:07.537 INFO  manager.MyListener - The element with locator --->By.cssSelector: .dialog-container<----was found
19:54:07.554 INFO  manager.MyListener - 'Start find' element--->By.cssSelector: .dialog-container h2
19:54:07.560 INFO  manager.MyListener - The element with locator --->By.cssSelector: .dialog-container h2<----was found
19:54:07.565 INFO  manager.MyListener - 'Start find' element--->By.xpath: //button[text()='Ok']
19:54:07.570 INFO  manager.MyListener - The element with locator --->By.xpath: //button[text()='Ok']<----was found
19:54:07.570 INFO  manager.MyListener - 'Start find' element--->By.xpath: //button[text()='Ok']
19:54:07.574 INFO  manager.MyListener - The element with locator --->By.xpath: //button[text()='Ok']<----was found
19:54:07.789 INFO  tests.MainTests - End of testloginModelDataProvider
19:54:07.791 INFO  manager.MyListener - 'Start find' element--->By.xpath: //a[text()=' Logout ']
19:54:07.799 INFO  manager.MyListener - The element with locator --->By.xpath: //a[text()=' Logout ']<----was found
19:54:07.799 INFO  manager.MyListener - 'Start find' element--->By.xpath: //*[text()=' Logout ']
19:54:07.808 INFO  manager.MyListener - The element with locator --->By.xpath: //*[text()=' Logout ']<----was found
19:54:08.075 INFO  tests.MainTests - Test needs logout
19:54:08.076 INFO  tests.MainTests - Start testloginModelDataProvider
19:54:08.077 INFO  tests.MainTests - start testloginModelDataProvider
19:54:08.077 INFO  manager.MyListener - 'Start find' element--->By.xpath: //a[text()=' Log in ']
19:54:08.082 INFO  manager.MyListener - The element with locator --->By.xpath: //a[text()=' Log in ']<----was found
19:54:08.338 INFO  manager.MyListener - 'Start find' element--->By.id: email
19:54:08.343 INFO  manager.MyListener - The element with locator --->By.id: email<----was found
19:54:08.619 INFO  manager.MyListener - 'Start find' element--->By.id: password
19:54:08.625 INFO  manager.MyListener - The element with locator --->By.id: password<----was found
19:54:08.887 INFO  manager.MyListener - 'Start find' element--->By.cssSelector: [type='submit']
19:54:08.894 INFO  manager.MyListener - The element with locator --->By.cssSelector: [type='submit']<----was found
19:54:08.936 INFO  manager.MyListener - 'Start find' element--->By.cssSelector: [type='submit']
19:54:08.942 INFO  manager.MyListener - The element with locator --->By.cssSelector: [type='submit']<----was found
19:54:10.166 INFO  manager.MyListener - 'Start find' element--->By.cssSelector: .dialog-container
19:54:10.174 INFO  manager.MyListener - The element with locator --->By.cssSelector: .dialog-container<----was found
19:54:10.205 INFO  manager.MyListener - 'Start find' element--->By.cssSelector: .dialog-container h2
19:54:10.212 INFO  manager.MyListener - The element with locator --->By.cssSelector: .dialog-container h2<----was found
19:54:10.222 INFO  manager.MyListener - 'Start find' element--->By.xpath: //button[text()='Ok']
19:54:10.236 INFO  manager.MyListener - The element with locator --->By.xpath: //button[text()='Ok']<----was found
19:54:10.237 INFO  manager.MyListener - 'Start find' element--->By.xpath: //button[text()='Ok']
19:54:10.244 INFO  manager.MyListener - The element with locator --->By.xpath: //button[text()='Ok']<----was found
19:54:10.465 INFO  tests.MainTests - End of testloginModelDataProvider
19:54:10.467 INFO  manager.MyListener - 'Start find' element--->By.xpath: //a[text()=' Logout ']
19:54:10.475 INFO  manager.MyListener - The element with locator --->By.xpath: //a[text()=' Logout ']<----was found
19:54:10.475 INFO  manager.MyListener - 'Start find' element--->By.xpath: //*[text()=' Logout ']
19:54:10.484 INFO  manager.MyListener - The element with locator --->By.xpath: //*[text()=' Logout ']<----was found
19:54:10.767 INFO  tests.MainTests - Test needs logout
19:54:10.768 INFO  tests.MainTests - Start testloginSuccessModel
19:54:10.769 INFO  tests.MainTests - start testloginSuccessModel
19:54:10.770 INFO  manager.MyListener - 'Start find' element--->By.xpath: //a[text()=' Log in ']
19:54:10.779 INFO  manager.MyListener - The element with locator --->By.xpath: //a[text()=' Log in ']<----was found
19:54:11.069 INFO  manager.MyListener - 'Start find' element--->By.id: email
19:54:11.078 INFO  manager.MyListener - The element with locator --->By.id: email<----was found
19:54:11.383 INFO  manager.MyListener - 'Start find' element--->By.id: password
19:54:11.388 INFO  manager.MyListener - The element with locator --->By.id: password<----was found
19:54:11.643 INFO  manager.MyListener - 'Start find' element--->By.cssSelector: [type='submit']
19:54:11.651 INFO  manager.MyListener - The element with locator --->By.cssSelector: [type='submit']<----was found
19:54:11.693 INFO  manager.MyListener - 'Start find' element--->By.cssSelector: [type='submit']
19:54:11.705 INFO  manager.MyListener - The element with locator --->By.cssSelector: [type='submit']<----was found
19:54:12.936 INFO  manager.MyListener - 'Start find' element--->By.cssSelector: .dialog-container
19:54:12.944 INFO  manager.MyListener - The element with locator --->By.cssSelector: .dialog-container<----was found
19:54:12.975 INFO  manager.MyListener - 'Start find' element--->By.cssSelector: .dialog-container h2
19:54:12.982 INFO  manager.MyListener - The element with locator --->By.cssSelector: .dialog-container h2<----was found
19:54:12.993 INFO  manager.MyListener - 'Start find' element--->By.xpath: //button[text()='Ok']
19:54:13.001 INFO  manager.MyListener - The element with locator --->By.xpath: //button[text()='Ok']<----was found
19:54:13.002 INFO  manager.MyListener - 'Start find' element--->By.xpath: //button[text()='Ok']
19:54:13.008 INFO  manager.MyListener - The element with locator --->By.xpath: //button[text()='Ok']<----was found
19:54:13.229 INFO  tests.MainTests - End of testloginSuccessModel
19:54:13.231 INFO  manager.MyListener - 'Start find' element--->By.xpath: //a[text()=' Logout ']
19:54:13.236 INFO  manager.MyListener - The element with locator --->By.xpath: //a[text()=' Logout ']<----was found
19:54:13.236 INFO  manager.MyListener - 'Start find' element--->By.xpath: //*[text()=' Logout ']
19:54:13.242 INFO  manager.MyListener - The element with locator --->By.xpath: //*[text()=' Logout ']<----was found
19:54:13.485 INFO  tests.MainTests - Test needs logout
19:54:13.485 INFO  tests.MainTests - Start testloginSuccessNew
19:54:13.486 INFO  tests.MainTests - start testloginSuccessNew
19:54:13.486 INFO  tests.MainTests - Start test 'loginSuccessNew' 
19:54:13.491 INFO  tests.MainTests - The test starts with emailmissira85@gmail.comand password Irinka777$
19:54:13.492 INFO  manager.MyListener - 'Start find' element--->By.xpath: //a[text()=' Log in ']
19:54:13.497 INFO  manager.MyListener - The element with locator --->By.xpath: //a[text()=' Log in ']<----was found
19:54:13.727 INFO  manager.MyListener - 'Start find' element--->By.xpath: //input[@id='email']
19:54:13.735 INFO  manager.MyListener - The element with locator --->By.xpath: //input[@id='email']<----was found
19:54:14.012 INFO  manager.MyListener - 'Start find' element--->By.xpath: //input[@id='password']
19:54:14.019 INFO  manager.MyListener - The element with locator --->By.xpath: //input[@id='password']<----was found
19:54:14.292 INFO  manager.MyListener - 'Start find' element--->By.cssSelector: [type='submit']
19:54:14.300 INFO  manager.MyListener - The element with locator --->By.cssSelector: [type='submit']<----was found
19:54:14.342 INFO  manager.MyListener - 'Start find' element--->By.cssSelector: [type='submit']
19:54:14.349 INFO  manager.MyListener - The element with locator --->By.cssSelector: [type='submit']<----was found
19:54:15.574 INFO  manager.MyListener - 'Start find' element--->By.cssSelector: .dialog-container
19:54:15.583 INFO  manager.MyListener - The element with locator --->By.cssSelector: .dialog-container<----was found
19:54:15.618 INFO  manager.MyListener - 'Start find' element--->By.cssSelector: .dialog-container h2
19:54:15.624 INFO  manager.MyListener - The element with locator --->By.cssSelector: .dialog-container h2<----was found
19:54:15.638 INFO  tests.MainTests - Test 'loginSuccessNew' passed successfully
19:54:15.639 INFO  manager.MyListener - 'Start find' element--->By.xpath: //button[text()='Ok']
19:54:15.646 INFO  manager.MyListener - The element with locator --->By.xpath: //button[text()='Ok']<----was found
19:54:15.646 INFO  manager.MyListener - 'Start find' element--->By.xpath: //button[text()='Ok']
19:54:15.653 INFO  manager.MyListener - The element with locator --->By.xpath: //button[text()='Ok']<----was found
19:54:15.880 INFO  tests.MainTests - End of testloginSuccessNew
19:54:15.881 INFO  manager.MyListener - 'Start find' element--->By.xpath: //a[text()=' Logout ']
19:54:15.889 INFO  manager.MyListener - The element with locator --->By.xpath: //a[text()=' Logout ']<----was found
19:54:15.889 INFO  manager.MyListener - 'Start find' element--->By.xpath: //*[text()=' Logout ']
19:54:15.896 INFO  manager.MyListener - The element with locator --->By.xpath: //*[text()=' Logout ']<----was found
19:54:16.172 INFO  tests.MainTests - Test needs logout
19:54:16.173 INFO  tests.MainTests - Start testloginSuccessNew
19:54:16.174 INFO  tests.MainTests - start testloginSuccessNew
19:54:16.175 INFO  tests.MainTests - Start test 'loginSuccessNew' 
19:54:16.175 INFO  tests.MainTests - The test starts with emailmissira85@gmail.comand password Irinka777$
19:54:16.175 INFO  manager.MyListener - 'Start find' element--->By.xpath: //a[text()=' Log in ']
19:54:16.182 INFO  manager.MyListener - The element with locator --->By.xpath: //a[text()=' Log in ']<----was found
19:54:16.441 INFO  manager.MyListener - 'Start find' element--->By.xpath: //input[@id='email']
19:54:16.448 INFO  manager.MyListener - The element with locator --->By.xpath: //input[@id='email']<----was found
19:54:16.731 INFO  manager.MyListener - 'Start find' element--->By.xpath: //input[@id='password']
19:54:16.736 INFO  manager.MyListener - The element with locator --->By.xpath: //input[@id='password']<----was found
19:54:16.996 INFO  manager.MyListener - 'Start find' element--->By.cssSelector: [type='submit']
19:54:17.003 INFO  manager.MyListener - The element with locator --->By.cssSelector: [type='submit']<----was found
19:54:17.093 INFO  manager.MyListener - 'Start find' element--->By.cssSelector: [type='submit']
19:54:17.102 INFO  manager.MyListener - The element with locator --->By.cssSelector: [type='submit']<----was found
19:54:18.335 INFO  manager.MyListener - 'Start find' element--->By.cssSelector: .dialog-container
19:54:18.344 INFO  manager.MyListener - The element with locator --->By.cssSelector: .dialog-container<----was found
19:54:18.374 INFO  manager.MyListener - 'Start find' element--->By.cssSelector: .dialog-container h2
19:54:18.381 INFO  manager.MyListener - The element with locator --->By.cssSelector: .dialog-container h2<----was found
19:54:18.391 INFO  tests.MainTests - Test 'loginSuccessNew' passed successfully
19:54:18.392 INFO  manager.MyListener - 'Start find' element--->By.xpath: //button[text()='Ok']
19:54:18.399 INFO  manager.MyListener - The element with locator --->By.xpath: //button[text()='Ok']<----was found
19:54:18.400 INFO  manager.MyListener - 'Start find' element--->By.xpath: //button[text()='Ok']
19:54:18.406 INFO  manager.MyListener - The element with locator --->By.xpath: //button[text()='Ok']<----was found
19:54:18.626 INFO  tests.MainTests - End of testloginSuccessNew
19:54:18.627 INFO  manager.MyListener - 'Start find' element--->By.xpath: //a[text()=' Logout ']
19:54:18.634 INFO  manager.MyListener - The element with locator --->By.xpath: //a[text()=' Logout ']<----was found
19:54:18.634 INFO  manager.MyListener - 'Start find' element--->By.xpath: //*[text()=' Logout ']
19:54:18.640 INFO  manager.MyListener - The element with locator --->By.xpath: //*[text()=' Logout ']<----was found
19:54:18.911 INFO  tests.MainTests - Test needs logout
19:54:18.912 INFO  tests.MainTests - Start testloginSuccessNew
19:54:18.912 INFO  tests.MainTests - start testloginSuccessNew
19:54:18.914 INFO  tests.MainTests - Start test 'loginSuccessNew' 
19:54:18.914 INFO  tests.MainTests - The test starts with emailmissira85@gmail.comand password Irinka777$
19:54:18.914 INFO  manager.MyListener - 'Start find' element--->By.xpath: //a[text()=' Log in ']
19:54:18.921 INFO  manager.MyListener - The element with locator --->By.xpath: //a[text()=' Log in ']<----was found
19:54:19.179 INFO  manager.MyListener - 'Start find' element--->By.xpath: //input[@id='email']
19:54:19.187 INFO  manager.MyListener - The element with locator --->By.xpath: //input[@id='email']<----was found
19:54:19.507 INFO  manager.MyListener - 'Start find' element--->By.xpath: //input[@id='password']
19:54:19.512 INFO  manager.MyListener - The element with locator --->By.xpath: //input[@id='password']<----was found
19:54:19.774 INFO  manager.MyListener - 'Start find' element--->By.cssSelector: [type='submit']
19:54:19.781 INFO  manager.MyListener - The element with locator --->By.cssSelector: [type='submit']<----was found
19:54:19.869 INFO  manager.MyListener - 'Start find' element--->By.cssSelector: [type='submit']
19:54:19.876 INFO  manager.MyListener - The element with locator --->By.cssSelector: [type='submit']<----was found
19:54:21.105 INFO  manager.MyListener - 'Start find' element--->By.cssSelector: .dialog-container
19:54:21.113 INFO  manager.MyListener - The element with locator --->By.cssSelector: .dialog-container<----was found
19:54:21.143 INFO  manager.MyListener - 'Start find' element--->By.cssSelector: .dialog-container h2
19:54:21.150 INFO  manager.MyListener - The element with locator --->By.cssSelector: .dialog-container h2<----was found
19:54:21.161 INFO  tests.MainTests - Test 'loginSuccessNew' passed successfully
19:54:21.162 INFO  manager.MyListener - 'Start find' element--->By.xpath: //button[text()='Ok']
19:54:21.169 INFO  manager.MyListener - The element with locator --->By.xpath: //button[text()='Ok']<----was found
19:54:21.169 INFO  manager.MyListener - 'Start find' element--->By.xpath: //button[text()='Ok']
19:54:21.175 INFO  manager.MyListener - The element with locator --->By.xpath: //button[text()='Ok']<----was found
19:54:21.398 INFO  tests.MainTests - End of testloginSuccessNew
19:54:21.399 INFO  manager.MyListener - 'Start find' element--->By.xpath: //a[text()=' Logout ']
19:54:21.406 INFO  manager.MyListener - The element with locator --->By.xpath: //a[text()=' Logout ']<----was found
19:54:21.407 INFO  manager.MyListener - 'Start find' element--->By.xpath: //*[text()=' Logout ']
19:54:21.413 INFO  manager.MyListener - The element with locator --->By.xpath: //*[text()=' Logout ']<----was found
19:54:21.687 INFO  tests.MainTests - Test needs logout
19:54:21.687 INFO  tests.MainTests - Start testloginSuccessNew
19:54:21.689 INFO  tests.MainTests - start testloginSuccessNew
19:54:21.689 INFO  tests.MainTests - Start test 'loginSuccessNew' 
19:54:21.690 INFO  tests.MainTests - The test starts with emailmissira85@gmail.comand password Irinka777$
19:54:21.690 INFO  manager.MyListener - 'Start find' element--->By.xpath: //a[text()=' Log in ']
19:54:21.698 INFO  manager.MyListener - The element with locator --->By.xpath: //a[text()=' Log in ']<----was found
19:54:21.956 INFO  manager.MyListener - 'Start find' element--->By.xpath: //input[@id='email']
19:54:21.964 INFO  manager.MyListener - The element with locator --->By.xpath: //input[@id='email']<----was found
19:54:22.238 INFO  manager.MyListener - 'Start find' element--->By.xpath: //input[@id='password']
19:54:22.244 INFO  manager.MyListener - The element with locator --->By.xpath: //input[@id='password']<----was found
19:54:22.495 INFO  manager.MyListener - 'Start find' element--->By.cssSelector: [type='submit']
19:54:22.502 INFO  manager.MyListener - The element with locator --->By.cssSelector: [type='submit']<----was found
19:54:22.540 INFO  manager.MyListener - 'Start find' element--->By.cssSelector: [type='submit']
19:54:22.546 INFO  manager.MyListener - The element with locator --->By.cssSelector: [type='submit']<----was found
19:54:23.779 INFO  manager.MyListener - 'Start find' element--->By.cssSelector: .dialog-container
19:54:23.786 INFO  manager.MyListener - The element with locator --->By.cssSelector: .dialog-container<----was found
19:54:23.818 INFO  manager.MyListener - 'Start find' element--->By.cssSelector: .dialog-container h2
19:54:23.825 INFO  manager.MyListener - The element with locator --->By.cssSelector: .dialog-container h2<----was found
19:54:23.837 INFO  tests.MainTests - Test 'loginSuccessNew' passed successfully
19:54:23.839 INFO  manager.MyListener - 'Start find' element--->By.xpath: //button[text()='Ok']
19:54:23.845 INFO  manager.MyListener - The element with locator --->By.xpath: //button[text()='Ok']<----was found
19:54:23.846 INFO  manager.MyListener - 'Start find' element--->By.xpath: //button[text()='Ok']
19:54:23.852 INFO  manager.MyListener - The element with locator --->By.xpath: //button[text()='Ok']<----was found
19:54:24.073 INFO  tests.MainTests - End of testloginSuccessNew
19:54:24.074 INFO  manager.MyListener - 'Start find' element--->By.xpath: //a[text()=' Logout ']
19:54:24.083 INFO  manager.MyListener - The element with locator --->By.xpath: //a[text()=' Logout ']<----was found
19:54:24.083 INFO  manager.MyListener - 'Start find' element--->By.xpath: //*[text()=' Logout ']
19:54:24.093 INFO  manager.MyListener - The element with locator --->By.xpath: //*[text()=' Logout ']<----was found
19:54:24.353 INFO  tests.MainTests - Test needs logout
19:54:24.353 INFO  tests.MainTests - Start testloginSuccessNew1
19:54:24.354 INFO  tests.MainTests - start testloginSuccessNew1
19:54:24.355 INFO  tests.MainTests - Testing 'loginSuccessNew1' 
19:54:24.355 INFO  manager.MyListener - 'Start find' element--->By.xpath: //a[text()=' Log in ']
19:54:24.362 INFO  manager.MyListener - The element with locator --->By.xpath: //a[text()=' Log in ']<----was found
19:54:24.619 INFO  manager.MyListener - 'Start find' element--->By.xpath: //input[@id='email']
19:54:24.626 INFO  manager.MyListener - The element with locator --->By.xpath: //input[@id='email']<----was found
19:54:24.905 INFO  manager.MyListener - 'Start find' element--->By.xpath: //input[@id='password']
19:54:24.910 INFO  manager.MyListener - The element with locator --->By.xpath: //input[@id='password']<----was found
19:54:25.168 INFO  manager.MyListener - 'Start find' element--->By.cssSelector: [type='submit']
19:54:25.174 INFO  manager.MyListener - The element with locator --->By.cssSelector: [type='submit']<----was found
19:54:25.211 INFO  manager.MyListener - 'Start find' element--->By.cssSelector: [type='submit']
19:54:25.220 INFO  manager.MyListener - The element with locator --->By.cssSelector: [type='submit']<----was found
19:54:26.454 INFO  manager.MyListener - 'Start find' element--->By.cssSelector: .dialog-container
19:54:26.462 INFO  manager.MyListener - The element with locator --->By.cssSelector: .dialog-container<----was found
19:54:26.493 INFO  manager.MyListener - 'Start find' element--->By.cssSelector: .dialog-container h2
19:54:26.499 INFO  manager.MyListener - The element with locator --->By.cssSelector: .dialog-container h2<----was found
19:54:26.508 INFO  tests.MainTests - Test 'loginSuccessNew1' passed successfully
19:54:26.509 INFO  manager.MyListener - 'Start find' element--->By.xpath: //button[text()='Ok']
19:54:26.516 INFO  manager.MyListener - The element with locator --->By.xpath: //button[text()='Ok']<----was found
19:54:26.516 INFO  manager.MyListener - 'Start find' element--->By.xpath: //button[text()='Ok']
19:54:26.523 INFO  manager.MyListener - The element with locator --->By.xpath: //button[text()='Ok']<----was found
19:54:26.743 INFO  tests.MainTests - End of testloginSuccessNew1
19:54:26.745 INFO  tests.MainTests - Start test --->registrationSuccess
19:54:26.746 INFO  manager.MyListener - 'Start find' element--->By.xpath: //a[text()=' Logout ']
19:54:26.753 INFO  manager.MyListener - The element with locator --->By.xpath: //a[text()=' Logout ']<----was found
19:54:26.753 INFO  manager.MyListener - 'Start find' element--->By.xpath: //*[text()=' Logout ']
19:54:26.760 INFO  manager.MyListener - The element with locator --->By.xpath: //*[text()=' Logout ']<----was found
19:54:26.997 INFO  tests.MainTests - Start testregistrationSuccess
19:54:27.001 INFO  tests.MainTests - missmira13266@gmail.com
19:54:27.001 INFO  tests.MainTests - the index is--> 3266
19:54:27.001 INFO  manager.MyListener - 'Start find' element--->By.xpath: //a[text()=' Sign up ']
19:54:27.008 INFO  manager.MyListener - The element with locator --->By.xpath: //a[text()=' Sign up ']<----was found
19:54:27.281 INFO  manager.MyListener - 'Start find' element--->By.id: name
19:54:27.288 INFO  manager.MyListener - The element with locator --->By.id: name<----was found
19:54:27.555 INFO  manager.MyListener - 'Start find' element--->By.id: lastName
19:54:27.560 INFO  manager.MyListener - The element with locator --->By.id: lastName<----was found
19:54:27.821 INFO  manager.MyListener - 'Start find' element--->By.id: email
19:54:27.827 INFO  manager.MyListener - The element with locator --->By.id: email<----was found
19:54:28.127 INFO  manager.MyListener - 'Start find' element--->By.id: password
19:54:28.132 INFO  manager.MyListener - The element with locator --->By.id: password<----was found
19:54:28.385 INFO  manager.MyListener - 'Start find' element--->By.cssSelector: label[for='terms-of-use']
19:54:28.391 INFO  manager.MyListener - The element with locator --->By.cssSelector: label[for='terms-of-use']<----was found
19:54:28.765 INFO  manager.MyListener - 'Start find' element--->By.cssSelector: [type='submit']
19:54:28.773 INFO  manager.MyListener - The element with locator --->By.cssSelector: [type='submit']<----was found
19:54:39.065 INFO  manager.MyListener - 'Start find' element--->By.xpath: //button[text()='Ok']
19:54:44.091 INFO  manager.MyListener - The element with locator --->By.xpath: //button[text()='Ok']<----was found
19:54:44.093 INFO  tests.MainTests - Start test --->registrationSuccessModel
19:54:44.094 INFO  manager.MyListener - 'Start find' element--->By.xpath: //a[text()=' Logout ']
19:54:49.108 INFO  manager.MyListener - The element with locator --->By.xpath: //a[text()=' Logout ']<----was found
19:54:49.111 INFO  manager.MyListener - 'Start find' element--->By.xpath: //a[text()=' Sign up ']
19:54:49.120 INFO  manager.MyListener - The element with locator --->By.xpath: //a[text()=' Sign up ']<----was found
19:54:49.360 INFO  manager.MyListener - 'Start find' element--->By.id: name
19:54:49.369 INFO  manager.MyListener - The element with locator --->By.id: name<----was found
19:54:49.638 INFO  manager.MyListener - 'Start find' element--->By.id: lastName
19:54:49.645 INFO  manager.MyListener - The element with locator --->By.id: lastName<----was found
19:54:49.924 INFO  manager.MyListener - 'Start find' element--->By.id: email
19:54:49.932 INFO  manager.MyListener - The element with locator --->By.id: email<----was found
19:54:50.235 INFO  manager.MyListener - 'Start find' element--->By.id: password
19:54:50.240 INFO  manager.MyListener - The element with locator --->By.id: password<----was found
19:54:50.511 INFO  manager.MyListener - 'Start find' element--->By.cssSelector: label[for='terms-of-use']
19:54:50.519 INFO  manager.MyListener - The element with locator --->By.cssSelector: label[for='terms-of-use']<----was found
19:54:50.865 INFO  manager.MyListener - 'Start find' element--->By.cssSelector: [type='submit']
19:54:50.872 INFO  manager.MyListener - The element with locator --->By.cssSelector: [type='submit']<----was found
19:55:01.101 INFO  manager.MyListener - 'Start find' element--->By.xpath: //button[text()='Ok']
19:55:06.114 INFO  manager.MyListener - The element with locator --->By.xpath: //button[text()='Ok']<----was found
19:55:06.116 INFO  tests.MainTests - Start test --->registrationWrongPasswordModel
19:55:06.116 INFO  manager.MyListener - 'Start find' element--->By.xpath: //a[text()=' Logout ']
19:55:11.127 INFO  manager.MyListener - The element with locator --->By.xpath: //a[text()=' Logout ']<----was found
19:55:11.129 INFO  manager.MyListener - 'Start find' element--->By.xpath: //a[text()=' Sign up ']
19:55:11.135 INFO  manager.MyListener - The element with locator --->By.xpath: //a[text()=' Sign up ']<----was found
19:55:11.846 INFO  manager.MyListener - 'Start find' element--->By.id: name
19:55:11.853 INFO  manager.MyListener - The element with locator --->By.id: name<----was found
19:55:12.394 INFO  manager.MyListener - 'Start find' element--->By.id: lastName
19:55:12.400 INFO  manager.MyListener - The element with locator --->By.id: lastName<----was found
19:55:13.147 INFO  manager.MyListener - 'Start find' element--->By.id: email
19:55:13.154 INFO  manager.MyListener - The element with locator --->By.id: email<----was found
19:55:13.689 INFO  manager.MyListener - 'Start find' element--->By.id: password
19:55:13.695 INFO  manager.MyListener - The element with locator --->By.id: password<----was found
19:55:14.440 INFO  manager.MyListener - 'Start find' element--->By.cssSelector: label[for='terms-of-use']
19:55:14.446 INFO  manager.MyListener - The element with locator --->By.cssSelector: label[for='terms-of-use']<----was found
19:55:14.788 INFO  manager.MyListener - 'Start find' element--->By.cssSelector: div.error div:first-child
19:55:14.796 INFO  manager.MyListener - The element with locator --->By.cssSelector: div.error div:first-child<----was found
19:55:14.808 INFO  manager.MyListener - 'Start find' element--->By.cssSelector: div.error div:last-child
19:55:14.815 INFO  manager.MyListener - The element with locator --->By.cssSelector: div.error div:last-child<----was found
19:55:14.826 INFO  manager.MyListener - 'Start find' element--->By.cssSelector: [type='submit']
19:55:14.833 INFO  manager.MyListener - The element with locator --->By.cssSelector: [type='submit']<----was found
19:55:14.839 INFO  manager.MyListener - 'Start find' element--->By.cssSelector: button[disabled]
19:55:14.845 INFO  manager.MyListener - The element with locator --->By.cssSelector: button[disabled]<----was found
19:55:14.846 INFO  manager.MyListener - 'Start find' element--->By.xpath: //button[text()='Ok']
19:55:19.855 INFO  manager.MyListener - The element with locator --->By.xpath: //button[text()='Ok']<----was found
19:55:19.857 INFO  tests.MainTests - Start test --->searchAnyPeriod
19:55:19.858 INFO  manager.MyListener - 'Start find' element--->By.xpath: //a[text()=' Logout ']
19:55:24.872 INFO  manager.MyListener - The element with locator --->By.xpath: //a[text()=' Logout ']<----was found
19:55:24.872 INFO  manager.MyListener - 'Start find' element--->By.xpath: //a[text()=' Log in ']
19:55:24.879 INFO  manager.MyListener - The element with locator --->By.xpath: //a[text()=' Log in ']<----was found
19:55:25.593 INFO  manager.MyListener - 'Start find' element--->By.id: email
19:55:25.601 INFO  manager.MyListener - The element with locator --->By.id: email<----was found
19:55:26.186 INFO  manager.MyListener - 'Start find' element--->By.id: password
19:55:26.193 INFO  manager.MyListener - The element with locator --->By.id: password<----was found
19:55:26.939 INFO  manager.MyListener - 'Start find' element--->By.cssSelector: [type='submit']
19:55:26.945 INFO  manager.MyListener - The element with locator --->By.cssSelector: [type='submit']<----was found
19:55:26.981 INFO  manager.MyListener - 'Start find' element--->By.cssSelector: [type='submit']
19:55:26.986 INFO  manager.MyListener - The element with locator --->By.cssSelector: [type='submit']<----was found
19:55:27.411 INFO  manager.MyListener - 'Start find' element--->By.xpath: //button[text()='Ok']
19:55:27.487 INFO  manager.MyListener - The element with locator --->By.xpath: //button[text()='Ok']<----was found
19:55:27.488 INFO  manager.MyListener - 'Start find' element--->By.xpath: //button[text()='Ok']
19:55:27.494 INFO  manager.MyListener - The element with locator --->By.xpath: //button[text()='Ok']<----was found
19:55:28.206 INFO  tests.MainTests - Test start with user -->  User{email='missira85@gmail.com', password='Irinka777$', name='null', lastNAme='null', phone='null'}
19:55:30.207 INFO  manager.MyListener - 'Start find' element--->By.id: 0
19:55:30.215 INFO  manager.MyListener - The element with locator --->By.id: 0<----was found
19:55:30.927 INFO  manager.MyListener - 'Start find' element--->By.cssSelector: .header a[href='/']
19:55:30.935 INFO  manager.MyListener - The element with locator --->By.cssSelector: .header a[href='/']<----was found
19:55:31.548 INFO  tests.MainTests - Start testsearchAnyPeriod
19:55:31.548 INFO  manager.MyListener - 'Start find' element--->By.id: city
19:55:31.553 INFO  manager.MyListener - The element with locator --->By.id: city<----was found
19:55:32.262 INFO  manager.MyListener - 'Start find' element--->By.id: city
19:55:32.269 INFO  manager.MyListener - The element with locator --->By.id: city<----was found
19:55:33.312 INFO  manager.MyListener - 'Start find' element--->By.cssSelector: .pac-item
19:55:33.777 INFO  manager.MyListener - The element with locator --->By.cssSelector: .pac-item<----was found
19:55:34.995 INFO  manager.MyListener - 'Start find' element--->By.id: dates
19:55:35.003 INFO  manager.MyListener - The element with locator --->By.id: dates<----was found
19:55:35.716 INFO  manager.MyListener - 'Start find' element--->By.xpath: //button[@aria-label='Next month']
19:55:35.723 INFO  manager.MyListener - The element with locator --->By.xpath: //button[@aria-label='Next month']<----was found
19:55:36.342 INFO  manager.MyListener - 'Start find' element--->By.xpath: //button[@aria-label='Next month']
19:55:36.350 INFO  manager.MyListener - The element with locator --->By.xpath: //button[@aria-label='Next month']<----was found
19:55:37.074 INFO  manager.MyListener - 'Start find' element--->By.xpath: //button[@aria-label='Next month']
19:55:37.080 INFO  manager.MyListener - The element with locator --->By.xpath: //button[@aria-label='Next month']<----was found
19:55:37.344 INFO  manager.MyListener - 'Start find' element--->By.xpath: //button[@aria-label='Next month']
19:55:37.350 INFO  manager.MyListener - The element with locator --->By.xpath: //button[@aria-label='Next month']<----was found
19:55:38.065 INFO  manager.MyListener - 'Start find' element--->By.xpath: //button[@aria-label='Next month']
19:55:38.073 INFO  manager.MyListener - The element with locator --->By.xpath: //button[@aria-label='Next month']<----was found
19:55:38.603 INFO  manager.MyListener - 'Start find' element--->By.xpath: //button[@aria-label='Next month']
19:55:38.610 INFO  manager.MyListener - The element with locator --->By.xpath: //button[@aria-label='Next month']<----was found
19:55:39.326 INFO  manager.MyListener - 'Start find' element--->By.xpath: //button[@aria-label='Next month']
19:55:39.334 INFO  manager.MyListener - The element with locator --->By.xpath: //button[@aria-label='Next month']<----was found
19:55:39.607 INFO  manager.MyListener - 'Start find' element--->By.xpath: //button[@aria-label='Next month']
19:55:39.614 INFO  manager.MyListener - The element with locator --->By.xpath: //button[@aria-label='Next month']<----was found
19:55:40.330 INFO  manager.MyListener - 'Start find' element--->By.xpath: //button[@aria-label='Next month']
19:55:40.339 INFO  manager.MyListener - The element with locator --->By.xpath: //button[@aria-label='Next month']<----was found
19:55:40.878 INFO  manager.MyListener - 'Start find' element--->By.xpath: //button[@aria-label='Next month']
19:55:40.886 INFO  manager.MyListener - The element with locator --->By.xpath: //button[@aria-label='Next month']<----was found
19:55:41.602 INFO  manager.MyListener - 'Start find' element--->By.xpath: //button[@aria-label='Next month']
19:55:41.609 INFO  manager.MyListener - The element with locator --->By.xpath: //button[@aria-label='Next month']<----was found
19:55:41.878 INFO  manager.MyListener - 'Start find' element--->By.xpath: //button[@aria-label='Next month']
19:55:41.885 INFO  manager.MyListener - The element with locator --->By.xpath: //button[@aria-label='Next month']<----was found
19:55:42.601 INFO  manager.MyListener - 'Start find' element--->By.xpath: //button[@aria-label='Next month']
19:55:42.607 INFO  manager.MyListener - The element with locator --->By.xpath: //button[@aria-label='Next month']<----was found
19:55:43.322 INFO  manager.MyListener - 'Start find' element--->By.xpath: //div[text()=' 7 ']
19:55:43.330 INFO  manager.MyListener - The element with locator --->By.xpath: //div[text()=' 7 ']<----was found
19:55:44.046 INFO  manager.MyListener - 'Start find' element--->By.xpath: //button[@aria-label='Next month']
19:55:44.053 INFO  manager.MyListener - The element with locator --->By.xpath: //button[@aria-label='Next month']<----was found
19:55:44.768 INFO  manager.MyListener - 'Start find' element--->By.xpath: //button[@aria-label='Next month']
19:55:44.775 INFO  manager.MyListener - The element with locator --->By.xpath: //button[@aria-label='Next month']<----was found
19:55:45.489 INFO  manager.MyListener - 'Start find' element--->By.xpath: //button[@aria-label='Next month']
19:55:45.497 INFO  manager.MyListener - The element with locator --->By.xpath: //button[@aria-label='Next month']<----was found
19:55:46.212 INFO  manager.MyListener - 'Start find' element--->By.xpath: //button[@aria-label='Next month']
19:55:46.219 INFO  manager.MyListener - The element with locator --->By.xpath: //button[@aria-label='Next month']<----was found
19:55:46.933 INFO  manager.MyListener - 'Start find' element--->By.xpath: //div[text()=' 5 ']
19:55:46.940 INFO  manager.MyListener - The element with locator --->By.xpath: //div[text()=' 5 ']<----was found
19:55:47.654 INFO  manager.MyListener - 'Start find' element--->By.cssSelector: [type='submit']
19:55:47.662 INFO  manager.MyListener - The element with locator --->By.cssSelector: [type='submit']<----was found
19:55:47.703 INFO  manager.MyListener - 'Start find' element--->By.cssSelector: [type='submit']
19:55:47.709 INFO  manager.MyListener - The element with locator --->By.cssSelector: [type='submit']<----was found
19:55:48.223 INFO  manager.MyListener - 'Start find' element--->By.xpath: //h1[.=' Find your car now! ']
19:55:48.231 INFO  manager.MyListener - The element with locator --->By.xpath: //h1[.=' Find your car now! ']<----was found
19:55:50.233 INFO  manager.MyListener - 'Start find' element--->By.id: 0
19:55:50.240 INFO  manager.MyListener - The element with locator --->By.id: 0<----was found
19:55:50.953 INFO  manager.MyListener - 'Start find' element--->By.cssSelector: .header a[href='/']
19:55:50.961 INFO  manager.MyListener - The element with locator --->By.cssSelector: .header a[href='/']<----was found
19:55:51.531 INFO  tests.MainTests - Start test --->searchCurrentMonthInPast
19:55:51.532 INFO  manager.MyListener - 'Start find' element--->By.xpath: //a[text()=' Logout ']
19:55:51.536 INFO  manager.MyListener - The element with locator --->By.xpath: //a[text()=' Logout ']<----was found
19:55:51.536 INFO  manager.MyListener - 'Start find' element--->By.xpath: //*[text()=' Logout ']
19:55:51.540 INFO  manager.MyListener - The element with locator --->By.xpath: //*[text()=' Logout ']<----was found
19:55:52.250 INFO  tests.MainTests - logout succeded
19:55:52.251 INFO  manager.MyListener - 'Start find' element--->By.id: city
19:55:52.257 INFO  manager.MyListener - The element with locator --->By.id: city<----was found
19:55:52.738 INFO  manager.MyListener - 'Start find' element--->By.id: city
19:55:52.749 INFO  manager.MyListener - The element with locator --->By.id: city<----was found
19:55:52.767 INFO  manager.MyListener - 'Start find' element--->By.id: city
19:55:52.774 INFO  manager.MyListener - The element with locator --->By.id: city<----was found
19:55:54.053 INFO  manager.MyListener - 'Start find' element--->By.cssSelector: .pac-item
19:55:54.061 INFO  manager.MyListener - The element with locator --->By.cssSelector: .pac-item<----was found
19:55:55.772 INFO  manager.MyListener - 'Start find' element--->By.id: dates
19:55:55.780 INFO  manager.MyListener - The element with locator --->By.id: dates<----was found
19:55:57.828 INFO  manager.MyListener - 'Start find' element--->By.id: dates
19:55:57.838 INFO  manager.MyListener - The element with locator --->By.id: dates<----was found
19:55:58.551 INFO  manager.MyListener - 'Start find' element--->By.cssSelector: .cdk-overlay-container
19:55:58.558 INFO  manager.MyListener - The element with locator --->By.cssSelector: .cdk-overlay-container<----was found
19:55:59.273 INFO  manager.MyListener - 'Start find' element--->By.id: dates
19:55:59.281 INFO  manager.MyListener - The element with locator --->By.id: dates<----was found
19:56:00.089 INFO  manager.MyListener - 'Start find' element--->By.cssSelector: .cdk-overlay-container
19:56:00.094 INFO  manager.MyListener - The element with locator --->By.cssSelector: .cdk-overlay-container<----was found
19:56:01.184 INFO  manager.MyListener - 'Start find' element--->By.cssSelector: [type='submit']
19:56:01.188 INFO  manager.MyListener - The element with locator --->By.cssSelector: [type='submit']<----was found
19:56:01.198 INFO  manager.MyListener - We have a 'throwable' ---> Element <button type="submit"> is not clickable at point (275,445) because another element <sat-calendar id="sat-datepicker-1" class="mat-calendar ng-tns-c67-0 ng-trigger ng-trigger-fadeInCalendar"> obscures it
Build info: version: '3.141.59', revision: 'e82be7d358', time: '2018-11-14T08:17:03'
System info: host: 'desktopirina', ip: '127.0.1.1', os.name: 'Linux', os.arch: 'amd64', os.version: '5.14.0-1033-oem', java.version: '11.0.15'
Driver info: org.openqa.selenium.firefox.FirefoxDriver
Capabilities {acceptInsecureCerts: true, browserName: firefox, browserVersion: 99.0, javascriptEnabled: true, moz:accessibilityChecks: false, moz:buildID: 20220330194208, moz:geckodriverVersion: 0.31.0, moz:headless: false, moz:processID: 252090, moz:profile: /tmp/rust_mozprofileVYiNOa, moz:shutdownTimeout: 60000, moz:useNonSpecCompliantPointerOrigin: false, moz:webdriverClick: true, pageLoadStrategy: normal, platform: LINUX, platformName: LINUX, platformVersion: 5.14.0-1033-oem, proxy: Proxy(), setWindowRect: true, strictFileInteractability: false, timeouts: {implicit: 0, pageLoad: 300000, script: 30000}, unhandledPromptBehavior: dismiss and notify}
Session ID: 1a7f6a2e-df8a-4722-bd30-99a9ea7647c9
19:56:01.199 INFO  manager.MyListener - We have a 'throwable' ---> [Ljava.lang.StackTraceElement;@770233a1
19:56:01.482 INFO  manager.MyListener - This is the link to screen with problem-->src/test/screenshots/screen-3361.png
19:56:03.483 INFO  manager.MyListener - 'Start find' element--->By.id: 0
19:56:03.490 INFO  manager.MyListener - The element with locator --->By.id: 0<----was found
19:56:03.501 INFO  manager.MyListener - We have a 'throwable' ---> Element <a id="0" class="navigation-link" href="/search"> is not clickable at point (1079,34) because another element <div class="cdk-overlay-backdrop mat-overlay-transparent-backdrop"> obscures it
Build info: version: '3.141.59', revision: 'e82be7d358', time: '2018-11-14T08:17:03'
System info: host: 'desktopirina', ip: '127.0.1.1', os.name: 'Linux', os.arch: 'amd64', os.version: '5.14.0-1033-oem', java.version: '11.0.15'
Driver info: org.openqa.selenium.firefox.FirefoxDriver
Capabilities {acceptInsecureCerts: true, browserName: firefox, browserVersion: 99.0, javascriptEnabled: true, moz:accessibilityChecks: false, moz:buildID: 20220330194208, moz:geckodriverVersion: 0.31.0, moz:headless: false, moz:processID: 252090, moz:profile: /tmp/rust_mozprofileVYiNOa, moz:shutdownTimeout: 60000, moz:useNonSpecCompliantPointerOrigin: false, moz:webdriverClick: true, pageLoadStrategy: normal, platform: LINUX, platformName: LINUX, platformVersion: 5.14.0-1033-oem, proxy: Proxy(), setWindowRect: true, strictFileInteractability: false, timeouts: {implicit: 0, pageLoad: 300000, script: 30000}, unhandledPromptBehavior: dismiss and notify}
Session ID: 1a7f6a2e-df8a-4722-bd30-99a9ea7647c9
19:56:03.502 INFO  manager.MyListener - We have a 'throwable' ---> [Ljava.lang.StackTraceElement;@1239ac55
19:56:03.771 INFO  manager.MyListener - This is the link to screen with problem-->src/test/screenshots/screen-3363.png
19:56:03.773 INFO  tests.MainTests - Start test --->searchPeriodInPast
19:56:03.773 INFO  manager.MyListener - 'Start find' element--->By.xpath: //a[text()=' Logout ']
19:56:08.780 INFO  manager.MyListener - The element with locator --->By.xpath: //a[text()=' Logout ']<----was found
19:56:08.781 INFO  manager.MyListener - 'Start find' element--->By.xpath: //a[text()=' Log in ']
19:56:08.787 INFO  manager.MyListener - The element with locator --->By.xpath: //a[text()=' Log in ']<----was found
19:56:08.799 INFO  manager.MyListener - We have a 'throwable' ---> Element <a class="navigation-link" href="/login?url=%2Fsearch"> is not clickable at point (1660,34) because another element <div class="cdk-overlay-backdrop mat-overlay-transparent-backdrop cdk-overlay-backdrop-showing"> obscures it
Build info: version: '3.141.59', revision: 'e82be7d358', time: '2018-11-14T08:17:03'
System info: host: 'desktopirina', ip: '127.0.1.1', os.name: 'Linux', os.arch: 'amd64', os.version: '5.14.0-1033-oem', java.version: '11.0.15'
Driver info: org.openqa.selenium.firefox.FirefoxDriver
Capabilities {acceptInsecureCerts: true, browserName: firefox, browserVersion: 99.0, javascriptEnabled: true, moz:accessibilityChecks: false, moz:buildID: 20220330194208, moz:geckodriverVersion: 0.31.0, moz:headless: false, moz:processID: 252090, moz:profile: /tmp/rust_mozprofileVYiNOa, moz:shutdownTimeout: 60000, moz:useNonSpecCompliantPointerOrigin: false, moz:webdriverClick: true, pageLoadStrategy: normal, platform: LINUX, platformName: LINUX, platformVersion: 5.14.0-1033-oem, proxy: Proxy(), setWindowRect: true, strictFileInteractability: false, timeouts: {implicit: 0, pageLoad: 300000, script: 30000}, unhandledPromptBehavior: dismiss and notify}
Session ID: 1a7f6a2e-df8a-4722-bd30-99a9ea7647c9
19:56:08.800 INFO  manager.MyListener - We have a 'throwable' ---> [Ljava.lang.StackTraceElement;@1ae4552c
19:56:09.090 INFO  manager.MyListener - This is the link to screen with problem-->src/test/screenshots/screen-3368.png
19:56:11.092 INFO  manager.MyListener - 'Start find' element--->By.id: 0
19:56:11.099 INFO  manager.MyListener - The element with locator --->By.id: 0<----was found
19:56:11.110 INFO  manager.MyListener - We have a 'throwable' ---> Element <a id="0" class="navigation-link" href="/search"> is not clickable at point (1079,34) because another element <div class="cdk-overlay-backdrop mat-overlay-transparent-backdrop cdk-overlay-backdrop-showing"> obscures it
Build info: version: '3.141.59', revision: 'e82be7d358', time: '2018-11-14T08:17:03'
System info: host: 'desktopirina', ip: '127.0.1.1', os.name: 'Linux', os.arch: 'amd64', os.version: '5.14.0-1033-oem', java.version: '11.0.15'
Driver info: org.openqa.selenium.firefox.FirefoxDriver
Capabilities {acceptInsecureCerts: true, browserName: firefox, browserVersion: 99.0, javascriptEnabled: true, moz:accessibilityChecks: false, moz:buildID: 20220330194208, moz:geckodriverVersion: 0.31.0, moz:headless: false, moz:processID: 252090, moz:profile: /tmp/rust_mozprofileVYiNOa, moz:shutdownTimeout: 60000, moz:useNonSpecCompliantPointerOrigin: false, moz:webdriverClick: true, pageLoadStrategy: normal, platform: LINUX, platformName: LINUX, platformVersion: 5.14.0-1033-oem, proxy: Proxy(), setWindowRect: true, strictFileInteractability: false, timeouts: {implicit: 0, pageLoad: 300000, script: 30000}, unhandledPromptBehavior: dismiss and notify}
Session ID: 1a7f6a2e-df8a-4722-bd30-99a9ea7647c9
19:56:11.111 INFO  manager.MyListener - We have a 'throwable' ---> [Ljava.lang.StackTraceElement;@3561bf95
19:56:11.392 INFO  manager.MyListener - This is the link to screen with problem-->src/test/screenshots/screen-3371.png
