17:01:19.974 INFO  manager.ApplicationManager - All tests start in ChromeDriver
17:01:21.466 INFO  tests.MainTests - Start test --->addNewCarSuccessProviderCSV
17:01:21.469 INFO  manager.MyListener - 'Start find' element--->By.xpath: //a[text()=' Logout ']
17:01:26.540 INFO  manager.MyListener - The element with locator --->By.xpath: //a[text()=' Logout ']<----was found
17:01:26.540 INFO  manager.MyListener - 'Start find' element--->By.xpath: //a[text()=' Log in ']
17:01:26.566 INFO  manager.MyListener - The element with locator --->By.xpath: //a[text()=' Log in ']<----was found
17:01:26.658 INFO  manager.MyListener - 'Start find' element--->By.id: email
17:01:26.676 INFO  manager.MyListener - The element with locator --->By.id: email<----was found
17:01:26.794 INFO  manager.MyListener - 'Start find' element--->By.id: password
17:01:26.806 INFO  manager.MyListener - The element with locator --->By.id: password<----was found
17:01:26.897 INFO  manager.MyListener - 'Start find' element--->By.cssSelector: [type='submit']
17:01:26.910 INFO  manager.MyListener - The element with locator --->By.cssSelector: [type='submit']<----was found
17:01:27.010 INFO  manager.MyListener - 'Start find' element--->By.cssSelector: [type='submit']
17:01:27.038 INFO  manager.MyListener - The element with locator --->By.cssSelector: [type='submit']<----was found
17:01:27.109 INFO  manager.MyListener - 'Start find' element--->By.xpath: //button[text()='Ok']
17:01:27.799 INFO  manager.MyListener - The element with locator --->By.xpath: //button[text()='Ok']<----was found
17:01:27.800 INFO  manager.MyListener - 'Start find' element--->By.xpath: //button[text()='Ok']
17:01:27.820 INFO  manager.MyListener - The element with locator --->By.xpath: //button[text()='Ok']<----was found
17:01:27.898 INFO  tests.MainTests - Test start with user -->  User{email='missira85@gmail.com', password='Irinka777$', name='null', lastNAme='null', phone='null'}
17:01:27.933 INFO  tests.MainTests -  'Car Reg number' 100-2287
17:01:28.934 INFO  manager.MyListener - 'Start find' element--->By.id: 1
17:01:28.959 INFO  manager.MyListener - The element with locator --->By.id: 1<----was found
17:01:29.060 INFO  manager.MyListener - 'Start find' element--->By.id: pickUpPlace
17:01:29.081 INFO  manager.MyListener - The element with locator --->By.id: pickUpPlace<----was found
17:01:29.245 INFO  manager.MyListener - 'Start find' element--->By.cssSelector: .pac-item
17:01:29.609 INFO  manager.MyListener - The element with locator --->By.cssSelector: .pac-item<----was found
17:01:30.165 INFO  manager.MyListener - 'Start find' element--->By.id: make
17:01:30.190 INFO  manager.MyListener - The element with locator --->By.id: make<----was found
17:01:30.344 INFO  manager.MyListener - 'Start find' element--->By.id: model
17:01:30.357 INFO  manager.MyListener - The element with locator --->By.id: model<----was found
17:01:30.522 INFO  manager.MyListener - 'Start find' element--->By.id: year
17:01:30.534 INFO  manager.MyListener - The element with locator --->By.id: year<----was found
17:01:30.711 INFO  manager.MyListener - 'Start find' element--->By.id: engine
17:01:30.736 INFO  manager.MyListener - The element with locator --->By.id: engine<----was found
17:01:30.903 INFO  manager.MyListener - 'Start find' element--->By.id: fuel
17:01:30.927 INFO  manager.MyListener - The element with locator --->By.id: fuel<----was found
17:01:30.953 INFO  manager.MyListener - 'Start find' element--->By.xpath: .//option[@value = "Gas"]
17:01:30.977 INFO  manager.MyListener - The element with locator --->By.xpath: .//option[@value = "Gas"]<----was found
17:01:31.035 INFO  manager.MyListener - 'Start find' element--->By.id: gear
17:01:31.058 INFO  manager.MyListener - The element with locator --->By.id: gear<----was found
17:01:31.085 INFO  manager.MyListener - 'Start find' element--->By.xpath: .//option[@value = "SMT"]
17:01:31.101 INFO  manager.MyListener - The element with locator --->By.xpath: .//option[@value = "SMT"]<----was found
17:01:31.159 INFO  manager.MyListener - 'Start find' element--->By.id: wheelsDrive
17:01:31.183 INFO  manager.MyListener - The element with locator --->By.id: wheelsDrive<----was found
17:01:31.206 INFO  manager.MyListener - 'Start find' element--->By.xpath: .//option[@value = "RWD"]
17:01:31.229 INFO  manager.MyListener - The element with locator --->By.xpath: .//option[@value = "RWD"]<----was found
17:01:31.280 INFO  manager.MyListener - 'Start find' element--->By.id: doors
17:01:31.302 INFO  manager.MyListener - The element with locator --->By.id: doors<----was found
17:01:31.480 INFO  manager.MyListener - 'Start find' element--->By.id: seats
17:01:31.506 INFO  manager.MyListener - The element with locator --->By.id: seats<----was found
17:01:31.660 INFO  manager.MyListener - 'Start find' element--->By.id: class
17:01:31.673 INFO  manager.MyListener - The element with locator --->By.id: class<----was found
17:01:31.821 INFO  manager.MyListener - 'Start find' element--->By.id: fuelConsumption
17:01:31.843 INFO  manager.MyListener - The element with locator --->By.id: fuelConsumption<----was found
17:01:32.024 INFO  manager.MyListener - 'Start find' element--->By.id: serialNumber
17:01:32.038 INFO  manager.MyListener - The element with locator --->By.id: serialNumber<----was found
17:01:32.214 INFO  manager.MyListener - 'Start find' element--->By.id: price
17:01:32.226 INFO  manager.MyListener - The element with locator --->By.id: price<----was found
17:01:32.403 INFO  manager.MyListener - 'Start find' element--->By.id: distance
17:01:32.422 INFO  manager.MyListener - The element with locator --->By.id: distance<----was found
17:01:32.603 INFO  manager.MyListener - 'Start find' element--->By.cssSelector: .feature-input
17:01:32.614 INFO  manager.MyListener - The element with locator --->By.cssSelector: .feature-input<----was found
17:01:32.759 INFO  manager.MyListener - 'Start find' element--->By.id: about
17:01:32.770 INFO  manager.MyListener - The element with locator --->By.id: about<----was found
17:01:32.870 INFO  manager.MyListener - 'Start find' element--->By.id: photos
17:01:32.882 INFO  manager.MyListener - The element with locator --->By.id: photos<----was found
17:01:32.941 INFO  tests.MainTests - Attach photo --> /home/i-istomin/TelRan/SYSTEMS/Ilcarro_Test/orange-car.png
17:01:32.941 INFO  manager.MyListener - 'Start find' element--->By.cssSelector: [type='submit']
17:01:32.954 INFO  manager.MyListener - The element with locator --->By.cssSelector: [type='submit']<----was found
17:01:34.613 INFO  manager.MyListener - 'Start find' element--->By.cssSelector: [type='submit']
17:01:34.626 INFO  manager.MyListener - The element with locator --->By.cssSelector: [type='submit']<----was found
17:01:34.683 INFO  manager.MyListener - 'Start find' element--->By.cssSelector: div.dialog-container
17:01:35.551 INFO  manager.MyListener - The element with locator --->By.cssSelector: div.dialog-container<----was found
17:01:35.574 INFO  manager.MyListener - 'Start find' element--->By.cssSelector: div.dialog-container h1
17:01:35.596 INFO  manager.MyListener - The element with locator --->By.cssSelector: div.dialog-container h1<----was found
17:01:35.617 INFO  manager.MyListener - 'Start find' element--->By.cssSelector: button[type='submit']
17:01:35.636 INFO  manager.MyListener - The element with locator --->By.cssSelector: button[type='submit']<----was found
17:01:36.703 INFO  manager.MyListener - We have a 'throwable' ---> element click intercepted: Element <button _ngcontent-tjr-c81="" type="submit">...</button> is not clickable at point (290, 759). Other element would receive the click: <div class="cdk-overlay-backdrop cdk-overlay-dark-backdrop cdk-overlay-backdrop-showing"></div>
  (Session info: chrome=96.0.4664.110)
Build info: version: '3.141.59', revision: 'e82be7d358', time: '2018-11-14T08:17:03'
System info: host: 'desktopirina', ip: '127.0.1.1', os.name: 'Linux', os.arch: 'amd64', os.version: '5.14.0-1033-oem', java.version: '11.0.15'
Driver info: org.openqa.selenium.chrome.ChromeDriver
Capabilities {acceptInsecureCerts: false, browserName: chrome, browserVersion: 96.0.4664.110, chrome: {chromedriverVersion: 96.0.4664.45 (76e4c1bb2ab46..., userDataDir: /tmp/.com.google.Chrome.5HfGpq}, goog:chromeOptions: {debuggerAddress: localhost:38185}, javascriptEnabled: true, networkConnectionEnabled: false, pageLoadStrategy: normal, platform: LINUX, platformName: LINUX, proxy: Proxy(), setWindowRect: true, strictFileInteractability: false, timeouts: {implicit: 0, pageLoad: 300000, script: 30000}, unhandledPromptBehavior: dismiss and notify, webauthn:extension:credBlob: true, webauthn:extension:largeBlob: true, webauthn:virtualAuthenticators: true}
Session ID: 39fe313f450f7e91e0b25c8cc7496204
17:01:36.705 INFO  manager.MyListener - We have a 'throwable' ---> [Ljava.lang.StackTraceElement;@348f0e9
17:01:36.919 INFO  manager.MyListener - This is the link to screen with problem-->src/test/screenshots/screen-96.png
17:01:36.921 INFO  tests.MainTests - Start test --->addNewCarSuccessProviderCSV
17:01:36.921 INFO  manager.MyListener - 'Start find' element--->By.xpath: //a[text()=' Logout ']
17:01:36.937 INFO  manager.MyListener - The element with locator --->By.xpath: //a[text()=' Logout ']<----was found
17:01:36.938 INFO  tests.MainTests -  'Car Reg number' 100-2296
17:01:37.939 INFO  manager.MyListener - 'Start find' element--->By.id: 1
17:01:37.955 INFO  manager.MyListener - The element with locator --->By.id: 1<----was found
17:01:40.871 INFO  manager.MyListener - 'Start find' element--->By.id: pickUpPlace
17:01:40.885 INFO  manager.MyListener - The element with locator --->By.id: pickUpPlace<----was found
17:01:41.107 INFO  manager.MyListener - 'Start find' element--->By.cssSelector: .pac-item
17:01:41.521 INFO  manager.MyListener - The element with locator --->By.cssSelector: .pac-item<----was found
17:01:42.054 INFO  manager.MyListener - 'Start find' element--->By.id: make
17:01:42.083 INFO  manager.MyListener - The element with locator --->By.id: make<----was found
17:01:42.223 INFO  manager.MyListener - 'Start find' element--->By.id: model
17:01:42.232 INFO  manager.MyListener - The element with locator --->By.id: model<----was found
17:01:42.300 INFO  manager.MyListener - 'Start find' element--->By.id: year
17:01:42.308 INFO  manager.MyListener - The element with locator --->By.id: year<----was found
17:01:42.374 INFO  manager.MyListener - 'Start find' element--->By.id: engine
17:01:42.382 INFO  manager.MyListener - The element with locator --->By.id: engine<----was found
17:01:42.455 INFO  manager.MyListener - 'Start find' element--->By.id: fuel
17:01:42.465 INFO  manager.MyListener - The element with locator --->By.id: fuel<----was found
17:01:42.475 INFO  manager.MyListener - 'Start find' element--->By.xpath: .//option[@value = "Diesel"]
17:01:42.486 INFO  manager.MyListener - The element with locator --->By.xpath: .//option[@value = "Diesel"]<----was found
17:01:42.517 INFO  manager.MyListener - 'Start find' element--->By.id: gear
17:01:42.525 INFO  manager.MyListener - The element with locator --->By.id: gear<----was found
17:01:42.534 INFO  manager.MyListener - 'Start find' element--->By.xpath: .//option[@value = "SMT"]
17:01:42.541 INFO  manager.MyListener - The element with locator --->By.xpath: .//option[@value = "SMT"]<----was found
17:01:42.546 INFO  manager.MyListener - 'Start find' element--->By.id: wheelsDrive
17:01:42.552 INFO  manager.MyListener - The element with locator --->By.id: wheelsDrive<----was found
17:01:42.560 INFO  manager.MyListener - 'Start find' element--->By.xpath: .//option[@value = "RWD"]
17:01:42.567 INFO  manager.MyListener - The element with locator --->By.xpath: .//option[@value = "RWD"]<----was found
17:01:42.572 INFO  manager.MyListener - 'Start find' element--->By.id: doors
17:01:42.579 INFO  manager.MyListener - The element with locator --->By.id: doors<----was found
17:01:42.642 INFO  manager.MyListener - 'Start find' element--->By.id: seats
17:01:42.648 INFO  manager.MyListener - The element with locator --->By.id: seats<----was found
17:01:42.710 INFO  manager.MyListener - 'Start find' element--->By.id: class
17:01:42.718 INFO  manager.MyListener - The element with locator --->By.id: class<----was found
17:01:42.803 INFO  manager.MyListener - 'Start find' element--->By.id: fuelConsumption
17:01:42.811 INFO  manager.MyListener - The element with locator --->By.id: fuelConsumption<----was found
17:01:42.936 INFO  manager.MyListener - 'Start find' element--->By.id: serialNumber
17:01:42.943 INFO  manager.MyListener - The element with locator --->By.id: serialNumber<----was found
17:01:43.048 INFO  manager.MyListener - 'Start find' element--->By.id: price
17:01:43.055 INFO  manager.MyListener - The element with locator --->By.id: price<----was found
17:01:43.124 INFO  manager.MyListener - 'Start find' element--->By.id: distance
17:01:43.132 INFO  manager.MyListener - The element with locator --->By.id: distance<----was found
17:01:43.197 INFO  manager.MyListener - 'Start find' element--->By.cssSelector: .feature-input
17:01:43.204 INFO  manager.MyListener - The element with locator --->By.cssSelector: .feature-input<----was found
17:01:43.291 INFO  manager.MyListener - We have a 'throwable' ---> stale element reference: element is not attached to the page document
  (Session info: chrome=96.0.4664.110)
For documentation on this error, please visit: https://www.seleniumhq.org/exceptions/stale_element_reference.html
Build info: version: '3.141.59', revision: 'e82be7d358', time: '2018-11-14T08:17:03'
System info: host: 'desktopirina', ip: '127.0.1.1', os.name: 'Linux', os.arch: 'amd64', os.version: '5.14.0-1033-oem', java.version: '11.0.15'
Driver info: org.openqa.selenium.chrome.ChromeDriver
Capabilities {acceptInsecureCerts: false, browserName: chrome, browserVersion: 96.0.4664.110, chrome: {chromedriverVersion: 96.0.4664.45 (76e4c1bb2ab46..., userDataDir: /tmp/.com.google.Chrome.5HfGpq}, goog:chromeOptions: {debuggerAddress: localhost:38185}, javascriptEnabled: true, networkConnectionEnabled: false, pageLoadStrategy: normal, platform: LINUX, platformName: LINUX, proxy: Proxy(), setWindowRect: true, strictFileInteractability: false, timeouts: {implicit: 0, pageLoad: 300000, script: 30000}, unhandledPromptBehavior: dismiss and notify, webauthn:extension:credBlob: true, webauthn:extension:largeBlob: true, webauthn:virtualAuthenticators: true}
Session ID: 39fe313f450f7e91e0b25c8cc7496204
17:01:43.292 INFO  manager.MyListener - We have a 'throwable' ---> [Ljava.lang.StackTraceElement;@7d443024
17:01:43.540 INFO  manager.MyListener - This is the link to screen with problem-->src/test/screenshots/screen-103.png
17:01:43.541 INFO  tests.MainTests - Start test --->addNewCarSuccessProviderCSV
17:01:43.542 INFO  manager.MyListener - 'Start find' element--->By.xpath: //a[text()=' Logout ']
17:01:43.553 INFO  manager.MyListener - The element with locator --->By.xpath: //a[text()=' Logout ']<----was found
17:01:43.554 INFO  tests.MainTests -  'Car Reg number' 100-22103
17:01:44.554 INFO  manager.MyListener - 'Start find' element--->By.id: 1
17:01:44.568 INFO  manager.MyListener - The element with locator --->By.id: 1<----was found
17:01:44.602 INFO  manager.MyListener - 'Start find' element--->By.id: pickUpPlace
17:01:44.609 INFO  manager.MyListener - The element with locator --->By.id: pickUpPlace<----was found
17:01:44.696 INFO  manager.MyListener - 'Start find' element--->By.cssSelector: .pac-item
17:01:44.937 INFO  manager.MyListener - The element with locator --->By.cssSelector: .pac-item<----was found
17:01:45.495 INFO  manager.MyListener - 'Start find' element--->By.id: make
17:01:45.503 INFO  manager.MyListener - The element with locator --->By.id: make<----was found
17:01:45.570 INFO  manager.MyListener - 'Start find' element--->By.id: model
17:01:45.577 INFO  manager.MyListener - The element with locator --->By.id: model<----was found
17:01:45.640 INFO  manager.MyListener - 'Start find' element--->By.id: year
17:01:45.647 INFO  manager.MyListener - The element with locator --->By.id: year<----was found
17:01:45.731 INFO  manager.MyListener - 'Start find' element--->By.id: engine
17:01:45.739 INFO  manager.MyListener - The element with locator --->By.id: engine<----was found
17:01:45.803 INFO  manager.MyListener - 'Start find' element--->By.id: fuel
17:01:45.810 INFO  manager.MyListener - The element with locator --->By.id: fuel<----was found
17:01:45.819 INFO  manager.MyListener - 'Start find' element--->By.xpath: .//option[@value = "Electric"]
17:01:45.831 INFO  manager.MyListener - The element with locator --->By.xpath: .//option[@value = "Electric"]<----was found
17:01:45.860 INFO  manager.MyListener - 'Start find' element--->By.id: gear
17:01:45.870 INFO  manager.MyListener - The element with locator --->By.id: gear<----was found
17:01:45.886 INFO  manager.MyListener - 'Start find' element--->By.xpath: .//option[@value = "AT"]
17:01:45.905 INFO  manager.MyListener - The element with locator --->By.xpath: .//option[@value = "AT"]<----was found
17:01:45.952 INFO  manager.MyListener - 'Start find' element--->By.id: wheelsDrive
17:01:45.964 INFO  manager.MyListener - The element with locator --->By.id: wheelsDrive<----was found
17:01:45.980 INFO  manager.MyListener - 'Start find' element--->By.xpath: .//option[@value = "RWD"]
17:01:45.996 INFO  manager.MyListener - The element with locator --->By.xpath: .//option[@value = "RWD"]<----was found
17:01:46.004 INFO  manager.MyListener - 'Start find' element--->By.id: doors
17:01:46.015 INFO  manager.MyListener - The element with locator --->By.id: doors<----was found
17:01:46.137 INFO  manager.MyListener - 'Start find' element--->By.id: seats
17:01:46.151 INFO  manager.MyListener - The element with locator --->By.id: seats<----was found
17:01:46.255 INFO  manager.MyListener - 'Start find' element--->By.id: class
17:01:46.262 INFO  manager.MyListener - The element with locator --->By.id: class<----was found
17:01:46.352 INFO  manager.MyListener - 'Start find' element--->By.id: fuelConsumption
17:01:46.359 INFO  manager.MyListener - The element with locator --->By.id: fuelConsumption<----was found
17:01:46.424 INFO  manager.MyListener - 'Start find' element--->By.id: serialNumber
17:01:46.432 INFO  manager.MyListener - The element with locator --->By.id: serialNumber<----was found
17:01:46.507 INFO  manager.MyListener - 'Start find' element--->By.id: price
17:01:46.516 INFO  manager.MyListener - The element with locator --->By.id: price<----was found
17:01:46.586 INFO  manager.MyListener - 'Start find' element--->By.id: distance
17:01:46.596 INFO  manager.MyListener - The element with locator --->By.id: distance<----was found
17:01:46.667 INFO  manager.MyListener - 'Start find' element--->By.cssSelector: .feature-input
17:01:46.675 INFO  manager.MyListener - The element with locator --->By.cssSelector: .feature-input<----was found
17:01:46.765 INFO  manager.MyListener - 'Start find' element--->By.id: about
17:01:46.773 INFO  manager.MyListener - The element with locator --->By.id: about<----was found
17:01:46.841 INFO  manager.MyListener - 'Start find' element--->By.id: photos
17:01:46.849 INFO  manager.MyListener - The element with locator --->By.id: photos<----was found
17:01:46.870 INFO  tests.MainTests - Attach photo --> /home/i-istomin/TelRan/SYSTEMS/Ilcarro_Test/orange-car.png
17:01:46.870 INFO  manager.MyListener - 'Start find' element--->By.cssSelector: [type='submit']
17:01:46.877 INFO  manager.MyListener - The element with locator --->By.cssSelector: [type='submit']<----was found
17:01:48.522 INFO  manager.MyListener - 'Start find' element--->By.cssSelector: [type='submit']
17:01:48.529 INFO  manager.MyListener - The element with locator --->By.cssSelector: [type='submit']<----was found
17:01:48.559 INFO  manager.MyListener - 'Start find' element--->By.cssSelector: div.dialog-container
17:01:49.659 INFO  manager.MyListener - The element with locator --->By.cssSelector: div.dialog-container<----was found
17:01:49.684 INFO  manager.MyListener - 'Start find' element--->By.cssSelector: div.dialog-container h1
17:01:49.704 INFO  manager.MyListener - The element with locator --->By.cssSelector: div.dialog-container h1<----was found
17:01:49.725 INFO  manager.MyListener - 'Start find' element--->By.cssSelector: button[type='submit']
17:01:49.744 INFO  manager.MyListener - The element with locator --->By.cssSelector: button[type='submit']<----was found
17:01:50.799 INFO  manager.MyListener - We have a 'throwable' ---> element click intercepted: Element <button _ngcontent-tjr-c81="" type="submit" disabled="">...</button> is not clickable at point (290, 535). Other element would receive the click: <div class="cdk-overlay-backdrop cdk-overlay-dark-backdrop cdk-overlay-backdrop-showing"></div>
  (Session info: chrome=96.0.4664.110)
Build info: version: '3.141.59', revision: 'e82be7d358', time: '2018-11-14T08:17:03'
System info: host: 'desktopirina', ip: '127.0.1.1', os.name: 'Linux', os.arch: 'amd64', os.version: '5.14.0-1033-oem', java.version: '11.0.15'
Driver info: org.openqa.selenium.chrome.ChromeDriver
Capabilities {acceptInsecureCerts: false, browserName: chrome, browserVersion: 96.0.4664.110, chrome: {chromedriverVersion: 96.0.4664.45 (76e4c1bb2ab46..., userDataDir: /tmp/.com.google.Chrome.5HfGpq}, goog:chromeOptions: {debuggerAddress: localhost:38185}, javascriptEnabled: true, networkConnectionEnabled: false, pageLoadStrategy: normal, platform: LINUX, platformName: LINUX, proxy: Proxy(), setWindowRect: true, strictFileInteractability: false, timeouts: {implicit: 0, pageLoad: 300000, script: 30000}, unhandledPromptBehavior: dismiss and notify, webauthn:extension:credBlob: true, webauthn:extension:largeBlob: true, webauthn:virtualAuthenticators: true}
Session ID: 39fe313f450f7e91e0b25c8cc7496204
17:01:50.800 INFO  manager.MyListener - We have a 'throwable' ---> [Ljava.lang.StackTraceElement;@2ad28174
17:01:51.004 INFO  manager.MyListener - This is the link to screen with problem-->src/test/screenshots/screen-110.png
