10:57:51.484 INFO  manager.ApplicationManager - All tests start in ChromeDriver
10:57:52.646 INFO  tests.MainTests - Start test --->public void tests.Login.loginSuccessNew1()
10:57:52.648 INFO  manager.MyListener - 'Start find' element--->By.xpath: //a[text()=' Logout ']
10:57:57.709 INFO  manager.MyListener - The element with locator --->By.xpath: //a[text()=' Logout ']<----was found
10:57:57.711 INFO  manager.MyListener - 'Start find' element--->By.xpath: //a[text()=' Log in ']
10:57:57.735 INFO  manager.MyListener - The element with locator --->By.xpath: //a[text()=' Log in ']<----was found
10:57:57.815 INFO  manager.MyListener - 'Start find' element--->By.xpath: //input[@id='email']
10:57:57.828 INFO  manager.MyListener - The element with locator --->By.xpath: //input[@id='email']<----was found
10:57:57.977 INFO  manager.MyListener - 'Start find' element--->By.xpath: //input[@id='password']
10:57:57.989 INFO  manager.MyListener - The element with locator --->By.xpath: //input[@id='password']<----was found
10:57:58.076 INFO  manager.MyListener - 'Start find' element--->By.cssSelector: [type='submit']
10:57:58.088 INFO  manager.MyListener - The element with locator --->By.cssSelector: [type='submit']<----was found
10:57:58.176 INFO  manager.MyListener - 'Start find' element--->By.cssSelector: [type='submit']
10:57:58.185 INFO  manager.MyListener - The element with locator --->By.cssSelector: [type='submit']<----was found
10:57:59.232 INFO  manager.MyListener - 'Start find' element--->By.cssSelector: .dialog-container
10:57:59.255 INFO  manager.MyListener - The element with locator --->By.cssSelector: .dialog-container<----was found
10:57:59.291 INFO  manager.MyListener - 'Start find' element--->By.cssSelector: .dialog-container h2
10:57:59.310 INFO  manager.MyListener - The element with locator --->By.cssSelector: .dialog-container h2<----was found
10:57:59.334 INFO  tests.MainTests - Test 'loginSuccessNew1' passed successfully
10:57:59.338 INFO  manager.MyListener - 'Start find' element--->By.xpath: //button[text()='Ok']
10:57:59.359 INFO  manager.MyListener - The element with locator --->By.xpath: //button[text()='Ok']<----was found
10:57:59.360 INFO  manager.MyListener - 'Start find' element--->By.xpath: //button[text()='Ok']
10:57:59.378 INFO  manager.MyListener - The element with locator --->By.xpath: //button[text()='Ok']<----was found
10:57:59.436 INFO  tests.MainTests - End of testloginSuccessNew1
