07:32:29.729 INFO  manager.ApplicationManager - All tests start in ChromeDriver
07:32:31.231 INFO  tests.MainTests - Start test --->addNewCarSuccessProviderCSV
07:32:31.233 INFO  manager.MyListener - 'Start find' element--->By.xpath: //a[text()=' Logout ']
07:32:36.260 INFO  manager.MyListener - The element with locator --->By.xpath: //a[text()=' Logout ']<----was found
07:32:36.262 INFO  manager.MyListener - 'Start find' element--->By.xpath: //a[text()=' Log in ']
07:32:36.288 INFO  manager.MyListener - The element with locator --->By.xpath: //a[text()=' Log in ']<----was found
07:32:36.382 INFO  manager.MyListener - 'Start find' element--->By.id: email
07:32:36.405 INFO  manager.MyListener - The element with locator --->By.id: email<----was found
07:32:36.598 INFO  manager.MyListener - 'Start find' element--->By.id: password
07:32:36.609 INFO  manager.MyListener - The element with locator --->By.id: password<----was found
07:32:36.724 INFO  manager.MyListener - 'Start find' element--->By.cssSelector: [type='submit']
07:32:36.736 INFO  manager.MyListener - The element with locator --->By.cssSelector: [type='submit']<----was found
07:32:36.775 INFO  manager.MyListener - 'Start find' element--->By.cssSelector: [type='submit']
07:32:36.785 INFO  manager.MyListener - The element with locator --->By.cssSelector: [type='submit']<----was found
07:32:36.832 INFO  manager.MyListener - 'Start find' element--->By.xpath: //button[text()='Ok']
07:32:37.483 INFO  manager.MyListener - The element with locator --->By.xpath: //button[text()='Ok']<----was found
07:32:37.484 INFO  manager.MyListener - 'Start find' element--->By.xpath: //button[text()='Ok']
07:32:37.504 INFO  manager.MyListener - The element with locator --->By.xpath: //button[text()='Ok']<----was found
07:32:37.591 INFO  tests.MainTests - Test start with user -->  User{email='missira85@gmail.com', password='Irinka777$', name='null', lastNAme='null', phone='null'}
07:32:37.637 INFO  tests.MainTests -  'Car Reg number' 100-221957
07:32:38.638 INFO  manager.MyListener - 'Start find' element--->By.id: 1
07:32:38.663 INFO  manager.MyListener - The element with locator --->By.id: 1<----was found
07:32:38.761 INFO  manager.MyListener - 'Start find' element--->By.id: pickUpPlace
07:32:38.775 INFO  manager.MyListener - The element with locator --->By.id: pickUpPlace<----was found
07:32:38.940 INFO  manager.MyListener - 'Start find' element--->By.cssSelector: .pac-item
07:32:39.296 INFO  manager.MyListener - The element with locator --->By.cssSelector: .pac-item<----was found
07:32:39.853 INFO  manager.MyListener - 'Start find' element--->By.id: make
07:32:39.878 INFO  manager.MyListener - The element with locator --->By.id: make<----was found
07:32:40.020 INFO  manager.MyListener - 'Start find' element--->By.id: model
07:32:40.034 INFO  manager.MyListener - The element with locator --->By.id: model<----was found
07:32:40.192 INFO  manager.MyListener - 'Start find' element--->By.id: year
07:32:40.205 INFO  manager.MyListener - The element with locator --->By.id: year<----was found
07:32:40.367 INFO  manager.MyListener - 'Start find' element--->By.id: engine
07:32:40.388 INFO  manager.MyListener - The element with locator --->By.id: engine<----was found
07:32:40.538 INFO  manager.MyListener - 'Start find' element--->By.id: fuel
07:32:40.559 INFO  manager.MyListener - The element with locator --->By.id: fuel<----was found
07:32:40.582 INFO  manager.MyListener - 'Start find' element--->By.xpath: .//option[@value = "Gas"]
07:32:40.605 INFO  manager.MyListener - The element with locator --->By.xpath: .//option[@value = "Gas"]<----was found
07:32:40.652 INFO  manager.MyListener - 'Start find' element--->By.id: gear
07:32:40.664 INFO  manager.MyListener - The element with locator --->By.id: gear<----was found
07:32:40.684 INFO  manager.MyListener - 'Start find' element--->By.xpath: .//option[@value = "SMT"]
07:32:40.705 INFO  manager.MyListener - The element with locator --->By.xpath: .//option[@value = "SMT"]<----was found
07:32:40.760 INFO  manager.MyListener - 'Start find' element--->By.id: wheelsDrive
07:32:40.781 INFO  manager.MyListener - The element with locator --->By.id: wheelsDrive<----was found
07:32:40.807 INFO  manager.MyListener - 'Start find' element--->By.xpath: .//option[@value = "RWD"]
07:32:40.828 INFO  manager.MyListener - The element with locator --->By.xpath: .//option[@value = "RWD"]<----was found
07:32:40.886 INFO  manager.MyListener - 'Start find' element--->By.id: doors
07:32:40.906 INFO  manager.MyListener - The element with locator --->By.id: doors<----was found
07:32:41.078 INFO  manager.MyListener - 'Start find' element--->By.id: seats
07:32:41.099 INFO  manager.MyListener - The element with locator --->By.id: seats<----was found
07:32:41.280 INFO  manager.MyListener - 'Start find' element--->By.id: class
07:32:41.301 INFO  manager.MyListener - The element with locator --->By.id: class<----was found
07:32:41.455 INFO  manager.MyListener - 'Start find' element--->By.id: fuelConsumption
07:32:41.473 INFO  manager.MyListener - The element with locator --->By.id: fuelConsumption<----was found
07:32:41.653 INFO  manager.MyListener - 'Start find' element--->By.id: serialNumber
07:32:41.664 INFO  manager.MyListener - The element with locator --->By.id: serialNumber<----was found
07:32:41.826 INFO  manager.MyListener - 'Start find' element--->By.id: price
07:32:41.837 INFO  manager.MyListener - The element with locator --->By.id: price<----was found
07:32:42.007 INFO  manager.MyListener - 'Start find' element--->By.id: distance
07:32:42.031 INFO  manager.MyListener - The element with locator --->By.id: distance<----was found
07:32:42.215 INFO  manager.MyListener - 'Start find' element--->By.cssSelector: .feature-input
07:32:42.235 INFO  manager.MyListener - The element with locator --->By.cssSelector: .feature-input<----was found
07:32:42.392 INFO  manager.MyListener - 'Start find' element--->By.id: about
07:32:42.404 INFO  manager.MyListener - The element with locator --->By.id: about<----was found
07:32:42.483 INFO  manager.MyListener - 'Start find' element--->By.id: photos
07:32:42.494 INFO  manager.MyListener - The element with locator --->By.id: photos<----was found
07:32:43.554 INFO  tests.MainTests - Attach photo --> /home/i-istomin/TelRan/SYSTEMS/Ilcarro_Test/orange-car.png
07:32:43.554 INFO  manager.MyListener - 'Start find' element--->By.cssSelector: [type='submit']
07:32:43.570 INFO  manager.MyListener - The element with locator --->By.cssSelector: [type='submit']<----was found
07:32:44.153 INFO  manager.MyListener - 'Start find' element--->By.cssSelector: [type='submit']
07:32:44.167 INFO  manager.MyListener - The element with locator --->By.cssSelector: [type='submit']<----was found
07:32:44.223 INFO  manager.MyListener - 'Start find' element--->By.cssSelector: [type='submit']
07:32:44.237 INFO  manager.MyListener - The element with locator --->By.cssSelector: [type='submit']<----was found
07:32:44.271 INFO  manager.MyListener - 'Start find' element--->By.cssSelector: [type='submit']
07:32:44.279 INFO  manager.MyListener - The element with locator --->By.cssSelector: [type='submit']<----was found
07:32:45.345 INFO  manager.MyListener - We have a 'throwable' ---> element click intercepted: Element <button _ngcontent-vvb-c81="" type="submit">...</button> is not clickable at point (290, 917). Other element would receive the click: <div _ngcontent-vvb-c81="" class="progress-container ng-star-inserted">...</div>
  (Session info: chrome=96.0.4664.110)
Build info: version: '3.141.59', revision: 'e82be7d358', time: '2018-11-14T08:17:03'
System info: host: 'desktopirina', ip: '127.0.1.1', os.name: 'Linux', os.arch: 'amd64', os.version: '5.14.0-1033-oem', java.version: '11.0.15'
Driver info: org.openqa.selenium.chrome.ChromeDriver
Capabilities {acceptInsecureCerts: false, browserName: chrome, browserVersion: 96.0.4664.110, chrome: {chromedriverVersion: 96.0.4664.45 (76e4c1bb2ab46..., userDataDir: /tmp/.com.google.Chrome.EHrc1I}, goog:chromeOptions: {debuggerAddress: localhost:43211}, javascriptEnabled: true, networkConnectionEnabled: false, pageLoadStrategy: normal, platform: LINUX, platformName: LINUX, proxy: Proxy(), setWindowRect: true, strictFileInteractability: false, timeouts: {implicit: 0, pageLoad: 300000, script: 30000}, unhandledPromptBehavior: dismiss and notify, webauthn:extension:credBlob: true, webauthn:extension:largeBlob: true, webauthn:virtualAuthenticators: true}
Session ID: 79e909ca9e6415570ba3ce13374f40d3
07:32:45.348 INFO  manager.MyListener - We have a 'throwable' ---> [Ljava.lang.StackTraceElement;@32996742
07:32:45.558 INFO  manager.MyListener - This is the link to screen with problem-->src/test/screenshots/screen-1965.png
07:32:45.560 INFO  tests.MainTests - Start test --->addNewCarSuccessProviderCSV
07:32:45.561 INFO  manager.MyListener - 'Start find' element--->By.xpath: //a[text()=' Logout ']
07:32:45.573 INFO  manager.MyListener - The element with locator --->By.xpath: //a[text()=' Logout ']<----was found
07:32:45.573 INFO  tests.MainTests -  'Car Reg number' 100-221965
07:32:46.574 INFO  manager.MyListener - 'Start find' element--->By.id: 1
07:32:46.592 INFO  manager.MyListener - The element with locator --->By.id: 1<----was found
07:32:50.262 INFO  manager.MyListener - 'Start find' element--->By.id: pickUpPlace
07:32:50.272 INFO  manager.MyListener - The element with locator --->By.id: pickUpPlace<----was found
07:32:51.339 INFO  manager.MyListener - We have a 'throwable' ---> element click intercepted: Element <input _ngcontent-vvb-c81="" autocomplete="off" formcontrolname="pickUpPlace" id="pickUpPlace" placeholder="Enter your address" type="text" class="pac-target-input ng-touched ng-dirty ng-valid"> is not clickable at point (443, 367). Other element would receive the click: <div class="cdk-overlay-backdrop cdk-overlay-dark-backdrop cdk-overlay-backdrop-showing"></div>
  (Session info: chrome=96.0.4664.110)
Build info: version: '3.141.59', revision: 'e82be7d358', time: '2018-11-14T08:17:03'
System info: host: 'desktopirina', ip: '127.0.1.1', os.name: 'Linux', os.arch: 'amd64', os.version: '5.14.0-1033-oem', java.version: '11.0.15'
Driver info: org.openqa.selenium.chrome.ChromeDriver
Capabilities {acceptInsecureCerts: false, browserName: chrome, browserVersion: 96.0.4664.110, chrome: {chromedriverVersion: 96.0.4664.45 (76e4c1bb2ab46..., userDataDir: /tmp/.com.google.Chrome.EHrc1I}, goog:chromeOptions: {debuggerAddress: localhost:43211}, javascriptEnabled: true, networkConnectionEnabled: false, pageLoadStrategy: normal, platform: LINUX, platformName: LINUX, proxy: Proxy(), setWindowRect: true, strictFileInteractability: false, timeouts: {implicit: 0, pageLoad: 300000, script: 30000}, unhandledPromptBehavior: dismiss and notify, webauthn:extension:credBlob: true, webauthn:extension:largeBlob: true, webauthn:virtualAuthenticators: true}
Session ID: 79e909ca9e6415570ba3ce13374f40d3
07:32:51.341 INFO  manager.MyListener - We have a 'throwable' ---> [Ljava.lang.StackTraceElement;@2b6501b9
07:32:51.522 INFO  manager.MyListener - This is the link to screen with problem-->src/test/screenshots/screen-1971.png
07:32:51.523 INFO  tests.MainTests - Start test --->addNewCarSuccessProviderCSV
07:32:51.525 INFO  manager.MyListener - 'Start find' element--->By.xpath: //a[text()=' Logout ']
07:32:51.533 INFO  manager.MyListener - The element with locator --->By.xpath: //a[text()=' Logout ']<----was found
07:32:51.534 INFO  tests.MainTests -  'Car Reg number' 100-221971
07:32:52.535 INFO  manager.MyListener - 'Start find' element--->By.id: 1
07:32:52.549 INFO  manager.MyListener - The element with locator --->By.id: 1<----was found
07:32:53.604 INFO  manager.MyListener - We have a 'throwable' ---> element click intercepted: Element <a _ngcontent-vvb-c25="" class="navigation-link" id="1" href="/let-car-work">...</a> is not clickable at point (1096, 9). Other element would receive the click: <div class="cdk-overlay-backdrop cdk-overlay-dark-backdrop cdk-overlay-backdrop-showing"></div>
  (Session info: chrome=96.0.4664.110)
Build info: version: '3.141.59', revision: 'e82be7d358', time: '2018-11-14T08:17:03'
System info: host: 'desktopirina', ip: '127.0.1.1', os.name: 'Linux', os.arch: 'amd64', os.version: '5.14.0-1033-oem', java.version: '11.0.15'
Driver info: org.openqa.selenium.chrome.ChromeDriver
Capabilities {acceptInsecureCerts: false, browserName: chrome, browserVersion: 96.0.4664.110, chrome: {chromedriverVersion: 96.0.4664.45 (76e4c1bb2ab46..., userDataDir: /tmp/.com.google.Chrome.EHrc1I}, goog:chromeOptions: {debuggerAddress: localhost:43211}, javascriptEnabled: true, networkConnectionEnabled: false, pageLoadStrategy: normal, platform: LINUX, platformName: LINUX, proxy: Proxy(), setWindowRect: true, strictFileInteractability: false, timeouts: {implicit: 0, pageLoad: 300000, script: 30000}, unhandledPromptBehavior: dismiss and notify, webauthn:extension:credBlob: true, webauthn:extension:largeBlob: true, webauthn:virtualAuthenticators: true}
Session ID: 79e909ca9e6415570ba3ce13374f40d3
07:32:53.606 INFO  manager.MyListener - We have a 'throwable' ---> [Ljava.lang.StackTraceElement;@20636310
07:32:53.804 INFO  manager.MyListener - This is the link to screen with problem-->src/test/screenshots/screen-1973.png
