07:16:46.095 INFO  manager.ApplicationManager - All tests start in ChromeDriver
07:16:48.099 INFO  tests.MainTests - Start test --->addNewCarSuccessProviderCSV
07:16:48.102 INFO  manager.MyListener - 'Start find' element--->By.xpath: //a[text()=' Logout ']
07:16:53.133 INFO  manager.MyListener - The element with locator --->By.xpath: //a[text()=' Logout ']<----was found
07:16:53.134 INFO  manager.MyListener - 'Start find' element--->By.xpath: //a[text()=' Log in ']
07:16:53.161 INFO  manager.MyListener - The element with locator --->By.xpath: //a[text()=' Log in ']<----was found
07:16:53.230 INFO  manager.MyListener - 'Start find' element--->By.id: email
07:16:53.241 INFO  manager.MyListener - The element with locator --->By.id: email<----was found
07:16:53.347 INFO  manager.MyListener - 'Start find' element--->By.id: password
07:16:53.359 INFO  manager.MyListener - The element with locator --->By.id: password<----was found
07:16:53.456 INFO  manager.MyListener - 'Start find' element--->By.cssSelector: [type='submit']
07:16:53.467 INFO  manager.MyListener - The element with locator --->By.cssSelector: [type='submit']<----was found
07:16:53.569 INFO  manager.MyListener - 'Start find' element--->By.cssSelector: [type='submit']
07:16:53.583 INFO  manager.MyListener - The element with locator --->By.cssSelector: [type='submit']<----was found
07:16:53.662 INFO  manager.MyListener - 'Start find' element--->By.xpath: //button[text()='Ok']
07:16:58.715 INFO  manager.MyListener - The element with locator --->By.xpath: //button[text()='Ok']<----was found
07:16:58.741 INFO  tests.MainTests - Test start with user -->  User{email='missira85@gmail.com', password='Irinka777$', name='null', lastNAme='null', phone='null'}
07:16:58.786 INFO  tests.MainTests -  'Car Reg number' 100-221018
07:16:59.787 INFO  manager.MyListener - 'Start find' element--->By.id: 1
07:16:59.811 INFO  manager.MyListener - The element with locator --->By.id: 1<----was found
07:16:59.929 INFO  manager.MyListener - 'Start find' element--->By.id: pickUpPlace
07:16:59.951 INFO  manager.MyListener - The element with locator --->By.id: pickUpPlace<----was found
07:17:00.142 INFO  manager.MyListener - 'Start find' element--->By.cssSelector: .pac-item
07:17:00.556 INFO  manager.MyListener - The element with locator --->By.cssSelector: .pac-item<----was found
07:17:01.103 INFO  manager.MyListener - 'Start find' element--->By.id: make
07:17:01.127 INFO  manager.MyListener - The element with locator --->By.id: make<----was found
07:17:01.292 INFO  manager.MyListener - 'Start find' element--->By.id: model
07:17:01.314 INFO  manager.MyListener - The element with locator --->By.id: model<----was found
07:17:01.478 INFO  manager.MyListener - 'Start find' element--->By.id: year
07:17:01.490 INFO  manager.MyListener - The element with locator --->By.id: year<----was found
07:17:01.659 INFO  manager.MyListener - 'Start find' element--->By.id: engine
07:17:01.682 INFO  manager.MyListener - The element with locator --->By.id: engine<----was found
07:17:01.813 INFO  manager.MyListener - 'Start find' element--->By.id: fuel
07:17:01.826 INFO  manager.MyListener - The element with locator --->By.id: fuel<----was found
07:17:01.851 INFO  manager.MyListener - 'Start find' element--->By.xpath: .//option[@value = "Gas"]
07:17:01.874 INFO  manager.MyListener - The element with locator --->By.xpath: .//option[@value = "Gas"]<----was found
07:17:01.927 INFO  manager.MyListener - 'Start find' element--->By.id: gear
07:17:01.943 INFO  manager.MyListener - The element with locator --->By.id: gear<----was found
07:17:01.967 INFO  manager.MyListener - 'Start find' element--->By.xpath: .//option[@value = "SMT"]
07:17:01.992 INFO  manager.MyListener - The element with locator --->By.xpath: .//option[@value = "SMT"]<----was found
07:17:02.048 INFO  manager.MyListener - 'Start find' element--->By.id: wheelsDrive
07:17:02.067 INFO  manager.MyListener - The element with locator --->By.id: wheelsDrive<----was found
07:17:02.091 INFO  manager.MyListener - 'Start find' element--->By.xpath: .//option[@value = "RWD"]
07:17:02.113 INFO  manager.MyListener - The element with locator --->By.xpath: .//option[@value = "RWD"]<----was found
07:17:02.173 INFO  manager.MyListener - 'Start find' element--->By.id: doors
07:17:02.196 INFO  manager.MyListener - The element with locator --->By.id: doors<----was found
07:17:02.368 INFO  manager.MyListener - 'Start find' element--->By.id: seats
07:17:02.389 INFO  manager.MyListener - The element with locator --->By.id: seats<----was found
07:17:02.567 INFO  manager.MyListener - 'Start find' element--->By.id: class
07:17:02.589 INFO  manager.MyListener - The element with locator --->By.id: class<----was found
07:17:02.714 INFO  manager.MyListener - 'Start find' element--->By.id: fuelConsumption
07:17:02.727 INFO  manager.MyListener - The element with locator --->By.id: fuelConsumption<----was found
07:17:02.909 INFO  manager.MyListener - 'Start find' element--->By.id: serialNumber
07:17:02.932 INFO  manager.MyListener - The element with locator --->By.id: serialNumber<----was found
07:17:03.092 INFO  manager.MyListener - 'Start find' element--->By.id: price
07:17:03.107 INFO  manager.MyListener - The element with locator --->By.id: price<----was found
07:17:03.253 INFO  manager.MyListener - 'Start find' element--->By.id: distance
07:17:03.274 INFO  manager.MyListener - The element with locator --->By.id: distance<----was found
07:17:03.455 INFO  manager.MyListener - 'Start find' element--->By.cssSelector: .feature-input
07:17:03.477 INFO  manager.MyListener - The element with locator --->By.cssSelector: .feature-input<----was found
07:17:03.621 INFO  manager.MyListener - 'Start find' element--->By.id: about
07:17:03.633 INFO  manager.MyListener - The element with locator --->By.id: about<----was found
07:17:03.761 INFO  manager.MyListener - 'Start find' element--->By.id: photos
07:17:03.773 INFO  manager.MyListener - The element with locator --->By.id: photos<----was found
07:17:03.850 INFO  tests.MainTests - Attach photo --> /home/i-istomin/TelRan/SYSTEMS/Ilcarro_Test/orange-car.png
07:17:03.851 INFO  manager.MyListener - 'Start find' element--->By.cssSelector: [type='submit']
07:17:03.863 INFO  manager.MyListener - The element with locator --->By.cssSelector: [type='submit']<----was found
07:17:05.511 INFO  manager.MyListener - 'Start find' element--->By.cssSelector: [type='submit']
07:17:05.523 INFO  manager.MyListener - The element with locator --->By.cssSelector: [type='submit']<----was found
07:17:05.580 INFO  manager.MyListener - 'Start find' element--->By.cssSelector: div.dialog-container
07:17:09.174 INFO  manager.MyListener - The element with locator --->By.cssSelector: div.dialog-container<----was found
07:17:09.199 INFO  manager.MyListener - 'Start find' element--->By.cssSelector: div.dialog-container h1
07:17:09.219 INFO  manager.MyListener - The element with locator --->By.cssSelector: div.dialog-container h1<----was found
07:17:09.240 INFO  manager.MyListener - 'Start find' element--->By.xpath: //button[text()='Search cars']
07:17:14.296 INFO  manager.MyListener - We have a 'throwable' ---> no such element: Unable to locate element: {"method":"xpath","selector":"//button[text()='Search cars']"}
  (Session info: chrome=96.0.4664.110)
For documentation on this error, please visit: https://www.seleniumhq.org/exceptions/no_such_element.html
Build info: version: '3.141.59', revision: 'e82be7d358', time: '2018-11-14T08:17:03'
System info: host: 'desktopirina', ip: '127.0.1.1', os.name: 'Linux', os.arch: 'amd64', os.version: '5.14.0-1033-oem', java.version: '11.0.15'
Driver info: org.openqa.selenium.chrome.ChromeDriver
Capabilities {acceptInsecureCerts: false, browserName: chrome, browserVersion: 96.0.4664.110, chrome: {chromedriverVersion: 96.0.4664.45 (76e4c1bb2ab46..., userDataDir: /tmp/.com.google.Chrome.dvvyH9}, goog:chromeOptions: {debuggerAddress: localhost:45385}, javascriptEnabled: true, networkConnectionEnabled: false, pageLoadStrategy: normal, platform: LINUX, platformName: LINUX, proxy: Proxy(), setWindowRect: true, strictFileInteractability: false, timeouts: {implicit: 0, pageLoad: 300000, script: 30000}, unhandledPromptBehavior: dismiss and notify, webauthn:extension:credBlob: true, webauthn:extension:largeBlob: true, webauthn:virtualAuthenticators: true}
Session ID: 04b4fa493523175ddc1ea0919992b625
*** Element info: {Using=xpath, value=//button[text()='Search cars']}
07:17:14.298 INFO  manager.MyListener - We have a 'throwable' ---> [Ljava.lang.StackTraceElement;@4fabec1e
07:17:14.532 INFO  manager.MyListener - This is the link to screen with problem-->src/test/screenshots/screen-1034.png
07:17:14.536 INFO  tests.MainTests - Start test --->addNewCarSuccessProviderCSV
07:17:14.537 INFO  manager.MyListener - 'Start find' element--->By.xpath: //a[text()=' Logout ']
07:17:14.560 INFO  manager.MyListener - The element with locator --->By.xpath: //a[text()=' Logout ']<----was found
07:17:14.561 INFO  tests.MainTests -  'Car Reg number' 100-221034
07:17:15.562 INFO  manager.MyListener - 'Start find' element--->By.id: 1
07:17:15.584 INFO  manager.MyListener - The element with locator --->By.id: 1<----was found
07:17:20.641 INFO  manager.MyListener - We have a 'throwable' ---> element not interactable
  (Session info: chrome=96.0.4664.110)
Build info: version: '3.141.59', revision: 'e82be7d358', time: '2018-11-14T08:17:03'
System info: host: 'desktopirina', ip: '127.0.1.1', os.name: 'Linux', os.arch: 'amd64', os.version: '5.14.0-1033-oem', java.version: '11.0.15'
Driver info: org.openqa.selenium.chrome.ChromeDriver
Capabilities {acceptInsecureCerts: false, browserName: chrome, browserVersion: 96.0.4664.110, chrome: {chromedriverVersion: 96.0.4664.45 (76e4c1bb2ab46..., userDataDir: /tmp/.com.google.Chrome.dvvyH9}, goog:chromeOptions: {debuggerAddress: localhost:45385}, javascriptEnabled: true, networkConnectionEnabled: false, pageLoadStrategy: normal, platform: LINUX, platformName: LINUX, proxy: Proxy(), setWindowRect: true, strictFileInteractability: false, timeouts: {implicit: 0, pageLoad: 300000, script: 30000}, unhandledPromptBehavior: dismiss and notify, webauthn:extension:credBlob: true, webauthn:extension:largeBlob: true, webauthn:virtualAuthenticators: true}
Session ID: 04b4fa493523175ddc1ea0919992b625
07:17:20.642 INFO  manager.MyListener - We have a 'throwable' ---> [Ljava.lang.StackTraceElement;@60373829
07:17:20.823 INFO  manager.MyListener - This is the link to screen with problem-->src/test/screenshots/screen-1040.png
07:17:20.833 INFO  tests.MainTests - Start test --->addNewCarSuccessProviderCSV
07:17:20.841 INFO  manager.MyListener - 'Start find' element--->By.xpath: //a[text()=' Logout ']
07:17:20.854 INFO  manager.MyListener - The element with locator --->By.xpath: //a[text()=' Logout ']<----was found
07:17:20.855 INFO  tests.MainTests -  'Car Reg number' 100-221040
07:17:21.855 INFO  manager.MyListener - 'Start find' element--->By.id: 1
07:17:21.879 INFO  manager.MyListener - The element with locator --->By.id: 1<----was found
07:17:26.915 INFO  manager.MyListener - We have a 'throwable' ---> element not interactable
  (Session info: chrome=96.0.4664.110)
Build info: version: '3.141.59', revision: 'e82be7d358', time: '2018-11-14T08:17:03'
System info: host: 'desktopirina', ip: '127.0.1.1', os.name: 'Linux', os.arch: 'amd64', os.version: '5.14.0-1033-oem', java.version: '11.0.15'
Driver info: org.openqa.selenium.chrome.ChromeDriver
Capabilities {acceptInsecureCerts: false, browserName: chrome, browserVersion: 96.0.4664.110, chrome: {chromedriverVersion: 96.0.4664.45 (76e4c1bb2ab46..., userDataDir: /tmp/.com.google.Chrome.dvvyH9}, goog:chromeOptions: {debuggerAddress: localhost:45385}, javascriptEnabled: true, networkConnectionEnabled: false, pageLoadStrategy: normal, platform: LINUX, platformName: LINUX, proxy: Proxy(), setWindowRect: true, strictFileInteractability: false, timeouts: {implicit: 0, pageLoad: 300000, script: 30000}, unhandledPromptBehavior: dismiss and notify, webauthn:extension:credBlob: true, webauthn:extension:largeBlob: true, webauthn:virtualAuthenticators: true}
Session ID: 04b4fa493523175ddc1ea0919992b625
07:17:26.915 INFO  manager.MyListener - We have a 'throwable' ---> [Ljava.lang.StackTraceElement;@5bb1c74f
07:17:27.102 INFO  manager.MyListener - This is the link to screen with problem-->src/test/screenshots/screen-1046.png
