22:46:47.904 INFO  manager.ApplicationManager - All tests start in ChromeDriver
22:46:49.508 INFO  manager.MyListener - 'Start find' element--->By.xpath: //a[text()=' Logout ']
22:46:54.533 INFO  manager.MyListener - The element with locator --->By.xpath: //a[text()=' Logout ']<----was found
22:46:54.537 INFO  tests.MainTests - start testloginModelDataProvider
22:46:54.560 INFO  manager.MyListener - 'Start find' element--->By.xpath: //a[text()=' Log in ']
22:46:54.584 INFO  manager.MyListener - The element with locator --->By.xpath: //a[text()=' Log in ']<----was found
22:46:54.672 INFO  manager.MyListener - 'Start find' element--->By.id: email
22:46:54.697 INFO  manager.MyListener - The element with locator --->By.id: email<----was found
22:46:54.909 INFO  manager.MyListener - 'Start find' element--->By.id: password
22:46:54.927 INFO  manager.MyListener - The element with locator --->By.id: password<----was found
22:46:55.106 INFO  manager.MyListener - 'Start find' element--->By.cssSelector: [type='submit']
22:46:55.126 INFO  manager.MyListener - The element with locator --->By.cssSelector: [type='submit']<----was found
22:46:55.213 INFO  manager.MyListener - 'Start find' element--->By.cssSelector: [type='submit']
22:46:55.228 INFO  manager.MyListener - The element with locator --->By.cssSelector: [type='submit']<----was found
22:46:56.308 INFO  manager.MyListener - 'Start find' element--->By.cssSelector: .dialog-container
22:46:56.332 INFO  manager.MyListener - The element with locator --->By.cssSelector: .dialog-container<----was found
22:46:56.369 INFO  manager.MyListener - 'Start find' element--->By.cssSelector: .dialog-container h2
22:46:56.389 INFO  manager.MyListener - The element with locator --->By.cssSelector: .dialog-container h2<----was found
22:46:56.416 INFO  manager.MyListener - 'Start find' element--->By.xpath: //button[text()='Ok']
22:46:56.436 INFO  manager.MyListener - The element with locator --->By.xpath: //button[text()='Ok']<----was found
22:46:56.437 INFO  manager.MyListener - 'Start find' element--->By.xpath: //button[text()='Ok']
22:46:56.454 INFO  manager.MyListener - The element with locator --->By.xpath: //button[text()='Ok']<----was found
22:46:56.504 INFO  tests.MainTests - End of testloginModelDataProvider
22:46:56.506 INFO  manager.MyListener - 'Start find' element--->By.xpath: //a[text()=' Logout ']
22:46:56.527 INFO  manager.MyListener - The element with locator --->By.xpath: //a[text()=' Logout ']<----was found
22:46:56.528 INFO  manager.MyListener - 'Start find' element--->By.xpath: //*[text()=' Logout ']
22:46:56.554 INFO  manager.MyListener - The element with locator --->By.xpath: //*[text()=' Logout ']<----was found
22:46:56.668 INFO  tests.MainTests - Test needs logout
22:46:56.671 INFO  tests.MainTests - start testloginModelDataProvider
22:46:56.673 INFO  manager.MyListener - 'Start find' element--->By.xpath: //a[text()=' Log in ']
22:46:56.692 INFO  manager.MyListener - The element with locator --->By.xpath: //a[text()=' Log in ']<----was found
22:46:56.777 INFO  manager.MyListener - 'Start find' element--->By.id: email
22:46:56.795 INFO  manager.MyListener - The element with locator --->By.id: email<----was found
22:46:56.984 INFO  manager.MyListener - 'Start find' element--->By.id: password
22:46:56.999 INFO  manager.MyListener - The element with locator --->By.id: password<----was found
22:46:57.167 INFO  manager.MyListener - 'Start find' element--->By.cssSelector: [type='submit']
22:46:57.183 INFO  manager.MyListener - The element with locator --->By.cssSelector: [type='submit']<----was found
22:46:57.235 INFO  manager.MyListener - 'Start find' element--->By.cssSelector: [type='submit']
22:46:57.248 INFO  manager.MyListener - The element with locator --->By.cssSelector: [type='submit']<----was found
22:46:58.314 INFO  manager.MyListener - 'Start find' element--->By.cssSelector: .dialog-container
22:46:58.331 INFO  manager.MyListener - The element with locator --->By.cssSelector: .dialog-container<----was found
22:46:58.365 INFO  manager.MyListener - 'Start find' element--->By.cssSelector: .dialog-container h2
22:46:58.380 INFO  manager.MyListener - The element with locator --->By.cssSelector: .dialog-container h2<----was found
22:46:58.402 INFO  manager.MyListener - 'Start find' element--->By.xpath: //button[text()='Ok']
22:46:58.416 INFO  manager.MyListener - The element with locator --->By.xpath: //button[text()='Ok']<----was found
22:46:58.417 INFO  manager.MyListener - 'Start find' element--->By.xpath: //button[text()='Ok']
22:46:58.430 INFO  manager.MyListener - The element with locator --->By.xpath: //button[text()='Ok']<----was found
22:46:58.484 INFO  tests.MainTests - End of testloginModelDataProvider
22:46:58.486 INFO  manager.MyListener - 'Start find' element--->By.xpath: //a[text()=' Logout ']
22:47:03.545 INFO  manager.MyListener - The element with locator --->By.xpath: //a[text()=' Logout ']<----was found
22:47:03.546 INFO  tests.MainTests - start testloginModelDataProvider
22:47:03.548 INFO  manager.MyListener - 'Start find' element--->By.xpath: //a[text()=' Log in ']
22:47:03.562 INFO  manager.MyListener - The element with locator --->By.xpath: //a[text()=' Log in ']<----was found
22:47:03.611 INFO  manager.MyListener - 'Start find' element--->By.id: email
22:47:03.635 INFO  manager.MyListener - The element with locator --->By.id: email<----was found
22:47:03.791 INFO  manager.MyListener - 'Start find' element--->By.id: password
22:47:03.806 INFO  manager.MyListener - The element with locator --->By.id: password<----was found
22:47:03.980 INFO  manager.MyListener - 'Start find' element--->By.cssSelector: [type='submit']
22:47:04.002 INFO  manager.MyListener - The element with locator --->By.cssSelector: [type='submit']<----was found
22:47:04.086 INFO  manager.MyListener - 'Start find' element--->By.cssSelector: [type='submit']
22:47:04.102 INFO  manager.MyListener - The element with locator --->By.cssSelector: [type='submit']<----was found
22:47:05.149 INFO  manager.MyListener - 'Start find' element--->By.cssSelector: .dialog-container
22:47:05.166 INFO  manager.MyListener - The element with locator --->By.cssSelector: .dialog-container<----was found
22:47:05.252 INFO  manager.MyListener - 'Start find' element--->By.cssSelector: .dialog-container h2
22:47:05.265 INFO  manager.MyListener - The element with locator --->By.cssSelector: .dialog-container h2<----was found
22:47:05.288 INFO  manager.MyListener - 'Start find' element--->By.xpath: //button[text()='Ok']
22:47:05.305 INFO  manager.MyListener - The element with locator --->By.xpath: //button[text()='Ok']<----was found
22:47:05.306 INFO  manager.MyListener - 'Start find' element--->By.xpath: //button[text()='Ok']
22:47:05.319 INFO  manager.MyListener - The element with locator --->By.xpath: //button[text()='Ok']<----was found
22:47:05.375 INFO  tests.MainTests - End of testloginModelDataProvider
22:47:05.379 INFO  manager.MyListener - 'Start find' element--->By.xpath: //a[text()=' Logout ']
22:47:10.412 INFO  manager.MyListener - The element with locator --->By.xpath: //a[text()=' Logout ']<----was found
22:47:10.414 INFO  tests.MainTests - start testloginModelDataProvider
22:47:10.416 INFO  manager.MyListener - 'Start find' element--->By.xpath: //a[text()=' Log in ']
22:47:10.438 INFO  manager.MyListener - The element with locator --->By.xpath: //a[text()=' Log in ']<----was found
22:47:10.511 INFO  manager.MyListener - 'Start find' element--->By.id: email
22:47:10.534 INFO  manager.MyListener - The element with locator --->By.id: email<----was found
22:47:10.753 INFO  manager.MyListener - 'Start find' element--->By.id: password
22:47:10.783 INFO  manager.MyListener - The element with locator --->By.id: password<----was found
22:47:11.005 INFO  manager.MyListener - 'Start find' element--->By.cssSelector: [type='submit']
22:47:11.027 INFO  manager.MyListener - The element with locator --->By.cssSelector: [type='submit']<----was found
22:47:11.079 INFO  manager.MyListener - 'Start find' element--->By.cssSelector: [type='submit']
22:47:11.094 INFO  manager.MyListener - The element with locator --->By.cssSelector: [type='submit']<----was found
22:47:12.176 INFO  manager.MyListener - 'Start find' element--->By.cssSelector: .dialog-container
22:47:12.199 INFO  manager.MyListener - The element with locator --->By.cssSelector: .dialog-container<----was found
22:47:12.230 INFO  manager.MyListener - 'Start find' element--->By.cssSelector: .dialog-container h2
22:47:12.249 INFO  manager.MyListener - The element with locator --->By.cssSelector: .dialog-container h2<----was found
22:47:12.271 INFO  manager.MyListener - 'Start find' element--->By.xpath: //button[text()='Ok']
22:47:12.293 INFO  manager.MyListener - The element with locator --->By.xpath: //button[text()='Ok']<----was found
22:47:12.293 INFO  manager.MyListener - 'Start find' element--->By.xpath: //button[text()='Ok']
22:47:12.311 INFO  manager.MyListener - The element with locator --->By.xpath: //button[text()='Ok']<----was found
22:47:12.361 INFO  tests.MainTests - End of testloginModelDataProvider
