11:07:27.051 INFO  manager.ApplicationManager - All tests start in ChromeDriver
11:07:28.455 INFO  manager.MyListener - 'Start find' element--->By.xpath: //a[text()=' Logout ']
11:07:33.495 INFO  manager.MyListener - The element with locator --->By.xpath: //a[text()=' Logout ']<----was found
11:07:33.499 INFO  tests.MainTests - start testloginSuccessNew1
11:07:33.501 INFO  tests.MainTests - Testing 'loginSuccessNew1' 
11:07:33.501 INFO  manager.MyListener - 'Start find' element--->By.xpath: //a[text()=' Log in ']
11:07:33.524 INFO  manager.MyListener - The element with locator --->By.xpath: //a[text()=' Log in ']<----was found
11:07:33.614 INFO  manager.MyListener - 'Start find' element--->By.xpath: //input[@id='email']
11:07:33.631 INFO  manager.MyListener - The element with locator --->By.xpath: //input[@id='email']<----was found
11:07:33.800 INFO  manager.MyListener - 'Start find' element--->By.xpath: //input[@id='password']
11:07:33.812 INFO  manager.MyListener - The element with locator --->By.xpath: //input[@id='password']<----was found
11:07:33.911 INFO  manager.MyListener - 'Start find' element--->By.cssSelector: [type='submit']
11:07:33.923 INFO  manager.MyListener - The element with locator --->By.cssSelector: [type='submit']<----was found
11:07:33.982 INFO  manager.MyListener - 'Start find' element--->By.cssSelector: [type='submit']
11:07:33.993 INFO  manager.MyListener - The element with locator --->By.cssSelector: [type='submit']<----was found
11:07:35.030 INFO  manager.MyListener - 'Start find' element--->By.cssSelector: .dialog-container
11:07:35.054 INFO  manager.MyListener - The element with locator --->By.cssSelector: .dialog-container<----was found
11:07:35.089 INFO  manager.MyListener - 'Start find' element--->By.cssSelector: .dialog-container h2
11:07:35.110 INFO  manager.MyListener - The element with locator --->By.cssSelector: .dialog-container h2<----was found
11:07:35.133 INFO  tests.MainTests - Test 'loginSuccessNew1' passed successfully
11:07:35.136 INFO  manager.MyListener - 'Start find' element--->By.xpath: //button[text()='Ok']
11:07:35.158 INFO  manager.MyListener - The element with locator --->By.xpath: //button[text()='Ok']<----was found
11:07:35.159 INFO  manager.MyListener - 'Start find' element--->By.xpath: //button[text()='Ok']
11:07:35.179 INFO  manager.MyListener - The element with locator --->By.xpath: //button[text()='Ok']<----was found
11:07:35.237 INFO  tests.MainTests - End of testloginSuccessNew1
