07:41:56.498 INFO  manager.ApplicationManager - All tests start in ChromeDriver
07:41:57.952 INFO  tests.MainTests - Start test --->addNewCarSuccessProviderCSV
07:41:57.955 INFO  manager.MyListener - 'Start find' element--->By.xpath: //a[text()=' Logout ']
07:42:02.977 INFO  manager.MyListener - The element with locator --->By.xpath: //a[text()=' Logout ']<----was found
07:42:02.978 INFO  manager.MyListener - 'Start find' element--->By.xpath: //a[text()=' Log in ']
07:42:03.000 INFO  manager.MyListener - The element with locator --->By.xpath: //a[text()=' Log in ']<----was found
07:42:03.075 INFO  manager.MyListener - 'Start find' element--->By.id: email
07:42:03.086 INFO  manager.MyListener - The element with locator --->By.id: email<----was found
07:42:03.267 INFO  manager.MyListener - 'Start find' element--->By.id: password
07:42:03.278 INFO  manager.MyListener - The element with locator --->By.id: password<----was found
07:42:03.437 INFO  manager.MyListener - 'Start find' element--->By.cssSelector: [type='submit']
07:42:03.472 INFO  manager.MyListener - The element with locator --->By.cssSelector: [type='submit']<----was found
07:42:03.520 INFO  manager.MyListener - 'Start find' element--->By.cssSelector: [type='submit']
07:42:03.529 INFO  manager.MyListener - The element with locator --->By.cssSelector: [type='submit']<----was found
07:42:03.566 INFO  manager.MyListener - 'Start find' element--->By.xpath: //button[text()='Ok']
07:42:04.192 INFO  manager.MyListener - The element with locator --->By.xpath: //button[text()='Ok']<----was found
07:42:04.192 INFO  manager.MyListener - 'Start find' element--->By.xpath: //button[text()='Ok']
07:42:04.205 INFO  manager.MyListener - The element with locator --->By.xpath: //button[text()='Ok']<----was found
07:42:04.278 INFO  tests.MainTests - Test start with user -->  User{email='missira85@gmail.com', password='Irinka777$', name='null', lastNAme='null', phone='null'}
07:42:04.329 INFO  tests.MainTests -  'Car Reg number' 100-222524
07:42:05.330 INFO  manager.MyListener - 'Start find' element--->By.id: 1
07:42:05.355 INFO  manager.MyListener - The element with locator --->By.id: 1<----was found
07:42:05.446 INFO  manager.MyListener - 'Start find' element--->By.id: pickUpPlace
07:42:05.459 INFO  manager.MyListener - The element with locator --->By.id: pickUpPlace<----was found
07:42:05.582 INFO  manager.MyListener - 'Start find' element--->By.cssSelector: .pac-item
07:42:05.935 INFO  manager.MyListener - The element with locator --->By.cssSelector: .pac-item<----was found
07:42:06.493 INFO  manager.MyListener - 'Start find' element--->By.id: make
07:42:06.519 INFO  manager.MyListener - The element with locator --->By.id: make<----was found
07:42:06.668 INFO  manager.MyListener - 'Start find' element--->By.id: model
07:42:06.687 INFO  manager.MyListener - The element with locator --->By.id: model<----was found
07:42:06.845 INFO  manager.MyListener - 'Start find' element--->By.id: year
07:42:06.858 INFO  manager.MyListener - The element with locator --->By.id: year<----was found
07:42:07.046 INFO  manager.MyListener - 'Start find' element--->By.id: engine
07:42:07.068 INFO  manager.MyListener - The element with locator --->By.id: engine<----was found
07:42:07.233 INFO  manager.MyListener - 'Start find' element--->By.id: fuel
07:42:07.252 INFO  manager.MyListener - The element with locator --->By.id: fuel<----was found
07:42:07.276 INFO  manager.MyListener - 'Start find' element--->By.xpath: .//option[@value = "Gas"]
07:42:07.300 INFO  manager.MyListener - The element with locator --->By.xpath: .//option[@value = "Gas"]<----was found
07:42:07.357 INFO  manager.MyListener - 'Start find' element--->By.id: gear
07:42:07.381 INFO  manager.MyListener - The element with locator --->By.id: gear<----was found
07:42:07.408 INFO  manager.MyListener - 'Start find' element--->By.xpath: .//option[@value = "SMT"]
07:42:07.432 INFO  manager.MyListener - The element with locator --->By.xpath: .//option[@value = "SMT"]<----was found
07:42:07.486 INFO  manager.MyListener - 'Start find' element--->By.id: wheelsDrive
07:42:07.499 INFO  manager.MyListener - The element with locator --->By.id: wheelsDrive<----was found
07:42:07.514 INFO  manager.MyListener - 'Start find' element--->By.xpath: .//option[@value = "RWD"]
07:42:07.527 INFO  manager.MyListener - The element with locator --->By.xpath: .//option[@value = "RWD"]<----was found
07:42:07.557 INFO  manager.MyListener - 'Start find' element--->By.id: doors
07:42:07.570 INFO  manager.MyListener - The element with locator --->By.id: doors<----was found
07:42:07.707 INFO  manager.MyListener - 'Start find' element--->By.id: seats
07:42:07.719 INFO  manager.MyListener - The element with locator --->By.id: seats<----was found
07:42:07.834 INFO  manager.MyListener - 'Start find' element--->By.id: class
07:42:07.847 INFO  manager.MyListener - The element with locator --->By.id: class<----was found
07:42:07.932 INFO  manager.MyListener - 'Start find' element--->By.id: fuelConsumption
07:42:07.947 INFO  manager.MyListener - The element with locator --->By.id: fuelConsumption<----was found
07:42:08.066 INFO  manager.MyListener - 'Start find' element--->By.id: serialNumber
07:42:08.088 INFO  manager.MyListener - The element with locator --->By.id: serialNumber<----was found
07:42:08.264 INFO  manager.MyListener - 'Start find' element--->By.id: price
07:42:08.275 INFO  manager.MyListener - The element with locator --->By.id: price<----was found
07:42:08.403 INFO  manager.MyListener - 'Start find' element--->By.id: distance
07:42:08.423 INFO  manager.MyListener - The element with locator --->By.id: distance<----was found
07:42:08.610 INFO  manager.MyListener - 'Start find' element--->By.cssSelector: .feature-input
07:42:08.631 INFO  manager.MyListener - The element with locator --->By.cssSelector: .feature-input<----was found
07:42:08.780 INFO  manager.MyListener - 'Start find' element--->By.id: about
07:42:08.792 INFO  manager.MyListener - The element with locator --->By.id: about<----was found
07:42:08.889 INFO  manager.MyListener - 'Start find' element--->By.id: photos
07:42:08.900 INFO  manager.MyListener - The element with locator --->By.id: photos<----was found
07:42:09.955 INFO  tests.MainTests - Attach photo --> /home/i-istomin/TelRan/SYSTEMS/Ilcarro_Test/orange-car.png
07:42:09.956 INFO  manager.MyListener - 'Start find' element--->By.cssSelector: [type='submit']
07:42:09.971 INFO  manager.MyListener - The element with locator --->By.cssSelector: [type='submit']<----was found
07:42:10.556 INFO  manager.MyListener - 'Start find' element--->By.cssSelector: [type='submit']
07:42:10.569 INFO  manager.MyListener - The element with locator --->By.cssSelector: [type='submit']<----was found
07:42:10.631 INFO  manager.MyListener - 'Start find' element--->By.cssSelector: [type='submit']
07:42:10.642 INFO  manager.MyListener - The element with locator --->By.cssSelector: [type='submit']<----was found
07:42:10.678 INFO  manager.MyListener - 'Start find' element--->By.cssSelector: [type='submit']
07:42:10.690 INFO  manager.MyListener - The element with locator --->By.cssSelector: [type='submit']<----was found
07:42:11.769 INFO  manager.MyListener - We have a 'throwable' ---> element click intercepted: Element <button _ngcontent-cjp-c81="" type="submit">...</button> is not clickable at point (290, 917). Other element would receive the click: <div _ngcontent-cjp-c81="" class="progress-container ng-star-inserted">...</div>
  (Session info: chrome=96.0.4664.110)
Build info: version: '3.141.59', revision: 'e82be7d358', time: '2018-11-14T08:17:03'
System info: host: 'desktopirina', ip: '127.0.1.1', os.name: 'Linux', os.arch: 'amd64', os.version: '5.14.0-1033-oem', java.version: '11.0.15'
Driver info: org.openqa.selenium.chrome.ChromeDriver
Capabilities {acceptInsecureCerts: false, browserName: chrome, browserVersion: 96.0.4664.110, chrome: {chromedriverVersion: 96.0.4664.45 (76e4c1bb2ab46..., userDataDir: /tmp/.com.google.Chrome.Zgqjx4}, goog:chromeOptions: {debuggerAddress: localhost:46661}, javascriptEnabled: true, networkConnectionEnabled: false, pageLoadStrategy: normal, platform: LINUX, platformName: LINUX, proxy: Proxy(), setWindowRect: true, strictFileInteractability: false, timeouts: {implicit: 0, pageLoad: 300000, script: 30000}, unhandledPromptBehavior: dismiss and notify, webauthn:extension:credBlob: true, webauthn:extension:largeBlob: true, webauthn:virtualAuthenticators: true}
Session ID: c72178508bd60a54d98339071267364b
07:42:11.771 INFO  manager.MyListener - We have a 'throwable' ---> [Ljava.lang.StackTraceElement;@ba8f542
07:42:11.986 INFO  manager.MyListener - This is the link to screen with problem-->src/test/screenshots/screen-2531.png
07:42:11.988 INFO  tests.MainTests - Start test --->addNewCarSuccessProviderCSV
07:42:11.988 INFO  manager.MyListener - 'Start find' element--->By.xpath: //a[text()=' Logout ']
07:42:11.997 INFO  manager.MyListener - The element with locator --->By.xpath: //a[text()=' Logout ']<----was found
07:42:11.998 INFO  tests.MainTests -  'Car Reg number' 100-222531
07:42:12.999 INFO  manager.MyListener - 'Start find' element--->By.id: 1
07:42:13.015 INFO  manager.MyListener - The element with locator --->By.id: 1<----was found
07:42:18.038 INFO  manager.MyListener - We have a 'throwable' ---> element not interactable
  (Session info: chrome=96.0.4664.110)
Build info: version: '3.141.59', revision: 'e82be7d358', time: '2018-11-14T08:17:03'
System info: host: 'desktopirina', ip: '127.0.1.1', os.name: 'Linux', os.arch: 'amd64', os.version: '5.14.0-1033-oem', java.version: '11.0.15'
Driver info: org.openqa.selenium.chrome.ChromeDriver
Capabilities {acceptInsecureCerts: false, browserName: chrome, browserVersion: 96.0.4664.110, chrome: {chromedriverVersion: 96.0.4664.45 (76e4c1bb2ab46..., userDataDir: /tmp/.com.google.Chrome.Zgqjx4}, goog:chromeOptions: {debuggerAddress: localhost:46661}, javascriptEnabled: true, networkConnectionEnabled: false, pageLoadStrategy: normal, platform: LINUX, platformName: LINUX, proxy: Proxy(), setWindowRect: true, strictFileInteractability: false, timeouts: {implicit: 0, pageLoad: 300000, script: 30000}, unhandledPromptBehavior: dismiss and notify, webauthn:extension:credBlob: true, webauthn:extension:largeBlob: true, webauthn:virtualAuthenticators: true}
Session ID: c72178508bd60a54d98339071267364b
07:42:18.039 INFO  manager.MyListener - We have a 'throwable' ---> [Ljava.lang.StackTraceElement;@de7a46
07:42:18.234 INFO  manager.MyListener - This is the link to screen with problem-->src/test/screenshots/screen-2538.png
07:42:18.236 INFO  tests.MainTests - Start test --->addNewCarSuccessProviderCSV
07:42:18.238 INFO  manager.MyListener - 'Start find' element--->By.xpath: //a[text()=' Logout ']
07:42:18.248 INFO  manager.MyListener - The element with locator --->By.xpath: //a[text()=' Logout ']<----was found
07:42:18.249 INFO  tests.MainTests -  'Car Reg number' 100-222538
07:42:19.250 INFO  manager.MyListener - 'Start find' element--->By.id: 1
07:42:19.264 INFO  manager.MyListener - The element with locator --->By.id: 1<----was found
07:42:24.298 INFO  manager.MyListener - We have a 'throwable' ---> element not interactable
  (Session info: chrome=96.0.4664.110)
Build info: version: '3.141.59', revision: 'e82be7d358', time: '2018-11-14T08:17:03'
System info: host: 'desktopirina', ip: '127.0.1.1', os.name: 'Linux', os.arch: 'amd64', os.version: '5.14.0-1033-oem', java.version: '11.0.15'
Driver info: org.openqa.selenium.chrome.ChromeDriver
Capabilities {acceptInsecureCerts: false, browserName: chrome, browserVersion: 96.0.4664.110, chrome: {chromedriverVersion: 96.0.4664.45 (76e4c1bb2ab46..., userDataDir: /tmp/.com.google.Chrome.Zgqjx4}, goog:chromeOptions: {debuggerAddress: localhost:46661}, javascriptEnabled: true, networkConnectionEnabled: false, pageLoadStrategy: normal, platform: LINUX, platformName: LINUX, proxy: Proxy(), setWindowRect: true, strictFileInteractability: false, timeouts: {implicit: 0, pageLoad: 300000, script: 30000}, unhandledPromptBehavior: dismiss and notify, webauthn:extension:credBlob: true, webauthn:extension:largeBlob: true, webauthn:virtualAuthenticators: true}
Session ID: c72178508bd60a54d98339071267364b
07:42:24.299 INFO  manager.MyListener - We have a 'throwable' ---> [Ljava.lang.StackTraceElement;@5f390901
07:42:24.478 INFO  manager.MyListener - This is the link to screen with problem-->src/test/screenshots/screen-2544.png
