12:07:38.872 INFO  manager.ApplicationManager - All tests start in ChromeDriver
12:07:40.258 INFO  manager.MyListener - 'Start find' element--->By.xpath: //a[text()=' Logout ']
12:07:45.325 INFO  manager.MyListener - The element with locator --->By.xpath: //a[text()=' Logout ']<----was found
12:07:45.329 INFO  tests.MainTests - start testloginSuccessNew
12:07:45.331 INFO  tests.MainTests - Start test 'loginSuccessNew' 
12:07:45.331 INFO  tests.MainTests - The test starts with data [missira85@gmail.com] & [Irinka777$]
12:07:45.332 INFO  manager.MyListener - 'Start find' element--->By.xpath: //a[text()=' Log in ']
12:07:45.356 INFO  manager.MyListener - The element with locator --->By.xpath: //a[text()=' Log in ']<----was found
12:07:45.426 INFO  manager.MyListener - 'Start find' element--->By.xpath: //input[@id='email']
12:07:45.440 INFO  manager.MyListener - The element with locator --->By.xpath: //input[@id='email']<----was found
12:07:45.579 INFO  manager.MyListener - 'Start find' element--->By.xpath: //input[@id='password']
12:07:45.591 INFO  manager.MyListener - The element with locator --->By.xpath: //input[@id='password']<----was found
12:07:45.725 INFO  manager.MyListener - 'Start find' element--->By.cssSelector: [type='submit']
12:07:45.737 INFO  manager.MyListener - The element with locator --->By.cssSelector: [type='submit']<----was found
12:07:45.834 INFO  manager.MyListener - 'Start find' element--->By.cssSelector: [type='submit']
12:07:45.844 INFO  manager.MyListener - The element with locator --->By.cssSelector: [type='submit']<----was found
12:07:46.920 INFO  manager.MyListener - 'Start find' element--->By.cssSelector: .dialog-container
12:07:46.945 INFO  manager.MyListener - The element with locator --->By.cssSelector: .dialog-container<----was found
12:07:46.983 INFO  manager.MyListener - 'Start find' element--->By.cssSelector: .dialog-container h2
12:07:47.006 INFO  manager.MyListener - The element with locator --->By.cssSelector: .dialog-container h2<----was found
12:07:47.032 INFO  tests.MainTests - Test 'loginSuccessNew' passed successfully
12:07:47.035 INFO  manager.MyListener - 'Start find' element--->By.xpath: //button[text()='Ok']
12:07:47.053 INFO  manager.MyListener - The element with locator --->By.xpath: //button[text()='Ok']<----was found
12:07:47.054 INFO  manager.MyListener - 'Start find' element--->By.xpath: //button[text()='Ok']
12:07:47.070 INFO  manager.MyListener - The element with locator --->By.xpath: //button[text()='Ok']<----was found
12:07:47.122 INFO  tests.MainTests - End of testloginSuccessNew
