16:42:44.385 INFO  manager.ApplicationManager - All tests start in ChromeDriver
16:42:45.919 INFO  tests.MainTests - Start test --->addNewCarSuccessProviderCSV
16:42:45.923 INFO  manager.MyListener - 'Start find' element--->By.xpath: //a[text()=' Logout ']
16:42:50.950 INFO  manager.MyListener - The element with locator --->By.xpath: //a[text()=' Logout ']<----was found
16:42:50.951 INFO  manager.MyListener - 'Start find' element--->By.xpath: //a[text()=' Log in ']
16:42:50.976 INFO  manager.MyListener - The element with locator --->By.xpath: //a[text()=' Log in ']<----was found
16:42:51.061 INFO  manager.MyListener - 'Start find' element--->By.id: email
16:42:51.072 INFO  manager.MyListener - The element with locator --->By.id: email<----was found
16:42:51.177 INFO  manager.MyListener - 'Start find' element--->By.id: password
16:42:51.189 INFO  manager.MyListener - The element with locator --->By.id: password<----was found
16:42:51.274 INFO  manager.MyListener - 'Start find' element--->By.cssSelector: [type='submit']
16:42:51.285 INFO  manager.MyListener - The element with locator --->By.cssSelector: [type='submit']<----was found
16:42:51.329 INFO  manager.MyListener - 'Start find' element--->By.cssSelector: [type='submit']
16:42:51.337 INFO  manager.MyListener - The element with locator --->By.cssSelector: [type='submit']<----was found
16:42:51.369 INFO  manager.MyListener - 'Start find' element--->By.xpath: //button[text()='Ok']
16:42:52.113 INFO  manager.MyListener - The element with locator --->By.xpath: //button[text()='Ok']<----was found
16:42:52.114 INFO  manager.MyListener - 'Start find' element--->By.xpath: //button[text()='Ok']
16:42:52.130 INFO  manager.MyListener - The element with locator --->By.xpath: //button[text()='Ok']<----was found
16:42:52.172 INFO  tests.MainTests - Test start with user -->  User{email='missira85@gmail.com', password='Irinka777$', name='null', lastNAme='null', phone='null'}
16:42:52.198 INFO  tests.MainTests -  'Car Reg number' 100-222572
16:42:53.199 INFO  manager.MyListener - 'Start find' element--->By.id: 1
16:42:53.221 INFO  manager.MyListener - The element with locator --->By.id: 1<----was found
16:42:53.303 INFO  manager.MyListener - 'Start find' element--->By.id: pickUpPlace
16:42:53.315 INFO  manager.MyListener - The element with locator --->By.id: pickUpPlace<----was found
16:42:53.430 INFO  manager.MyListener - 'Start find' element--->By.cssSelector: .pac-item
16:42:53.781 INFO  manager.MyListener - The element with locator --->By.cssSelector: .pac-item<----was found
16:42:54.326 INFO  manager.MyListener - 'Start find' element--->By.id: make
16:42:54.348 INFO  manager.MyListener - The element with locator --->By.id: make<----was found
16:42:54.466 INFO  manager.MyListener - 'Start find' element--->By.id: model
16:42:54.481 INFO  manager.MyListener - The element with locator --->By.id: model<----was found
16:42:54.574 INFO  manager.MyListener - 'Start find' element--->By.id: year
16:42:54.585 INFO  manager.MyListener - The element with locator --->By.id: year<----was found
16:42:54.683 INFO  manager.MyListener - 'Start find' element--->By.id: engine
16:42:54.700 INFO  manager.MyListener - The element with locator --->By.id: engine<----was found
16:42:54.851 INFO  manager.MyListener - 'Start find' element--->By.id: fuel
16:42:54.866 INFO  manager.MyListener - The element with locator --->By.id: fuel<----was found
16:42:54.879 INFO  manager.MyListener - 'Start find' element--->By.xpath: .//option[@value = "Gas"]
16:42:54.895 INFO  manager.MyListener - The element with locator --->By.xpath: .//option[@value = "Gas"]<----was found
16:42:54.954 INFO  manager.MyListener - 'Start find' element--->By.id: gear
16:42:54.976 INFO  manager.MyListener - The element with locator --->By.id: gear<----was found
16:42:55.002 INFO  manager.MyListener - 'Start find' element--->By.xpath: .//option[@value = "SMT"]
16:42:55.021 INFO  manager.MyListener - The element with locator --->By.xpath: .//option[@value = "SMT"]<----was found
16:42:55.071 INFO  manager.MyListener - 'Start find' element--->By.id: wheelsDrive
16:42:55.084 INFO  manager.MyListener - The element with locator --->By.id: wheelsDrive<----was found
16:42:55.098 INFO  manager.MyListener - 'Start find' element--->By.xpath: .//option[@value = "WD"]
16:43:00.160 INFO  manager.MyListener - The element with locator --->By.xpath: .//option[@value = "WD"]<----was found
16:43:00.166 INFO  tests.MainTests - Start test --->addNewCarSuccessProviderCSV
16:43:00.168 INFO  manager.MyListener - 'Start find' element--->By.xpath: //a[text()=' Logout ']
16:43:00.184 INFO  manager.MyListener - The element with locator --->By.xpath: //a[text()=' Logout ']<----was found
16:43:00.186 INFO  tests.MainTests -  'Car Reg number' 100-222580
16:43:01.187 INFO  manager.MyListener - 'Start find' element--->By.id: 1
16:43:01.201 INFO  manager.MyListener - The element with locator --->By.id: 1<----was found
16:43:01.256 INFO  manager.MyListener - 'Start find' element--->By.id: pickUpPlace
16:43:01.265 INFO  manager.MyListener - The element with locator --->By.id: pickUpPlace<----was found
16:43:01.364 INFO  manager.MyListener - 'Start find' element--->By.cssSelector: .pac-item
16:43:01.659 INFO  manager.MyListener - The element with locator --->By.cssSelector: .pac-item<----was found
16:43:02.214 INFO  manager.MyListener - 'Start find' element--->By.id: make
16:43:02.229 INFO  manager.MyListener - The element with locator --->By.id: make<----was found
16:43:02.361 INFO  manager.MyListener - 'Start find' element--->By.id: model
16:43:02.369 INFO  manager.MyListener - The element with locator --->By.id: model<----was found
16:43:02.461 INFO  manager.MyListener - 'Start find' element--->By.id: year
16:43:02.470 INFO  manager.MyListener - The element with locator --->By.id: year<----was found
16:43:02.539 INFO  manager.MyListener - 'Start find' element--->By.id: engine
16:43:02.546 INFO  manager.MyListener - The element with locator --->By.id: engine<----was found
16:43:02.661 INFO  manager.MyListener - 'Start find' element--->By.id: fuel
16:43:02.669 INFO  manager.MyListener - The element with locator --->By.id: fuel<----was found
16:43:02.678 INFO  manager.MyListener - 'Start find' element--->By.xpath: .//option[@value = "Diesel"]
16:43:02.689 INFO  manager.MyListener - The element with locator --->By.xpath: .//option[@value = "Diesel"]<----was found
16:43:02.721 INFO  manager.MyListener - 'Start find' element--->By.id: gear
16:43:02.734 INFO  manager.MyListener - The element with locator --->By.id: gear<----was found
16:43:02.751 INFO  manager.MyListener - 'Start find' element--->By.xpath: .//option[@value = "SMT"]
16:43:02.764 INFO  manager.MyListener - The element with locator --->By.xpath: .//option[@value = "SMT"]<----was found
16:43:02.773 INFO  manager.MyListener - 'Start find' element--->By.id: wheelsDrive
16:43:02.785 INFO  manager.MyListener - The element with locator --->By.id: wheelsDrive<----was found
16:43:02.801 INFO  manager.MyListener - 'Start find' element--->By.xpath: .//option[@value = "WD"]
16:43:07.850 INFO  manager.MyListener - The element with locator --->By.xpath: .//option[@value = "WD"]<----was found
16:43:07.852 INFO  tests.MainTests - Start test --->addNewCarSuccessProviderCSV
16:43:07.854 INFO  manager.MyListener - 'Start find' element--->By.xpath: //a[text()=' Logout ']
16:43:07.870 INFO  manager.MyListener - The element with locator --->By.xpath: //a[text()=' Logout ']<----was found
16:43:07.872 INFO  tests.MainTests -  'Car Reg number' 100-222587
16:43:08.872 INFO  manager.MyListener - 'Start find' element--->By.id: 1
16:43:08.888 INFO  manager.MyListener - The element with locator --->By.id: 1<----was found
16:43:08.945 INFO  manager.MyListener - 'Start find' element--->By.id: pickUpPlace
16:43:08.965 INFO  manager.MyListener - The element with locator --->By.id: pickUpPlace<----was found
16:43:09.137 INFO  manager.MyListener - 'Start find' element--->By.cssSelector: .pac-item
16:43:10.095 INFO  manager.MyListener - The element with locator --->By.cssSelector: .pac-item<----was found
16:43:10.640 INFO  manager.MyListener - 'Start find' element--->By.id: make
16:43:10.656 INFO  manager.MyListener - The element with locator --->By.id: make<----was found
16:43:10.762 INFO  manager.MyListener - 'Start find' element--->By.id: model
16:43:10.769 INFO  manager.MyListener - The element with locator --->By.id: model<----was found
16:43:10.837 INFO  manager.MyListener - 'Start find' element--->By.id: year
16:43:10.844 INFO  manager.MyListener - The element with locator --->By.id: year<----was found
16:43:10.926 INFO  manager.MyListener - 'Start find' element--->By.id: engine
16:43:10.936 INFO  manager.MyListener - The element with locator --->By.id: engine<----was found
16:43:11.013 INFO  manager.MyListener - 'Start find' element--->By.id: fuel
16:43:11.021 INFO  manager.MyListener - The element with locator --->By.id: fuel<----was found
16:43:11.031 INFO  manager.MyListener - 'Start find' element--->By.xpath: .//option[@value = "Electric"]
16:43:11.046 INFO  manager.MyListener - The element with locator --->By.xpath: .//option[@value = "Electric"]<----was found
16:43:11.092 INFO  manager.MyListener - 'Start find' element--->By.id: gear
16:43:11.100 INFO  manager.MyListener - The element with locator --->By.id: gear<----was found
16:43:11.113 INFO  manager.MyListener - 'Start find' element--->By.xpath: .//option[@value = "AT"]
16:43:11.125 INFO  manager.MyListener - The element with locator --->By.xpath: .//option[@value = "AT"]<----was found
16:43:11.173 INFO  manager.MyListener - 'Start find' element--->By.id: wheelsDrive
16:43:11.185 INFO  manager.MyListener - The element with locator --->By.id: wheelsDrive<----was found
16:43:11.200 INFO  manager.MyListener - 'Start find' element--->By.xpath: .//option[@value = "WD"]
16:43:16.207 INFO  manager.MyListener - The element with locator --->By.xpath: .//option[@value = "WD"]<----was found
