10:46:57.479 INFO  manager.ApplicationManager - All tests start in ChromeDriver
10:46:58.888 INFO  tests.MainTests - Start test --->public void tests.Login.loginSuccessNew1()
10:46:58.891 INFO  manager.MyListener - 'Start find' element--->By.xpath: //a[text()=' Logout ']
10:47:03.948 INFO  manager.MyListener - The element with locator --->By.xpath: //a[text()=' Logout ']<----was found
10:47:03.951 INFO  manager.MyListener - 'Start find' element--->By.xpath: //a[text()=' Log in ']
10:47:03.979 INFO  manager.MyListener - The element with locator --->By.xpath: //a[text()=' Log in ']<----was found
10:47:04.069 INFO  manager.MyListener - 'Start find' element--->By.xpath: //input[@id='email']
10:47:04.088 INFO  manager.MyListener - The element with locator --->By.xpath: //input[@id='email']<----was found
10:47:04.292 INFO  manager.MyListener - 'Start find' element--->By.xpath: //input[@id='password']
10:47:04.306 INFO  manager.MyListener - The element with locator --->By.xpath: //input[@id='password']<----was found
10:47:04.440 INFO  manager.MyListener - 'Start find' element--->By.cssSelector: [type='submit']
10:47:04.461 INFO  manager.MyListener - The element with locator --->By.cssSelector: [type='submit']<----was found
10:47:04.564 INFO  manager.MyListener - 'Start find' element--->By.cssSelector: [type='submit']
10:47:04.575 INFO  manager.MyListener - The element with locator --->By.cssSelector: [type='submit']<----was found
10:47:05.630 INFO  manager.MyListener - 'Start find' element--->By.cssSelector: .dialog-container
10:47:10.693 INFO  manager.MyListener - We have a 'throwable' ---> no such element: Unable to locate element: {"method":"css selector","selector":".dialog-container"}
  (Session info: chrome=96.0.4664.110)
For documentation on this error, please visit: https://www.seleniumhq.org/exceptions/no_such_element.html
Build info: version: '3.141.59', revision: 'e82be7d358', time: '2018-11-14T08:17:03'
System info: host: 'desktopirina', ip: '127.0.1.1', os.name: 'Linux', os.arch: 'amd64', os.version: '5.14.0-1031-oem', java.version: '11.0.14.1'
Driver info: org.openqa.selenium.chrome.ChromeDriver
Capabilities {acceptInsecureCerts: false, browserName: chrome, browserVersion: 96.0.4664.110, chrome: {chromedriverVersion: 96.0.4664.45 (76e4c1bb2ab46..., userDataDir: /tmp/.com.google.Chrome.gRFmaA}, goog:chromeOptions: {debuggerAddress: localhost:34403}, javascriptEnabled: true, networkConnectionEnabled: false, pageLoadStrategy: normal, platform: LINUX, platformName: LINUX, proxy: Proxy(), setWindowRect: true, strictFileInteractability: false, timeouts: {implicit: 0, pageLoad: 300000, script: 30000}, unhandledPromptBehavior: dismiss and notify, webauthn:extension:credBlob: true, webauthn:extension:largeBlob: true, webauthn:virtualAuthenticators: true}
Session ID: 0c150625d975e08d3311b216e6802152
*** Element info: {Using=css selector, value=.dialog-container}
10:47:10.695 INFO  manager.MyListener - We have a 'throwable' ---> org.openqa.selenium.NoSuchElementException: no such element: Unable to locate element: {"method":"css selector","selector":".dialog-container"}
  (Session info: chrome=96.0.4664.110)
For documentation on this error, please visit: https://www.seleniumhq.org/exceptions/no_such_element.html
Build info: version: '3.141.59', revision: 'e82be7d358', time: '2018-11-14T08:17:03'
System info: host: 'desktopirina', ip: '127.0.1.1', os.name: 'Linux', os.arch: 'amd64', os.version: '5.14.0-1031-oem', java.version: '11.0.14.1'
Driver info: org.openqa.selenium.chrome.ChromeDriver
Capabilities {acceptInsecureCerts: false, browserName: chrome, browserVersion: 96.0.4664.110, chrome: {chromedriverVersion: 96.0.4664.45 (76e4c1bb2ab46..., userDataDir: /tmp/.com.google.Chrome.gRFmaA}, goog:chromeOptions: {debuggerAddress: localhost:34403}, javascriptEnabled: true, networkConnectionEnabled: false, pageLoadStrategy: normal, platform: LINUX, platformName: LINUX, proxy: Proxy(), setWindowRect: true, strictFileInteractability: false, timeouts: {implicit: 0, pageLoad: 300000, script: 30000}, unhandledPromptBehavior: dismiss and notify, webauthn:extension:credBlob: true, webauthn:extension:largeBlob: true, webauthn:virtualAuthenticators: true}
Session ID: 0c150625d975e08d3311b216e6802152
*** Element info: {Using=css selector, value=.dialog-container}
10:47:10.700 INFO  manager.MyListener - 'Start find' element--->By.xpath: //button[text()='Ok']
10:47:15.737 INFO  manager.MyListener - The element with locator --->By.xpath: //button[text()='Ok']<----was found
