22:54:38.533 INFO  manager.ApplicationManager - All tests start in ChromeDriver
22:54:40.250 INFO  manager.MyListener - 'Start find' element--->By.xpath: //a[text()=' Logout ']
22:54:45.300 INFO  manager.MyListener - The element with locator --->By.xpath: //a[text()=' Logout ']<----was found
22:54:45.304 INFO  tests.MainTests - start testloginModelCSVDataProvider
22:54:45.333 INFO  manager.MyListener - 'Start find' element--->By.xpath: //a[text()=' Log in ']
22:54:45.354 INFO  manager.MyListener - The element with locator --->By.xpath: //a[text()=' Log in ']<----was found
22:54:45.441 INFO  manager.MyListener - 'Start find' element--->By.id: email
22:54:45.464 INFO  manager.MyListener - The element with locator --->By.id: email<----was found
22:54:45.662 INFO  manager.MyListener - 'Start find' element--->By.id: password
22:54:45.691 INFO  manager.MyListener - The element with locator --->By.id: password<----was found
22:54:45.865 INFO  manager.MyListener - 'Start find' element--->By.cssSelector: [type='submit']
22:54:45.888 INFO  manager.MyListener - The element with locator --->By.cssSelector: [type='submit']<----was found
22:54:45.969 INFO  manager.MyListener - 'Start find' element--->By.cssSelector: [type='submit']
22:54:45.984 INFO  manager.MyListener - The element with locator --->By.cssSelector: [type='submit']<----was found
22:54:47.058 INFO  manager.MyListener - 'Start find' element--->By.cssSelector: .dialog-container
22:54:47.081 INFO  manager.MyListener - The element with locator --->By.cssSelector: .dialog-container<----was found
22:54:47.116 INFO  manager.MyListener - 'Start find' element--->By.cssSelector: .dialog-container h2
22:54:47.136 INFO  manager.MyListener - The element with locator --->By.cssSelector: .dialog-container h2<----was found
22:54:47.162 INFO  manager.MyListener - 'Start find' element--->By.xpath: //button[text()='Ok']
22:54:47.182 INFO  manager.MyListener - The element with locator --->By.xpath: //button[text()='Ok']<----was found
22:54:47.183 INFO  manager.MyListener - 'Start find' element--->By.xpath: //button[text()='Ok']
22:54:47.203 INFO  manager.MyListener - The element with locator --->By.xpath: //button[text()='Ok']<----was found
22:54:47.256 INFO  tests.MainTests - End of testloginModelCSVDataProvider
22:54:47.258 INFO  manager.MyListener - 'Start find' element--->By.xpath: //a[text()=' Logout ']
22:54:47.274 INFO  manager.MyListener - The element with locator --->By.xpath: //a[text()=' Logout ']<----was found
22:54:47.275 INFO  manager.MyListener - 'Start find' element--->By.xpath: //*[text()=' Logout ']
22:54:47.297 INFO  manager.MyListener - The element with locator --->By.xpath: //*[text()=' Logout ']<----was found
22:54:47.413 INFO  tests.MainTests - Test needs logout
22:54:47.415 INFO  tests.MainTests - start testloginModelCSVDataProvider
22:54:47.417 INFO  manager.MyListener - 'Start find' element--->By.xpath: //a[text()=' Log in ']
22:54:47.431 INFO  manager.MyListener - The element with locator --->By.xpath: //a[text()=' Log in ']<----was found
22:54:47.517 INFO  manager.MyListener - 'Start find' element--->By.id: email
22:54:47.534 INFO  manager.MyListener - The element with locator --->By.id: email<----was found
22:54:47.736 INFO  manager.MyListener - 'Start find' element--->By.id: password
22:54:47.752 INFO  manager.MyListener - The element with locator --->By.id: password<----was found
22:54:47.917 INFO  manager.MyListener - 'Start find' element--->By.cssSelector: [type='submit']
22:54:47.939 INFO  manager.MyListener - The element with locator --->By.cssSelector: [type='submit']<----was found
22:54:47.991 INFO  manager.MyListener - 'Start find' element--->By.cssSelector: [type='submit']
22:54:48.007 INFO  manager.MyListener - The element with locator --->By.cssSelector: [type='submit']<----was found
22:54:49.075 INFO  manager.MyListener - 'Start find' element--->By.cssSelector: .dialog-container
22:54:49.093 INFO  manager.MyListener - The element with locator --->By.cssSelector: .dialog-container<----was found
22:54:49.124 INFO  manager.MyListener - 'Start find' element--->By.cssSelector: .dialog-container h2
22:54:49.139 INFO  manager.MyListener - The element with locator --->By.cssSelector: .dialog-container h2<----was found
22:54:49.160 INFO  manager.MyListener - 'Start find' element--->By.xpath: //button[text()='Ok']
22:54:49.173 INFO  manager.MyListener - The element with locator --->By.xpath: //button[text()='Ok']<----was found
22:54:49.174 INFO  manager.MyListener - 'Start find' element--->By.xpath: //button[text()='Ok']
22:54:49.187 INFO  manager.MyListener - The element with locator --->By.xpath: //button[text()='Ok']<----was found
22:54:49.239 INFO  tests.MainTests - End of testloginModelCSVDataProvider
22:54:49.241 INFO  manager.MyListener - 'Start find' element--->By.xpath: //a[text()=' Logout ']
22:54:49.258 INFO  manager.MyListener - The element with locator --->By.xpath: //a[text()=' Logout ']<----was found
22:54:49.258 INFO  manager.MyListener - 'Start find' element--->By.xpath: //*[text()=' Logout ']
22:54:49.273 INFO  manager.MyListener - The element with locator --->By.xpath: //*[text()=' Logout ']<----was found
22:54:49.378 INFO  tests.MainTests - Test needs logout
22:54:49.380 INFO  tests.MainTests - start testloginModelCSVDataProvider
22:54:49.381 INFO  manager.MyListener - 'Start find' element--->By.xpath: //a[text()=' Log in ']
22:54:49.394 INFO  manager.MyListener - The element with locator --->By.xpath: //a[text()=' Log in ']<----was found
22:54:49.471 INFO  manager.MyListener - 'Start find' element--->By.id: email
22:54:49.487 INFO  manager.MyListener - The element with locator --->By.id: email<----was found
22:54:49.691 INFO  manager.MyListener - 'Start find' element--->By.id: password
22:54:49.706 INFO  manager.MyListener - The element with locator --->By.id: password<----was found
22:54:49.859 INFO  manager.MyListener - 'Start find' element--->By.cssSelector: [type='submit']
22:54:49.876 INFO  manager.MyListener - The element with locator --->By.cssSelector: [type='submit']<----was found
22:54:49.935 INFO  manager.MyListener - 'Start find' element--->By.cssSelector: [type='submit']
22:54:49.949 INFO  manager.MyListener - The element with locator --->By.cssSelector: [type='submit']<----was found
22:54:51.036 INFO  manager.MyListener - 'Start find' element--->By.cssSelector: .dialog-container
22:54:51.052 INFO  manager.MyListener - The element with locator --->By.cssSelector: .dialog-container<----was found
22:54:51.076 INFO  manager.MyListener - 'Start find' element--->By.cssSelector: .dialog-container h2
22:54:51.090 INFO  manager.MyListener - The element with locator --->By.cssSelector: .dialog-container h2<----was found
22:54:51.116 INFO  manager.MyListener - 'Start find' element--->By.xpath: //button[text()='Ok']
22:54:51.126 INFO  manager.MyListener - The element with locator --->By.xpath: //button[text()='Ok']<----was found
22:54:51.126 INFO  manager.MyListener - 'Start find' element--->By.xpath: //button[text()='Ok']
22:54:51.134 INFO  manager.MyListener - The element with locator --->By.xpath: //button[text()='Ok']<----was found
22:54:51.181 INFO  tests.MainTests - End of testloginModelCSVDataProvider
22:54:51.186 INFO  manager.MyListener - 'Start find' element--->By.xpath: //a[text()=' Logout ']
22:54:51.201 INFO  manager.MyListener - The element with locator --->By.xpath: //a[text()=' Logout ']<----was found
22:54:51.202 INFO  manager.MyListener - 'Start find' element--->By.xpath: //*[text()=' Logout ']
22:54:51.214 INFO  manager.MyListener - The element with locator --->By.xpath: //*[text()=' Logout ']<----was found
22:54:51.306 INFO  tests.MainTests - Test needs logout
22:54:51.308 INFO  tests.MainTests - start testloginModelDataProvider
22:54:51.309 INFO  manager.MyListener - 'Start find' element--->By.xpath: //a[text()=' Log in ']
22:54:51.321 INFO  manager.MyListener - The element with locator --->By.xpath: //a[text()=' Log in ']<----was found
22:54:51.407 INFO  manager.MyListener - 'Start find' element--->By.id: email
22:54:51.424 INFO  manager.MyListener - The element with locator --->By.id: email<----was found
22:54:51.626 INFO  manager.MyListener - 'Start find' element--->By.id: password
22:54:51.641 INFO  manager.MyListener - The element with locator --->By.id: password<----was found
22:54:51.795 INFO  manager.MyListener - 'Start find' element--->By.cssSelector: [type='submit']
22:54:51.807 INFO  manager.MyListener - The element with locator --->By.cssSelector: [type='submit']<----was found
22:54:51.901 INFO  manager.MyListener - 'Start find' element--->By.cssSelector: [type='submit']
22:54:51.916 INFO  manager.MyListener - The element with locator --->By.cssSelector: [type='submit']<----was found
22:54:52.979 INFO  manager.MyListener - 'Start find' element--->By.cssSelector: .dialog-container
22:54:52.999 INFO  manager.MyListener - The element with locator --->By.cssSelector: .dialog-container<----was found
22:54:53.030 INFO  manager.MyListener - 'Start find' element--->By.cssSelector: .dialog-container h2
22:54:53.044 INFO  manager.MyListener - The element with locator --->By.cssSelector: .dialog-container h2<----was found
22:54:53.070 INFO  manager.MyListener - 'Start find' element--->By.xpath: //button[text()='Ok']
22:54:53.082 INFO  manager.MyListener - The element with locator --->By.xpath: //button[text()='Ok']<----was found
22:54:53.083 INFO  manager.MyListener - 'Start find' element--->By.xpath: //button[text()='Ok']
22:54:53.094 INFO  manager.MyListener - The element with locator --->By.xpath: //button[text()='Ok']<----was found
22:54:53.148 INFO  tests.MainTests - End of testloginModelDataProvider
22:54:53.150 INFO  manager.MyListener - 'Start find' element--->By.xpath: //a[text()=' Logout ']
22:54:53.165 INFO  manager.MyListener - The element with locator --->By.xpath: //a[text()=' Logout ']<----was found
22:54:53.165 INFO  manager.MyListener - 'Start find' element--->By.xpath: //*[text()=' Logout ']
22:54:53.177 INFO  manager.MyListener - The element with locator --->By.xpath: //*[text()=' Logout ']<----was found
22:54:53.271 INFO  tests.MainTests - Test needs logout
22:54:53.273 INFO  tests.MainTests - start testloginModelDataProvider
22:54:53.274 INFO  manager.MyListener - 'Start find' element--->By.xpath: //a[text()=' Log in ']
22:54:53.287 INFO  manager.MyListener - The element with locator --->By.xpath: //a[text()=' Log in ']<----was found
22:54:53.367 INFO  manager.MyListener - 'Start find' element--->By.id: email
22:54:53.383 INFO  manager.MyListener - The element with locator --->By.id: email<----was found
22:54:53.580 INFO  manager.MyListener - 'Start find' element--->By.id: password
22:54:53.593 INFO  manager.MyListener - The element with locator --->By.id: password<----was found
22:54:53.759 INFO  manager.MyListener - 'Start find' element--->By.cssSelector: [type='submit']
22:54:53.777 INFO  manager.MyListener - The element with locator --->By.cssSelector: [type='submit']<----was found
22:54:53.868 INFO  manager.MyListener - 'Start find' element--->By.cssSelector: [type='submit']
22:54:53.883 INFO  manager.MyListener - The element with locator --->By.cssSelector: [type='submit']<----was found
22:54:54.946 INFO  manager.MyListener - 'Start find' element--->By.cssSelector: .dialog-container
22:54:54.962 INFO  manager.MyListener - The element with locator --->By.cssSelector: .dialog-container<----was found
22:54:55.031 INFO  manager.MyListener - 'Start find' element--->By.cssSelector: .dialog-container h2
22:54:55.046 INFO  manager.MyListener - The element with locator --->By.cssSelector: .dialog-container h2<----was found
22:54:55.069 INFO  manager.MyListener - 'Start find' element--->By.xpath: //button[text()='Ok']
22:54:55.084 INFO  manager.MyListener - The element with locator --->By.xpath: //button[text()='Ok']<----was found
22:54:55.084 INFO  manager.MyListener - 'Start find' element--->By.xpath: //button[text()='Ok']
22:54:55.095 INFO  manager.MyListener - The element with locator --->By.xpath: //button[text()='Ok']<----was found
22:54:55.146 INFO  tests.MainTests - End of testloginModelDataProvider
22:54:55.148 INFO  manager.MyListener - 'Start find' element--->By.xpath: //a[text()=' Logout ']
22:54:55.161 INFO  manager.MyListener - The element with locator --->By.xpath: //a[text()=' Logout ']<----was found
22:54:55.161 INFO  manager.MyListener - 'Start find' element--->By.xpath: //*[text()=' Logout ']
22:54:55.174 INFO  manager.MyListener - The element with locator --->By.xpath: //*[text()=' Logout ']<----was found
22:54:55.258 INFO  tests.MainTests - Test needs logout
22:54:55.259 INFO  tests.MainTests - start testloginModelDataProvider
22:54:55.260 INFO  manager.MyListener - 'Start find' element--->By.xpath: //a[text()=' Log in ']
22:54:55.275 INFO  manager.MyListener - The element with locator --->By.xpath: //a[text()=' Log in ']<----was found
22:54:55.353 INFO  manager.MyListener - 'Start find' element--->By.id: email
22:54:55.374 INFO  manager.MyListener - The element with locator --->By.id: email<----was found
22:54:55.571 INFO  manager.MyListener - 'Start find' element--->By.id: password
22:54:55.584 INFO  manager.MyListener - The element with locator --->By.id: password<----was found
22:54:55.753 INFO  manager.MyListener - 'Start find' element--->By.cssSelector: [type='submit']
22:54:55.768 INFO  manager.MyListener - The element with locator --->By.cssSelector: [type='submit']<----was found
22:54:55.806 INFO  manager.MyListener - 'Start find' element--->By.cssSelector: [type='submit']
22:54:55.819 INFO  manager.MyListener - The element with locator --->By.cssSelector: [type='submit']<----was found
22:54:56.894 INFO  manager.MyListener - 'Start find' element--->By.cssSelector: .dialog-container
22:54:56.909 INFO  manager.MyListener - The element with locator --->By.cssSelector: .dialog-container<----was found
22:54:56.934 INFO  manager.MyListener - 'Start find' element--->By.cssSelector: .dialog-container h2
22:54:56.946 INFO  manager.MyListener - The element with locator --->By.cssSelector: .dialog-container h2<----was found
22:54:56.970 INFO  manager.MyListener - 'Start find' element--->By.xpath: //button[text()='Ok']
22:54:56.982 INFO  manager.MyListener - The element with locator --->By.xpath: //button[text()='Ok']<----was found
22:54:56.982 INFO  manager.MyListener - 'Start find' element--->By.xpath: //button[text()='Ok']
22:54:56.993 INFO  manager.MyListener - The element with locator --->By.xpath: //button[text()='Ok']<----was found
22:54:57.050 INFO  tests.MainTests - End of testloginModelDataProvider
22:54:57.052 INFO  manager.MyListener - 'Start find' element--->By.xpath: //a[text()=' Logout ']
22:54:57.067 INFO  manager.MyListener - The element with locator --->By.xpath: //a[text()=' Logout ']<----was found
22:54:57.067 INFO  manager.MyListener - 'Start find' element--->By.xpath: //*[text()=' Logout ']
22:54:57.081 INFO  manager.MyListener - The element with locator --->By.xpath: //*[text()=' Logout ']<----was found
22:54:57.207 INFO  tests.MainTests - Test needs logout
22:54:57.209 INFO  tests.MainTests - start testloginModelDataProvider
22:54:57.210 INFO  manager.MyListener - 'Start find' element--->By.xpath: //a[text()=' Log in ']
22:54:57.224 INFO  manager.MyListener - The element with locator --->By.xpath: //a[text()=' Log in ']<----was found
22:54:57.302 INFO  manager.MyListener - 'Start find' element--->By.id: email
22:54:57.315 INFO  manager.MyListener - The element with locator --->By.id: email<----was found
22:54:57.523 INFO  manager.MyListener - 'Start find' element--->By.id: password
22:54:57.537 INFO  manager.MyListener - The element with locator --->By.id: password<----was found
22:54:57.700 INFO  manager.MyListener - 'Start find' element--->By.cssSelector: [type='submit']
22:54:57.710 INFO  manager.MyListener - The element with locator --->By.cssSelector: [type='submit']<----was found
22:54:57.757 INFO  manager.MyListener - 'Start find' element--->By.cssSelector: [type='submit']
22:54:57.772 INFO  manager.MyListener - The element with locator --->By.cssSelector: [type='submit']<----was found
22:54:58.836 INFO  manager.MyListener - 'Start find' element--->By.cssSelector: .dialog-container
22:54:58.853 INFO  manager.MyListener - The element with locator --->By.cssSelector: .dialog-container<----was found
22:54:58.877 INFO  manager.MyListener - 'Start find' element--->By.cssSelector: .dialog-container h2
22:54:58.889 INFO  manager.MyListener - The element with locator --->By.cssSelector: .dialog-container h2<----was found
22:54:58.911 INFO  manager.MyListener - 'Start find' element--->By.xpath: //button[text()='Ok']
22:54:58.923 INFO  manager.MyListener - The element with locator --->By.xpath: //button[text()='Ok']<----was found
22:54:58.923 INFO  manager.MyListener - 'Start find' element--->By.xpath: //button[text()='Ok']
22:54:58.935 INFO  manager.MyListener - The element with locator --->By.xpath: //button[text()='Ok']<----was found
22:54:58.988 INFO  tests.MainTests - End of testloginModelDataProvider
22:54:58.991 INFO  manager.MyListener - 'Start find' element--->By.xpath: //a[text()=' Logout ']
22:54:59.006 INFO  manager.MyListener - The element with locator --->By.xpath: //a[text()=' Logout ']<----was found
22:54:59.007 INFO  manager.MyListener - 'Start find' element--->By.xpath: //*[text()=' Logout ']
22:54:59.019 INFO  manager.MyListener - The element with locator --->By.xpath: //*[text()=' Logout ']<----was found
22:54:59.135 INFO  tests.MainTests - Test needs logout
22:54:59.136 INFO  tests.MainTests - start testloginSuccessModel
22:54:59.138 INFO  manager.MyListener - 'Start find' element--->By.xpath: //a[text()=' Log in ']
22:54:59.149 INFO  manager.MyListener - The element with locator --->By.xpath: //a[text()=' Log in ']<----was found
22:54:59.227 INFO  manager.MyListener - 'Start find' element--->By.id: email
22:54:59.240 INFO  manager.MyListener - The element with locator --->By.id: email<----was found
22:54:59.435 INFO  manager.MyListener - 'Start find' element--->By.id: password
22:54:59.450 INFO  manager.MyListener - The element with locator --->By.id: password<----was found
22:54:59.599 INFO  manager.MyListener - 'Start find' element--->By.cssSelector: [type='submit']
22:54:59.610 INFO  manager.MyListener - The element with locator --->By.cssSelector: [type='submit']<----was found
22:54:59.658 INFO  manager.MyListener - 'Start find' element--->By.cssSelector: [type='submit']
22:54:59.671 INFO  manager.MyListener - The element with locator --->By.cssSelector: [type='submit']<----was found
22:55:00.741 INFO  manager.MyListener - 'Start find' element--->By.cssSelector: .dialog-container
22:55:00.758 INFO  manager.MyListener - The element with locator --->By.cssSelector: .dialog-container<----was found
22:55:00.784 INFO  manager.MyListener - 'Start find' element--->By.cssSelector: .dialog-container h2
22:55:00.797 INFO  manager.MyListener - The element with locator --->By.cssSelector: .dialog-container h2<----was found
22:55:00.819 INFO  manager.MyListener - 'Start find' element--->By.xpath: //button[text()='Ok']
22:55:00.834 INFO  manager.MyListener - The element with locator --->By.xpath: //button[text()='Ok']<----was found
22:55:00.835 INFO  manager.MyListener - 'Start find' element--->By.xpath: //button[text()='Ok']
22:55:00.847 INFO  manager.MyListener - The element with locator --->By.xpath: //button[text()='Ok']<----was found
22:55:00.898 INFO  tests.MainTests - End of testloginSuccessModel
22:55:00.902 INFO  manager.MyListener - 'Start find' element--->By.xpath: //a[text()=' Logout ']
22:55:00.917 INFO  manager.MyListener - The element with locator --->By.xpath: //a[text()=' Logout ']<----was found
22:55:00.918 INFO  manager.MyListener - 'Start find' element--->By.xpath: //*[text()=' Logout ']
22:55:00.929 INFO  manager.MyListener - The element with locator --->By.xpath: //*[text()=' Logout ']<----was found
22:55:01.020 INFO  tests.MainTests - Test needs logout
22:55:01.021 INFO  tests.MainTests - start testloginSuccessNew
22:55:01.023 INFO  tests.MainTests - Start test 'loginSuccessNew' 
22:55:01.034 INFO  tests.MainTests - The test starts with emailmissira85@gmail.comand password Irinka777$
22:55:01.034 INFO  manager.MyListener - 'Start find' element--->By.xpath: //a[text()=' Log in ']
22:55:01.046 INFO  manager.MyListener - The element with locator --->By.xpath: //a[text()=' Log in ']<----was found
22:55:01.129 INFO  manager.MyListener - 'Start find' element--->By.xpath: //input[@id='email']
22:55:01.152 INFO  manager.MyListener - The element with locator --->By.xpath: //input[@id='email']<----was found
22:55:01.340 INFO  manager.MyListener - 'Start find' element--->By.xpath: //input[@id='password']
22:55:01.356 INFO  manager.MyListener - The element with locator --->By.xpath: //input[@id='password']<----was found
22:55:01.532 INFO  manager.MyListener - 'Start find' element--->By.cssSelector: [type='submit']
22:55:01.543 INFO  manager.MyListener - The element with locator --->By.cssSelector: [type='submit']<----was found
22:55:01.587 INFO  manager.MyListener - 'Start find' element--->By.cssSelector: [type='submit']
22:55:01.602 INFO  manager.MyListener - The element with locator --->By.cssSelector: [type='submit']<----was found
22:55:02.670 INFO  manager.MyListener - 'Start find' element--->By.cssSelector: .dialog-container
22:55:02.685 INFO  manager.MyListener - The element with locator --->By.cssSelector: .dialog-container<----was found
22:55:02.710 INFO  manager.MyListener - 'Start find' element--->By.cssSelector: .dialog-container h2
22:55:02.722 INFO  manager.MyListener - The element with locator --->By.cssSelector: .dialog-container h2<----was found
22:55:02.745 INFO  tests.MainTests - Test 'loginSuccessNew' passed successfully
22:55:02.746 INFO  manager.MyListener - 'Start find' element--->By.xpath: //button[text()='Ok']
22:55:02.757 INFO  manager.MyListener - The element with locator --->By.xpath: //button[text()='Ok']<----was found
22:55:02.758 INFO  manager.MyListener - 'Start find' element--->By.xpath: //button[text()='Ok']
22:55:02.768 INFO  manager.MyListener - The element with locator --->By.xpath: //button[text()='Ok']<----was found
22:55:02.819 INFO  tests.MainTests - End of testloginSuccessNew
22:55:02.821 INFO  manager.MyListener - 'Start find' element--->By.xpath: //a[text()=' Logout ']
22:55:02.834 INFO  manager.MyListener - The element with locator --->By.xpath: //a[text()=' Logout ']<----was found
22:55:02.835 INFO  manager.MyListener - 'Start find' element--->By.xpath: //*[text()=' Logout ']
22:55:02.849 INFO  manager.MyListener - The element with locator --->By.xpath: //*[text()=' Logout ']<----was found
22:55:02.955 INFO  tests.MainTests - Test needs logout
22:55:02.957 INFO  tests.MainTests - start testloginSuccessNew
22:55:02.958 INFO  tests.MainTests - Start test 'loginSuccessNew' 
22:55:02.958 INFO  tests.MainTests - The test starts with emailmissira85@gmail.comand password Irinka777$
22:55:02.958 INFO  manager.MyListener - 'Start find' element--->By.xpath: //a[text()=' Log in ']
22:55:02.971 INFO  manager.MyListener - The element with locator --->By.xpath: //a[text()=' Log in ']<----was found
22:55:03.064 INFO  manager.MyListener - 'Start find' element--->By.xpath: //input[@id='email']
22:55:03.076 INFO  manager.MyListener - The element with locator --->By.xpath: //input[@id='email']<----was found
22:55:03.304 INFO  manager.MyListener - 'Start find' element--->By.xpath: //input[@id='password']
22:55:03.318 INFO  manager.MyListener - The element with locator --->By.xpath: //input[@id='password']<----was found
22:55:03.472 INFO  manager.MyListener - 'Start find' element--->By.cssSelector: [type='submit']
22:55:03.485 INFO  manager.MyListener - The element with locator --->By.cssSelector: [type='submit']<----was found
22:55:03.569 INFO  manager.MyListener - 'Start find' element--->By.cssSelector: [type='submit']
22:55:03.585 INFO  manager.MyListener - The element with locator --->By.cssSelector: [type='submit']<----was found
22:55:04.651 INFO  manager.MyListener - 'Start find' element--->By.cssSelector: .dialog-container
22:55:04.666 INFO  manager.MyListener - The element with locator --->By.cssSelector: .dialog-container<----was found
22:55:04.693 INFO  manager.MyListener - 'Start find' element--->By.cssSelector: .dialog-container h2
22:55:04.706 INFO  manager.MyListener - The element with locator --->By.cssSelector: .dialog-container h2<----was found
22:55:04.729 INFO  tests.MainTests - Test 'loginSuccessNew' passed successfully
22:55:04.731 INFO  manager.MyListener - 'Start find' element--->By.xpath: //button[text()='Ok']
22:55:04.744 INFO  manager.MyListener - The element with locator --->By.xpath: //button[text()='Ok']<----was found
22:55:04.744 INFO  manager.MyListener - 'Start find' element--->By.xpath: //button[text()='Ok']
22:55:04.757 INFO  manager.MyListener - The element with locator --->By.xpath: //button[text()='Ok']<----was found
22:55:04.816 INFO  tests.MainTests - End of testloginSuccessNew
22:55:04.819 INFO  manager.MyListener - 'Start find' element--->By.xpath: //a[text()=' Logout ']
22:55:04.834 INFO  manager.MyListener - The element with locator --->By.xpath: //a[text()=' Logout ']<----was found
22:55:04.835 INFO  manager.MyListener - 'Start find' element--->By.xpath: //*[text()=' Logout ']
22:55:04.848 INFO  manager.MyListener - The element with locator --->By.xpath: //*[text()=' Logout ']<----was found
22:55:04.981 INFO  tests.MainTests - Test needs logout
22:55:04.983 INFO  tests.MainTests - start testloginSuccessNew
22:55:04.984 INFO  tests.MainTests - Start test 'loginSuccessNew' 
22:55:04.984 INFO  tests.MainTests - The test starts with emailmissira85@gmail.comand password Irinka777$
22:55:04.985 INFO  manager.MyListener - 'Start find' element--->By.xpath: //a[text()=' Log in ']
22:55:05.002 INFO  manager.MyListener - The element with locator --->By.xpath: //a[text()=' Log in ']<----was found
22:55:05.084 INFO  manager.MyListener - 'Start find' element--->By.xpath: //input[@id='email']
22:55:05.100 INFO  manager.MyListener - The element with locator --->By.xpath: //input[@id='email']<----was found
22:55:05.325 INFO  manager.MyListener - 'Start find' element--->By.xpath: //input[@id='password']
22:55:05.351 INFO  manager.MyListener - The element with locator --->By.xpath: //input[@id='password']<----was found
22:55:05.523 INFO  manager.MyListener - 'Start find' element--->By.cssSelector: [type='submit']
22:55:05.548 INFO  manager.MyListener - The element with locator --->By.cssSelector: [type='submit']<----was found
22:55:05.600 INFO  manager.MyListener - 'Start find' element--->By.cssSelector: [type='submit']
22:55:05.612 INFO  manager.MyListener - The element with locator --->By.cssSelector: [type='submit']<----was found
22:55:06.677 INFO  manager.MyListener - 'Start find' element--->By.cssSelector: .dialog-container
22:55:06.692 INFO  manager.MyListener - The element with locator --->By.cssSelector: .dialog-container<----was found
22:55:06.718 INFO  manager.MyListener - 'Start find' element--->By.cssSelector: .dialog-container h2
22:55:06.730 INFO  manager.MyListener - The element with locator --->By.cssSelector: .dialog-container h2<----was found
22:55:06.752 INFO  tests.MainTests - Test 'loginSuccessNew' passed successfully
22:55:06.753 INFO  manager.MyListener - 'Start find' element--->By.xpath: //button[text()='Ok']
22:55:06.766 INFO  manager.MyListener - The element with locator --->By.xpath: //button[text()='Ok']<----was found
22:55:06.767 INFO  manager.MyListener - 'Start find' element--->By.xpath: //button[text()='Ok']
22:55:06.779 INFO  manager.MyListener - The element with locator --->By.xpath: //button[text()='Ok']<----was found
22:55:06.832 INFO  tests.MainTests - End of testloginSuccessNew
22:55:06.834 INFO  manager.MyListener - 'Start find' element--->By.xpath: //a[text()=' Logout ']
22:55:06.849 INFO  manager.MyListener - The element with locator --->By.xpath: //a[text()=' Logout ']<----was found
22:55:06.849 INFO  manager.MyListener - 'Start find' element--->By.xpath: //*[text()=' Logout ']
22:55:06.859 INFO  manager.MyListener - The element with locator --->By.xpath: //*[text()=' Logout ']<----was found
22:55:06.957 INFO  tests.MainTests - Test needs logout
22:55:06.958 INFO  tests.MainTests - start testloginSuccessNew
22:55:06.959 INFO  tests.MainTests - Start test 'loginSuccessNew' 
22:55:06.959 INFO  tests.MainTests - The test starts with emailmissira85@gmail.comand password Irinka777$
22:55:06.960 INFO  manager.MyListener - 'Start find' element--->By.xpath: //a[text()=' Log in ']
22:55:06.974 INFO  manager.MyListener - The element with locator --->By.xpath: //a[text()=' Log in ']<----was found
22:55:07.053 INFO  manager.MyListener - 'Start find' element--->By.xpath: //input[@id='email']
22:55:07.066 INFO  manager.MyListener - The element with locator --->By.xpath: //input[@id='email']<----was found
22:55:07.273 INFO  manager.MyListener - 'Start find' element--->By.xpath: //input[@id='password']
22:55:07.285 INFO  manager.MyListener - The element with locator --->By.xpath: //input[@id='password']<----was found
22:55:07.442 INFO  manager.MyListener - 'Start find' element--->By.cssSelector: [type='submit']
22:55:07.454 INFO  manager.MyListener - The element with locator --->By.cssSelector: [type='submit']<----was found
22:55:07.506 INFO  manager.MyListener - 'Start find' element--->By.cssSelector: [type='submit']
22:55:07.520 INFO  manager.MyListener - The element with locator --->By.cssSelector: [type='submit']<----was found
22:55:08.595 INFO  manager.MyListener - 'Start find' element--->By.cssSelector: .dialog-container
22:55:08.610 INFO  manager.MyListener - The element with locator --->By.cssSelector: .dialog-container<----was found
22:55:08.636 INFO  manager.MyListener - 'Start find' element--->By.cssSelector: .dialog-container h2
22:55:08.650 INFO  manager.MyListener - The element with locator --->By.cssSelector: .dialog-container h2<----was found
22:55:08.672 INFO  tests.MainTests - Test 'loginSuccessNew' passed successfully
22:55:08.674 INFO  manager.MyListener - 'Start find' element--->By.xpath: //button[text()='Ok']
22:55:08.688 INFO  manager.MyListener - The element with locator --->By.xpath: //button[text()='Ok']<----was found
22:55:08.689 INFO  manager.MyListener - 'Start find' element--->By.xpath: //button[text()='Ok']
22:55:08.701 INFO  manager.MyListener - The element with locator --->By.xpath: //button[text()='Ok']<----was found
22:55:08.766 INFO  tests.MainTests - End of testloginSuccessNew
22:55:08.768 INFO  manager.MyListener - 'Start find' element--->By.xpath: //a[text()=' Logout ']
22:55:08.790 INFO  manager.MyListener - The element with locator --->By.xpath: //a[text()=' Logout ']<----was found
22:55:08.791 INFO  manager.MyListener - 'Start find' element--->By.xpath: //*[text()=' Logout ']
22:55:08.812 INFO  manager.MyListener - The element with locator --->By.xpath: //*[text()=' Logout ']<----was found
22:55:08.969 INFO  tests.MainTests - Test needs logout
22:55:08.971 INFO  tests.MainTests - start testloginSuccessNew1
22:55:08.974 INFO  tests.MainTests - Testing 'loginSuccessNew1' 
22:55:08.974 INFO  manager.MyListener - 'Start find' element--->By.xpath: //a[text()=' Log in ']
22:55:08.998 INFO  manager.MyListener - The element with locator --->By.xpath: //a[text()=' Log in ']<----was found
22:55:09.092 INFO  manager.MyListener - 'Start find' element--->By.xpath: //input[@id='email']
22:55:09.112 INFO  manager.MyListener - The element with locator --->By.xpath: //input[@id='email']<----was found
22:55:09.363 INFO  manager.MyListener - 'Start find' element--->By.xpath: //input[@id='password']
22:55:09.385 INFO  manager.MyListener - The element with locator --->By.xpath: //input[@id='password']<----was found
22:55:09.601 INFO  manager.MyListener - 'Start find' element--->By.cssSelector: [type='submit']
22:55:09.624 INFO  manager.MyListener - The element with locator --->By.cssSelector: [type='submit']<----was found
22:55:09.742 INFO  manager.MyListener - 'Start find' element--->By.cssSelector: [type='submit']
22:55:09.770 INFO  manager.MyListener - The element with locator --->By.cssSelector: [type='submit']<----was found
22:55:10.952 INFO  manager.MyListener - 'Start find' element--->By.cssSelector: .dialog-container
22:55:10.966 INFO  manager.MyListener - The element with locator --->By.cssSelector: .dialog-container<----was found
22:55:10.996 INFO  manager.MyListener - 'Start find' element--->By.cssSelector: .dialog-container h2
22:55:11.009 INFO  manager.MyListener - The element with locator --->By.cssSelector: .dialog-container h2<----was found
22:55:11.034 INFO  tests.MainTests - Test 'loginSuccessNew1' passed successfully
22:55:11.035 INFO  manager.MyListener - 'Start find' element--->By.xpath: //button[text()='Ok']
22:55:11.049 INFO  manager.MyListener - The element with locator --->By.xpath: //button[text()='Ok']<----was found
22:55:11.050 INFO  manager.MyListener - 'Start find' element--->By.xpath: //button[text()='Ok']
22:55:11.061 INFO  manager.MyListener - The element with locator --->By.xpath: //button[text()='Ok']<----was found
22:55:11.113 INFO  tests.MainTests - End of testloginSuccessNew1
