22:48:07.885 INFO  manager.ApplicationManager - All tests start in ChromeDriver
22:48:09.749 INFO  manager.MyListener - 'Start find' element--->By.xpath: //a[text()=' Logout ']
22:48:14.814 INFO  manager.MyListener - The element with locator --->By.xpath: //a[text()=' Logout ']<----was found
22:48:14.818 INFO  tests.MainTests - start testloginModelDataProvider
22:48:14.852 INFO  manager.MyListener - 'Start find' element--->By.xpath: //a[text()=' Log in ']
22:48:14.874 INFO  manager.MyListener - The element with locator --->By.xpath: //a[text()=' Log in ']<----was found
22:48:14.958 INFO  manager.MyListener - 'Start find' element--->By.id: email
22:48:14.984 INFO  manager.MyListener - The element with locator --->By.id: email<----was found
22:48:15.214 INFO  manager.MyListener - 'Start find' element--->By.id: password
22:48:15.238 INFO  manager.MyListener - The element with locator --->By.id: password<----was found
22:48:15.405 INFO  manager.MyListener - 'Start find' element--->By.cssSelector: [type='submit']
22:48:15.423 INFO  manager.MyListener - The element with locator --->By.cssSelector: [type='submit']<----was found
22:48:15.503 INFO  manager.MyListener - 'Start find' element--->By.cssSelector: [type='submit']
22:48:15.517 INFO  manager.MyListener - The element with locator --->By.cssSelector: [type='submit']<----was found
22:48:16.590 INFO  manager.MyListener - 'Start find' element--->By.xpath: //button[text()='Ok']
22:48:16.620 INFO  manager.MyListener - The element with locator --->By.xpath: //button[text()='Ok']<----was found
22:48:16.621 INFO  manager.MyListener - 'Start find' element--->By.xpath: //button[text()='Ok']
22:48:16.651 INFO  manager.MyListener - The element with locator --->By.xpath: //button[text()='Ok']<----was found
22:48:16.705 INFO  tests.MainTests - End of testloginModelDataProvider
22:48:16.707 INFO  manager.MyListener - 'Start find' element--->By.xpath: //a[text()=' Logout ']
22:48:16.723 INFO  manager.MyListener - The element with locator --->By.xpath: //a[text()=' Logout ']<----was found
22:48:16.723 INFO  manager.MyListener - 'Start find' element--->By.xpath: //*[text()=' Logout ']
22:48:16.744 INFO  manager.MyListener - The element with locator --->By.xpath: //*[text()=' Logout ']<----was found
22:48:16.858 INFO  tests.MainTests - Test needs logout
22:48:16.861 INFO  tests.MainTests - start testloginModelDataProvider
22:48:16.863 INFO  manager.MyListener - 'Start find' element--->By.xpath: //a[text()=' Log in ']
22:48:16.877 INFO  manager.MyListener - The element with locator --->By.xpath: //a[text()=' Log in ']<----was found
22:48:16.955 INFO  manager.MyListener - 'Start find' element--->By.id: email
22:48:16.970 INFO  manager.MyListener - The element with locator --->By.id: email<----was found
22:48:17.163 INFO  manager.MyListener - 'Start find' element--->By.id: password
22:48:17.179 INFO  manager.MyListener - The element with locator --->By.id: password<----was found
22:48:17.343 INFO  manager.MyListener - 'Start find' element--->By.cssSelector: [type='submit']
22:48:17.358 INFO  manager.MyListener - The element with locator --->By.cssSelector: [type='submit']<----was found
22:48:17.409 INFO  manager.MyListener - 'Start find' element--->By.cssSelector: [type='submit']
22:48:17.423 INFO  manager.MyListener - The element with locator --->By.cssSelector: [type='submit']<----was found
22:48:18.491 INFO  manager.MyListener - 'Start find' element--->By.xpath: //button[text()='Ok']
22:48:18.511 INFO  manager.MyListener - The element with locator --->By.xpath: //button[text()='Ok']<----was found
22:48:18.511 INFO  manager.MyListener - 'Start find' element--->By.xpath: //button[text()='Ok']
22:48:18.526 INFO  manager.MyListener - The element with locator --->By.xpath: //button[text()='Ok']<----was found
22:48:18.581 INFO  tests.MainTests - End of testloginModelDataProvider
22:48:18.583 INFO  manager.MyListener - 'Start find' element--->By.xpath: //a[text()=' Logout ']
22:48:23.603 INFO  manager.MyListener - The element with locator --->By.xpath: //a[text()=' Logout ']<----was found
22:48:23.605 INFO  tests.MainTests - start testloginModelDataProvider
22:48:23.606 INFO  manager.MyListener - 'Start find' element--->By.xpath: //a[text()=' Log in ']
22:48:23.621 INFO  manager.MyListener - The element with locator --->By.xpath: //a[text()=' Log in ']<----was found
22:48:23.665 INFO  manager.MyListener - 'Start find' element--->By.id: email
22:48:23.682 INFO  manager.MyListener - The element with locator --->By.id: email<----was found
22:48:23.822 INFO  manager.MyListener - 'Start find' element--->By.id: password
22:48:23.836 INFO  manager.MyListener - The element with locator --->By.id: password<----was found
22:48:23.989 INFO  manager.MyListener - 'Start find' element--->By.cssSelector: [type='submit']
22:48:24.006 INFO  manager.MyListener - The element with locator --->By.cssSelector: [type='submit']<----was found
22:48:24.044 INFO  manager.MyListener - 'Start find' element--->By.cssSelector: [type='submit']
22:48:24.058 INFO  manager.MyListener - The element with locator --->By.cssSelector: [type='submit']<----was found
22:48:25.101 INFO  manager.MyListener - 'Start find' element--->By.xpath: //button[text()='Ok']
22:48:25.119 INFO  manager.MyListener - The element with locator --->By.xpath: //button[text()='Ok']<----was found
22:48:25.120 INFO  manager.MyListener - 'Start find' element--->By.xpath: //button[text()='Ok']
22:48:25.136 INFO  manager.MyListener - The element with locator --->By.xpath: //button[text()='Ok']<----was found
22:48:25.187 INFO  tests.MainTests - End of testloginModelDataProvider
22:48:25.190 INFO  manager.MyListener - 'Start find' element--->By.xpath: //a[text()=' Logout ']
22:48:30.203 INFO  manager.MyListener - The element with locator --->By.xpath: //a[text()=' Logout ']<----was found
22:48:30.204 INFO  tests.MainTests - start testloginModelDataProvider
22:48:30.205 INFO  manager.MyListener - 'Start find' element--->By.xpath: //a[text()=' Log in ']
22:48:30.219 INFO  manager.MyListener - The element with locator --->By.xpath: //a[text()=' Log in ']<----was found
22:48:30.258 INFO  manager.MyListener - 'Start find' element--->By.id: email
22:48:30.271 INFO  manager.MyListener - The element with locator --->By.id: email<----was found
22:48:30.426 INFO  manager.MyListener - 'Start find' element--->By.id: password
22:48:30.438 INFO  manager.MyListener - The element with locator --->By.id: password<----was found
22:48:30.571 INFO  manager.MyListener - 'Start find' element--->By.cssSelector: [type='submit']
22:48:30.583 INFO  manager.MyListener - The element with locator --->By.cssSelector: [type='submit']<----was found
22:48:30.662 INFO  manager.MyListener - 'Start find' element--->By.cssSelector: [type='submit']
22:48:30.675 INFO  manager.MyListener - The element with locator --->By.cssSelector: [type='submit']<----was found
22:48:31.719 INFO  manager.MyListener - 'Start find' element--->By.xpath: //button[text()='Ok']
22:48:31.736 INFO  manager.MyListener - The element with locator --->By.xpath: //button[text()='Ok']<----was found
22:48:31.736 INFO  manager.MyListener - 'Start find' element--->By.xpath: //button[text()='Ok']
22:48:31.751 INFO  manager.MyListener - The element with locator --->By.xpath: //button[text()='Ok']<----was found
22:48:31.807 INFO  tests.MainTests - End of testloginModelDataProvider
